{"C:\\Users\\QAKrisDuff\\Documents\\Github\\QA\\bursaryproject\\React\\_tests_\\setupTest.js": {"path":"C:\\Users\\QAKrisDuff\\Documents\\Github\\QA\\bursaryproject\\React\\_tests_\\setupTest.js","statementMap":{"0":{"start":{"line":1,"column":25},"end":{"line":5,"column":1}},"1":{"start":{"line":6,"column":0},"end":{"line":6,"column":39}}},"fnMap":{},"branchMap":{},"s":{"0":1,"1":1},"f":{},"b":{},"_coverageSchema":"43e27e138ebf9cfc5966b082cf9a028302ed4184","hash":"6a71c3c0355b376d206bf999ac556327f869601d"}
,"C:\\Users\\QAKrisDuff\\Documents\\Github\\QA\\bursaryproject\\React\\_tests_\\test_helpers.js": {"path":"C:\\Users\\QAKrisDuff\\Documents\\Github\\QA\\bursaryproject\\React\\_tests_\\test_helpers.js","statementMap":{"0":{"start":{"line":1,"column":8},"end":{"line":1,"column":25}},"1":{"start":{"line":3,"column":23},"end":{"line":12,"column":1}},"2":{"start":{"line":14,"column":20},"end":{"line":22,"column":1}},"3":{"start":{"line":15,"column":2},"end":{"line":21,"column":5}},"4":{"start":{"line":16,"column":4},"end":{"line":20,"column":7}},"5":{"start":{"line":17,"column":6},"end":{"line":19,"column":7}},"6":{"start":{"line":18,"column":8},"end":{"line":18,"column":70}},"7":{"start":{"line":24,"column":0},"end":{"line":26,"column":2}}},"fnMap":{"0":{"name":"(anonymous_0)","decl":{"start":{"line":14,"column":20},"end":{"line":14,"column":21}},"loc":{"start":{"line":14,"column":45},"end":{"line":22,"column":1}},"line":14},"1":{"name":"(anonymous_1)","decl":{"start":{"line":15,"column":13},"end":{"line":15,"column":14}},"loc":{"start":{"line":15,"column":24},"end":{"line":21,"column":3}},"line":15},"2":{"name":"(anonymous_2)","decl":{"start":{"line":16,"column":29},"end":{"line":16,"column":30}},"loc":{"start":{"line":16,"column":46},"end":{"line":20,"column":5}},"line":16}},"branchMap":{"0":{"loc":{"start":{"line":17,"column":6},"end":{"line":19,"column":7}},"type":"if","locations":[{"start":{"line":17,"column":6},"end":{"line":19,"column":7}},{"start":{"line":17,"column":6},"end":{"line":19,"column":7}}],"line":17}},"s":{"0":1,"1":1,"2":1,"3":0,"4":0,"5":0,"6":0,"7":1},"f":{"0":0,"1":0,"2":0},"b":{"0":[0,0]},"_coverageSchema":"43e27e138ebf9cfc5966b082cf9a028302ed4184","hash":"8f8bbd890f015ebf5d1523eef9179b1d41a4bf58"}
,"C:\\Users\\QAKrisDuff\\Documents\\Github\\QA\\bursaryproject\\React\\src\\App.js": {"path":"C:\\Users\\QAKrisDuff\\Documents\\Github\\QA\\bursaryproject\\React\\src\\App.js","statementMap":{"0":{"start":{"line":50,"column":4},"end":{"line":86,"column":7}}},"fnMap":{"0":{"name":"(anonymous_0)","decl":{"start":{"line":26,"column":2},"end":{"line":26,"column":3}},"loc":{"start":{"line":26,"column":11},"end":{"line":166,"column":2}},"line":26},"1":{"name":"(anonymous_1)","decl":{"start":{"line":69,"column":23},"end":{"line":69,"column":24}},"loc":{"start":{"line":69,"column":29},"end":{"line":69,"column":31}},"line":69},"2":{"name":"(anonymous_2)","decl":{"start":{"line":70,"column":34},"end":{"line":70,"column":35}},"loc":{"start":{"line":70,"column":40},"end":{"line":70,"column":42}},"line":70},"3":{"name":"(anonymous_3)","decl":{"start":{"line":71,"column":33},"end":{"line":71,"column":34}},"loc":{"start":{"line":71,"column":39},"end":{"line":71,"column":41}},"line":71},"4":{"name":"(anonymous_4)","decl":{"start":{"line":72,"column":32},"end":{"line":72,"column":33}},"loc":{"start":{"line":72,"column":38},"end":{"line":72,"column":40}},"line":72}},"branchMap":{},"s":{"0":2},"f":{"0":2,"1":0,"2":0,"3":0,"4":0},"b":{},"_coverageSchema":"43e27e138ebf9cfc5966b082cf9a028302ed4184","hash":"0be7ed714db6f87e50281cceeed11d5f67235dac"}
,"C:\\Users\\QAKrisDuff\\Documents\\Github\\QA\\bursaryproject\\React\\src\\Nav.js": {"path":"C:\\Users\\QAKrisDuff\\Documents\\Github\\QA\\bursaryproject\\React\\src\\Nav.js","statementMap":{"0":{"start":{"line":20,"column":4},"end":{"line":20,"column":17}},"1":{"start":{"line":22,"column":1},"end":{"line":22,"column":38}},"2":{"start":{"line":23,"column":4},"end":{"line":23,"column":41}},"3":{"start":{"line":24,"column":4},"end":{"line":28,"column":6}},"4":{"start":{"line":32,"column":4},"end":{"line":34,"column":7}},"5":{"start":{"line":37,"column":3},"end":{"line":37,"column":81}},"6":{"start":{"line":40,"column":3},"end":{"line":40,"column":24}},"7":{"start":{"line":41,"column":3},"end":{"line":43,"column":3}},"8":{"start":{"line":42,"column":2},"end":{"line":42,"column":80}},"9":{"start":{"line":47,"column":4},"end":{"line":84,"column":4}},"10":{"start":{"line":48,"column":4},"end":{"line":64,"column":6}},"11":{"start":{"line":65,"column":9},"end":{"line":84,"column":4}},"12":{"start":{"line":66,"column":4},"end":{"line":82,"column":6}}},"fnMap":{"0":{"name":"(anonymous_0)","decl":{"start":{"line":19,"column":2},"end":{"line":19,"column":3}},"loc":{"start":{"line":19,"column":21},"end":{"line":29,"column":3}},"line":19},"1":{"name":"(anonymous_1)","decl":{"start":{"line":31,"column":2},"end":{"line":31,"column":3}},"loc":{"start":{"line":31,"column":11},"end":{"line":35,"column":3}},"line":31},"2":{"name":"(anonymous_2)","decl":{"start":{"line":36,"column":2},"end":{"line":36,"column":3}},"loc":{"start":{"line":36,"column":9},"end":{"line":38,"column":3}},"line":36},"3":{"name":"(anonymous_3)","decl":{"start":{"line":39,"column":2},"end":{"line":39,"column":3}},"loc":{"start":{"line":39,"column":10},"end":{"line":45,"column":3}},"line":39},"4":{"name":"(anonymous_4)","decl":{"start":{"line":46,"column":2},"end":{"line":46,"column":3}},"loc":{"start":{"line":46,"column":11},"end":{"line":85,"column":3}},"line":46}},"branchMap":{"0":{"loc":{"start":{"line":41,"column":3},"end":{"line":43,"column":3}},"type":"if","locations":[{"start":{"line":41,"column":3},"end":{"line":43,"column":3}},{"start":{"line":41,"column":3},"end":{"line":43,"column":3}}],"line":41},"1":{"loc":{"start":{"line":47,"column":4},"end":{"line":84,"column":4}},"type":"if","locations":[{"start":{"line":47,"column":4},"end":{"line":84,"column":4}},{"start":{"line":47,"column":4},"end":{"line":84,"column":4}}],"line":47},"2":{"loc":{"start":{"line":65,"column":9},"end":{"line":84,"column":4}},"type":"if","locations":[{"start":{"line":65,"column":9},"end":{"line":84,"column":4}},{"start":{"line":65,"column":9},"end":{"line":84,"column":4}}],"line":65}},"s":{"0":3,"1":3,"2":3,"3":3,"4":0,"5":0,"6":0,"7":0,"8":0,"9":3,"10":0,"11":3,"12":3},"f":{"0":3,"1":0,"2":0,"3":0,"4":3},"b":{"0":[0,0],"1":[0,3],"2":[3,0]},"_coverageSchema":"43e27e138ebf9cfc5966b082cf9a028302ed4184","hash":"38f462cb79d23e302ac5c4b5a10e7cbafdad3193"}
,"C:\\Users\\QAKrisDuff\\Documents\\Github\\QA\\bursaryproject\\React\\src\\components\\change-password-staff.component.js": {"path":"C:\\Users\\QAKrisDuff\\Documents\\Github\\QA\\bursaryproject\\React\\src\\components\\change-password-staff.component.js","statementMap":{"0":{"start":{"line":10,"column":8},"end":{"line":10,"column":21}},"1":{"start":{"line":12,"column":8},"end":{"line":12,"column":73}},"2":{"start":{"line":13,"column":8},"end":{"line":13,"column":79}},"3":{"start":{"line":14,"column":8},"end":{"line":14,"column":49}},"4":{"start":{"line":16,"column":8},"end":{"line":21,"column":9}},"5":{"start":{"line":25,"column":8},"end":{"line":40,"column":14}},"6":{"start":{"line":27,"column":20},"end":{"line":27,"column":55}},"7":{"start":{"line":28,"column":20},"end":{"line":33,"column":21}},"8":{"start":{"line":29,"column":24},"end":{"line":32,"column":26}},"9":{"start":{"line":36,"column":20},"end":{"line":36,"column":53}},"10":{"start":{"line":37,"column":20},"end":{"line":39,"column":23}},"11":{"start":{"line":41,"column":8},"end":{"line":55,"column":14}},"12":{"start":{"line":43,"column":29},"end":{"line":43,"column":99}},"13":{"start":{"line":44,"column":32},"end":{"line":44,"column":93}},"14":{"start":{"line":45,"column":16},"end":{"line":48,"column":18}},"15":{"start":{"line":51,"column":20},"end":{"line":51,"column":39}},"16":{"start":{"line":52,"column":20},"end":{"line":54,"column":23}},"17":{"start":{"line":59,"column":8},"end":{"line":61,"column":11}},"18":{"start":{"line":65,"column":2},"end":{"line":67,"column":5}},"19":{"start":{"line":71,"column":8},"end":{"line":71,"column":27}},"20":{"start":{"line":72,"column":38},"end":{"line":72,"column":48}},"21":{"start":{"line":73,"column":2},"end":{"line":87,"column":8}},"22":{"start":{"line":74,"column":12},"end":{"line":74,"column":45}},"23":{"start":{"line":77,"column":23},"end":{"line":77,"column":81}},"24":{"start":{"line":78,"column":24},"end":{"line":80,"column":13}},"25":{"start":{"line":81,"column":12},"end":{"line":81,"column":29}},"26":{"start":{"line":82,"column":12},"end":{"line":85,"column":28}},"27":{"start":{"line":83,"column":26},"end":{"line":83,"column":48}},"28":{"start":{"line":84,"column":26},"end":{"line":84,"column":55}},"29":{"start":{"line":92,"column":34},"end":{"line":92,"column":44}},"30":{"start":{"line":93,"column":8},"end":{"line":100,"column":9}},"31":{"start":{"line":94,"column":12},"end":{"line":99,"column":14}},"32":{"start":{"line":101,"column":8},"end":{"line":133,"column":9}}},"fnMap":{"0":{"name":"(anonymous_0)","decl":{"start":{"line":9,"column":4},"end":{"line":9,"column":5}},"loc":{"start":{"line":9,"column":23},"end":{"line":22,"column":5}},"line":9},"1":{"name":"(anonymous_1)","decl":{"start":{"line":24,"column":4},"end":{"line":24,"column":5}},"loc":{"start":{"line":24,"column":30},"end":{"line":56,"column":5}},"line":24},"2":{"name":"(anonymous_2)","decl":{"start":{"line":26,"column":18},"end":{"line":26,"column":19}},"loc":{"start":{"line":26,"column":30},"end":{"line":34,"column":13}},"line":26},"3":{"name":"(anonymous_3)","decl":{"start":{"line":35,"column":19},"end":{"line":35,"column":20}},"loc":{"start":{"line":35,"column":30},"end":{"line":40,"column":13}},"line":35},"4":{"name":"(anonymous_4)","decl":{"start":{"line":42,"column":18},"end":{"line":42,"column":19}},"loc":{"start":{"line":42,"column":30},"end":{"line":49,"column":13}},"line":42},"5":{"name":"(anonymous_5)","decl":{"start":{"line":50,"column":19},"end":{"line":50,"column":20}},"loc":{"start":{"line":50,"column":30},"end":{"line":55,"column":13}},"line":50},"6":{"name":"(anonymous_6)","decl":{"start":{"line":58,"column":4},"end":{"line":58,"column":5}},"loc":{"start":{"line":58,"column":28},"end":{"line":62,"column":5}},"line":58},"7":{"name":"(anonymous_7)","decl":{"start":{"line":64,"column":1},"end":{"line":64,"column":2}},"loc":{"start":{"line":64,"column":28},"end":{"line":68,"column":2}},"line":64},"8":{"name":"(anonymous_8)","decl":{"start":{"line":70,"column":4},"end":{"line":70,"column":5}},"loc":{"start":{"line":70,"column":16},"end":{"line":88,"column":5}},"line":70},"9":{"name":"(anonymous_9)","decl":{"start":{"line":83,"column":18},"end":{"line":83,"column":19}},"loc":{"start":{"line":83,"column":25},"end":{"line":85,"column":26}},"line":83},"10":{"name":"(anonymous_10)","decl":{"start":{"line":90,"column":4},"end":{"line":90,"column":5}},"loc":{"start":{"line":90,"column":13},"end":{"line":135,"column":3}},"line":90}},"branchMap":{"0":{"loc":{"start":{"line":28,"column":20},"end":{"line":33,"column":21}},"type":"if","locations":[{"start":{"line":28,"column":20},"end":{"line":33,"column":21}},{"start":{"line":28,"column":20},"end":{"line":33,"column":21}}],"line":28},"1":{"loc":{"start":{"line":73,"column":2},"end":{"line":87,"column":8}},"type":"if","locations":[{"start":{"line":73,"column":2},"end":{"line":87,"column":8}},{"start":{"line":73,"column":2},"end":{"line":87,"column":8}}],"line":73},"2":{"loc":{"start":{"line":93,"column":8},"end":{"line":100,"column":9}},"type":"if","locations":[{"start":{"line":93,"column":8},"end":{"line":100,"column":9}},{"start":{"line":93,"column":8},"end":{"line":100,"column":9}}],"line":93}},"s":{"0":1,"1":1,"2":1,"3":1,"4":1,"5":1,"6":0,"7":0,"8":0,"9":0,"10":0,"11":0,"12":0,"13":0,"14":0,"15":0,"16":0,"17":0,"18":0,"19":0,"20":0,"21":0,"22":0,"23":0,"24":0,"25":0,"26":0,"27":0,"28":0,"29":1,"30":1,"31":1,"32":0},"f":{"0":1,"1":1,"2":0,"3":0,"4":0,"5":0,"6":0,"7":0,"8":0,"9":0,"10":1},"b":{"0":[0,0],"1":[0,0],"2":[1,0]},"_coverageSchema":"43e27e138ebf9cfc5966b082cf9a028302ed4184","hash":"89f56fa0a1a5016ef4af2a751b5ea3046506f0e5"}
,"C:\\Users\\QAKrisDuff\\Documents\\Github\\QA\\bursaryproject\\React\\src\\components\\change-password-trainee.component.js": {"path":"C:\\Users\\QAKrisDuff\\Documents\\Github\\QA\\bursaryproject\\React\\src\\components\\change-password-trainee.component.js","statementMap":{"0":{"start":{"line":10,"column":8},"end":{"line":10,"column":21}},"1":{"start":{"line":12,"column":8},"end":{"line":12,"column":79}},"2":{"start":{"line":13,"column":8},"end":{"line":13,"column":79}},"3":{"start":{"line":14,"column":8},"end":{"line":14,"column":49}},"4":{"start":{"line":16,"column":8},"end":{"line":21,"column":9}},"5":{"start":{"line":25,"column":8},"end":{"line":40,"column":14}},"6":{"start":{"line":27,"column":20},"end":{"line":27,"column":42}},"7":{"start":{"line":28,"column":20},"end":{"line":33,"column":21}},"8":{"start":{"line":29,"column":24},"end":{"line":32,"column":26}},"9":{"start":{"line":36,"column":20},"end":{"line":36,"column":53}},"10":{"start":{"line":37,"column":20},"end":{"line":39,"column":23}},"11":{"start":{"line":41,"column":8},"end":{"line":55,"column":14}},"12":{"start":{"line":43,"column":37},"end":{"line":43,"column":115}},"13":{"start":{"line":44,"column":40},"end":{"line":44,"column":107}},"14":{"start":{"line":45,"column":16},"end":{"line":48,"column":18}},"15":{"start":{"line":51,"column":20},"end":{"line":51,"column":39}},"16":{"start":{"line":52,"column":20},"end":{"line":54,"column":23}},"17":{"start":{"line":59,"column":8},"end":{"line":61,"column":11}},"18":{"start":{"line":65,"column":2},"end":{"line":67,"column":5}},"19":{"start":{"line":71,"column":8},"end":{"line":71,"column":27}},"20":{"start":{"line":72,"column":46},"end":{"line":72,"column":56}},"21":{"start":{"line":73,"column":2},"end":{"line":86,"column":8}},"22":{"start":{"line":74,"column":12},"end":{"line":74,"column":45}},"23":{"start":{"line":77,"column":23},"end":{"line":77,"column":87}},"24":{"start":{"line":78,"column":24},"end":{"line":80,"column":13}},"25":{"start":{"line":81,"column":12},"end":{"line":81,"column":29}},"26":{"start":{"line":82,"column":12},"end":{"line":85,"column":28}},"27":{"start":{"line":83,"column":26},"end":{"line":83,"column":48}},"28":{"start":{"line":84,"column":26},"end":{"line":84,"column":60}},"29":{"start":{"line":91,"column":34},"end":{"line":91,"column":44}},"30":{"start":{"line":92,"column":8},"end":{"line":99,"column":9}},"31":{"start":{"line":93,"column":12},"end":{"line":98,"column":14}},"32":{"start":{"line":100,"column":8},"end":{"line":133,"column":9}}},"fnMap":{"0":{"name":"(anonymous_0)","decl":{"start":{"line":9,"column":4},"end":{"line":9,"column":5}},"loc":{"start":{"line":9,"column":23},"end":{"line":22,"column":5}},"line":9},"1":{"name":"(anonymous_1)","decl":{"start":{"line":24,"column":4},"end":{"line":24,"column":5}},"loc":{"start":{"line":24,"column":30},"end":{"line":56,"column":5}},"line":24},"2":{"name":"(anonymous_2)","decl":{"start":{"line":26,"column":18},"end":{"line":26,"column":19}},"loc":{"start":{"line":26,"column":30},"end":{"line":34,"column":13}},"line":26},"3":{"name":"(anonymous_3)","decl":{"start":{"line":35,"column":19},"end":{"line":35,"column":20}},"loc":{"start":{"line":35,"column":30},"end":{"line":40,"column":13}},"line":35},"4":{"name":"(anonymous_4)","decl":{"start":{"line":42,"column":18},"end":{"line":42,"column":19}},"loc":{"start":{"line":42,"column":30},"end":{"line":49,"column":13}},"line":42},"5":{"name":"(anonymous_5)","decl":{"start":{"line":50,"column":19},"end":{"line":50,"column":20}},"loc":{"start":{"line":50,"column":30},"end":{"line":55,"column":13}},"line":50},"6":{"name":"(anonymous_6)","decl":{"start":{"line":58,"column":4},"end":{"line":58,"column":5}},"loc":{"start":{"line":58,"column":31},"end":{"line":62,"column":5}},"line":58},"7":{"name":"(anonymous_7)","decl":{"start":{"line":64,"column":1},"end":{"line":64,"column":2}},"loc":{"start":{"line":64,"column":28},"end":{"line":68,"column":2}},"line":64},"8":{"name":"(anonymous_8)","decl":{"start":{"line":70,"column":4},"end":{"line":70,"column":5}},"loc":{"start":{"line":70,"column":16},"end":{"line":87,"column":5}},"line":70},"9":{"name":"(anonymous_9)","decl":{"start":{"line":83,"column":18},"end":{"line":83,"column":19}},"loc":{"start":{"line":83,"column":25},"end":{"line":85,"column":26}},"line":83},"10":{"name":"(anonymous_10)","decl":{"start":{"line":89,"column":4},"end":{"line":89,"column":5}},"loc":{"start":{"line":89,"column":13},"end":{"line":135,"column":3}},"line":89}},"branchMap":{"0":{"loc":{"start":{"line":28,"column":20},"end":{"line":33,"column":21}},"type":"if","locations":[{"start":{"line":28,"column":20},"end":{"line":33,"column":21}},{"start":{"line":28,"column":20},"end":{"line":33,"column":21}}],"line":28},"1":{"loc":{"start":{"line":73,"column":2},"end":{"line":86,"column":8}},"type":"if","locations":[{"start":{"line":73,"column":2},"end":{"line":86,"column":8}},{"start":{"line":73,"column":2},"end":{"line":86,"column":8}}],"line":73},"2":{"loc":{"start":{"line":92,"column":8},"end":{"line":99,"column":9}},"type":"if","locations":[{"start":{"line":92,"column":8},"end":{"line":99,"column":9}},{"start":{"line":92,"column":8},"end":{"line":99,"column":9}}],"line":92}},"s":{"0":1,"1":1,"2":1,"3":1,"4":1,"5":1,"6":0,"7":0,"8":0,"9":0,"10":0,"11":0,"12":0,"13":0,"14":0,"15":0,"16":0,"17":0,"18":0,"19":0,"20":0,"21":0,"22":0,"23":0,"24":0,"25":0,"26":0,"27":0,"28":0,"29":1,"30":1,"31":1,"32":0},"f":{"0":1,"1":1,"2":0,"3":0,"4":0,"5":0,"6":0,"7":0,"8":0,"9":0,"10":1},"b":{"0":[0,0],"1":[0,0],"2":[1,0]},"_coverageSchema":"43e27e138ebf9cfc5966b082cf9a028302ed4184","hash":"1882d22cb973c817b6682cc068f3499cccce6a45"}
,"C:\\Users\\QAKrisDuff\\Documents\\Github\\QA\\bursaryproject\\React\\src\\components\\create-trainee.component.js": {"path":"C:\\Users\\QAKrisDuff\\Documents\\Github\\QA\\bursaryproject\\React\\src\\components\\create-trainee.component.js","statementMap":{"0":{"start":{"line":17,"column":8},"end":{"line":17,"column":21}},"1":{"start":{"line":19,"column":8},"end":{"line":19,"column":73}},"2":{"start":{"line":20,"column":8},"end":{"line":20,"column":73}},"3":{"start":{"line":21,"column":8},"end":{"line":21,"column":73}},"4":{"start":{"line":22,"column":8},"end":{"line":22,"column":79}},"5":{"start":{"line":23,"column":8},"end":{"line":23,"column":49}},"6":{"start":{"line":24,"column":8},"end":{"line":24,"column":67}},"7":{"start":{"line":25,"column":8},"end":{"line":25,"column":63}},"8":{"start":{"line":27,"column":8},"end":{"line":35,"column":9}},"9":{"start":{"line":39,"column":8},"end":{"line":41,"column":11}},"10":{"start":{"line":45,"column":8},"end":{"line":47,"column":11}},"11":{"start":{"line":52,"column":8},"end":{"line":54,"column":11}},"12":{"start":{"line":58,"column":8},"end":{"line":60,"column":11}},"13":{"start":{"line":64,"column":8},"end":{"line":66,"column":10}},"14":{"start":{"line":68,"column":8},"end":{"line":68,"column":31}},"15":{"start":{"line":69,"column":8},"end":{"line":69,"column":51}},"16":{"start":{"line":73,"column":8},"end":{"line":75,"column":10}},"17":{"start":{"line":76,"column":8},"end":{"line":76,"column":40}},"18":{"start":{"line":80,"column":8},"end":{"line":80,"column":27}},"19":{"start":{"line":82,"column":8},"end":{"line":124,"column":9}},"20":{"start":{"line":83,"column":12},"end":{"line":83,"column":63}},"21":{"start":{"line":86,"column":12},"end":{"line":86,"column":43}},"22":{"start":{"line":87,"column":12},"end":{"line":87,"column":70}},"23":{"start":{"line":88,"column":12},"end":{"line":88,"column":70}},"24":{"start":{"line":89,"column":12},"end":{"line":89,"column":70}},"25":{"start":{"line":91,"column":24},"end":{"line":91,"column":85}},"26":{"start":{"line":92,"column":24},"end":{"line":92,"column":85}},"27":{"start":{"line":93,"column":24},"end":{"line":93,"column":99}},"28":{"start":{"line":94,"column":24},"end":{"line":94,"column":97}},"29":{"start":{"line":95,"column":28},"end":{"line":95,"column":105}},"30":{"start":{"line":96,"column":26},"end":{"line":96,"column":101}},"31":{"start":{"line":98,"column":29},"end":{"line":105,"column":13}},"32":{"start":{"line":107,"column":12},"end":{"line":107,"column":35}},"33":{"start":{"line":109,"column":12},"end":{"line":123,"column":14}},"34":{"start":{"line":110,"column":34},"end":{"line":121,"column":33}},"35":{"start":{"line":111,"column":36},"end":{"line":111,"column":69}},"36":{"start":{"line":114,"column":36},"end":{"line":120,"column":18}},"37":{"start":{"line":117,"column":58},"end":{"line":117,"column":85}},"38":{"start":{"line":118,"column":31},"end":{"line":118,"column":60}},"39":{"start":{"line":119,"column":16},"end":{"line":119,"column":41}},"40":{"start":{"line":133,"column":8},"end":{"line":193,"column":9}}},"fnMap":{"0":{"name":"(anonymous_0)","decl":{"start":{"line":16,"column":4},"end":{"line":16,"column":5}},"loc":{"start":{"line":16,"column":23},"end":{"line":36,"column":5}},"line":16},"1":{"name":"(anonymous_1)","decl":{"start":{"line":38,"column":4},"end":{"line":38,"column":5}},"loc":{"start":{"line":38,"column":28},"end":{"line":42,"column":5}},"line":38},"2":{"name":"(anonymous_2)","decl":{"start":{"line":44,"column":4},"end":{"line":44,"column":5}},"loc":{"start":{"line":44,"column":28},"end":{"line":48,"column":5}},"line":44},"3":{"name":"(anonymous_3)","decl":{"start":{"line":51,"column":4},"end":{"line":51,"column":5}},"loc":{"start":{"line":51,"column":28},"end":{"line":55,"column":5}},"line":51},"4":{"name":"(anonymous_4)","decl":{"start":{"line":57,"column":4},"end":{"line":57,"column":5}},"loc":{"start":{"line":57,"column":31},"end":{"line":61,"column":5}},"line":57},"5":{"name":"(anonymous_5)","decl":{"start":{"line":63,"column":24},"end":{"line":63,"column":25}},"loc":{"start":{"line":63,"column":38},"end":{"line":70,"column":5}},"line":63},"6":{"name":"(anonymous_6)","decl":{"start":{"line":72,"column":22},"end":{"line":72,"column":23}},"loc":{"start":{"line":72,"column":34},"end":{"line":77,"column":5}},"line":72},"7":{"name":"(anonymous_7)","decl":{"start":{"line":79,"column":4},"end":{"line":79,"column":5}},"loc":{"start":{"line":79,"column":16},"end":{"line":125,"column":5}},"line":79},"8":{"name":"(anonymous_8)","decl":{"start":{"line":110,"column":19},"end":{"line":110,"column":20}},"loc":{"start":{"line":110,"column":33},"end":{"line":122,"column":21}},"line":110},"9":{"name":"(anonymous_9)","decl":{"start":{"line":117,"column":43},"end":{"line":117,"column":44}},"loc":{"start":{"line":117,"column":57},"end":{"line":120,"column":16}},"line":117},"10":{"name":"(anonymous_10)","decl":{"start":{"line":127,"column":3},"end":{"line":127,"column":4}},"loc":{"start":{"line":127,"column":12},"end":{"line":195,"column":4}},"line":127}},"branchMap":{"0":{"loc":{"start":{"line":82,"column":8},"end":{"line":124,"column":9}},"type":"if","locations":[{"start":{"line":82,"column":8},"end":{"line":124,"column":9}},{"start":{"line":82,"column":8},"end":{"line":124,"column":9}}],"line":82},"1":{"loc":{"start":{"line":82,"column":11},"end":{"line":82,"column":83}},"type":"binary-expr","locations":[{"start":{"line":82,"column":11},"end":{"line":82,"column":46}},{"start":{"line":82,"column":50},"end":{"line":82,"column":83}}],"line":82},"2":{"loc":{"start":{"line":110,"column":34},"end":{"line":121,"column":33}},"type":"if","locations":[{"start":{"line":110,"column":34},"end":{"line":121,"column":33}},{"start":{"line":110,"column":34},"end":{"line":121,"column":33}}],"line":110}},"s":{"0":1,"1":1,"2":1,"3":1,"4":1,"5":1,"6":1,"7":1,"8":1,"9":0,"10":0,"11":0,"12":0,"13":0,"14":0,"15":0,"16":0,"17":0,"18":0,"19":0,"20":0,"21":0,"22":0,"23":0,"24":0,"25":0,"26":0,"27":0,"28":0,"29":0,"30":0,"31":0,"32":0,"33":0,"34":0,"35":0,"36":0,"37":0,"38":0,"39":0,"40":1},"f":{"0":1,"1":0,"2":0,"3":0,"4":0,"5":0,"6":0,"7":0,"8":0,"9":0,"10":1},"b":{"0":[0,0],"1":[0,0],"2":[0,0]},"_coverageSchema":"43e27e138ebf9cfc5966b082cf9a028302ed4184","hash":"291e93c6a477ac1a201ec47708d66286a1811598"}
,"C:\\Users\\QAKrisDuff\\Documents\\Github\\QA\\bursaryproject\\React\\src\\components\\create-user.component.js": {"path":"C:\\Users\\QAKrisDuff\\Documents\\Github\\QA\\bursaryproject\\React\\src\\components\\create-user.component.js","statementMap":{"0":{"start":{"line":13,"column":8},"end":{"line":13,"column":21}},"1":{"start":{"line":14,"column":8},"end":{"line":14,"column":67}},"2":{"start":{"line":15,"column":8},"end":{"line":15,"column":73}},"3":{"start":{"line":16,"column":8},"end":{"line":16,"column":61}},"4":{"start":{"line":17,"column":8},"end":{"line":17,"column":49}},"5":{"start":{"line":18,"column":8},"end":{"line":18,"column":45}},"6":{"start":{"line":19,"column":8},"end":{"line":25,"column":9}},"7":{"start":{"line":29,"column":8},"end":{"line":31,"column":12}},"8":{"start":{"line":29,"column":36},"end":{"line":31,"column":9}},"9":{"start":{"line":35,"column":8},"end":{"line":37,"column":11}},"10":{"start":{"line":41,"column":8},"end":{"line":43,"column":11}},"11":{"start":{"line":47,"column":8},"end":{"line":49,"column":11}},"12":{"start":{"line":53,"column":8},"end":{"line":53,"column":27}},"13":{"start":{"line":55,"column":8},"end":{"line":55,"column":39}},"14":{"start":{"line":56,"column":8},"end":{"line":56,"column":60}},"15":{"start":{"line":57,"column":8},"end":{"line":57,"column":57}},"16":{"start":{"line":59,"column":20},"end":{"line":59,"column":92}},"17":{"start":{"line":60,"column":20},"end":{"line":60,"column":95}},"18":{"start":{"line":62,"column":22},"end":{"line":66,"column":9}},"19":{"start":{"line":68,"column":8},"end":{"line":68,"column":28}},"20":{"start":{"line":70,"column":8},"end":{"line":89,"column":9}},"21":{"start":{"line":71,"column":12},"end":{"line":71,"column":43}},"22":{"start":{"line":74,"column":12},"end":{"line":88,"column":14}},"23":{"start":{"line":75,"column":34},"end":{"line":75,"column":56}},"24":{"start":{"line":76,"column":32},"end":{"line":87,"column":34}},"25":{"start":{"line":77,"column":36},"end":{"line":77,"column":62}},"26":{"start":{"line":78,"column":36},"end":{"line":78,"column":66}},"27":{"start":{"line":81,"column":36},"end":{"line":81,"column":56}},"28":{"start":{"line":82,"column":36},"end":{"line":86,"column":18}},"29":{"start":{"line":83,"column":58},"end":{"line":83,"column":84}},"30":{"start":{"line":84,"column":31},"end":{"line":84,"column":65}},"31":{"start":{"line":85,"column":16},"end":{"line":85,"column":41}},"32":{"start":{"line":98,"column":8},"end":{"line":137,"column":9}}},"fnMap":{"0":{"name":"(anonymous_0)","decl":{"start":{"line":12,"column":4},"end":{"line":12,"column":5}},"loc":{"start":{"line":12,"column":23},"end":{"line":26,"column":5}},"line":12},"1":{"name":"(anonymous_1)","decl":{"start":{"line":28,"column":4},"end":{"line":28,"column":5}},"loc":{"start":{"line":28,"column":13},"end":{"line":32,"column":7}},"line":28},"2":{"name":"(anonymous_2)","decl":{"start":{"line":29,"column":22},"end":{"line":29,"column":23}},"loc":{"start":{"line":29,"column":36},"end":{"line":31,"column":9}},"line":29},"3":{"name":"(anonymous_3)","decl":{"start":{"line":34,"column":4},"end":{"line":34,"column":5}},"loc":{"start":{"line":34,"column":25},"end":{"line":38,"column":5}},"line":34},"4":{"name":"(anonymous_4)","decl":{"start":{"line":40,"column":4},"end":{"line":40,"column":5}},"loc":{"start":{"line":40,"column":28},"end":{"line":44,"column":5}},"line":40},"5":{"name":"(anonymous_5)","decl":{"start":{"line":46,"column":4},"end":{"line":46,"column":5}},"loc":{"start":{"line":46,"column":22},"end":{"line":50,"column":5}},"line":46},"6":{"name":"(anonymous_6)","decl":{"start":{"line":52,"column":4},"end":{"line":52,"column":5}},"loc":{"start":{"line":52,"column":16},"end":{"line":90,"column":5}},"line":52},"7":{"name":"(anonymous_7)","decl":{"start":{"line":75,"column":19},"end":{"line":75,"column":20}},"loc":{"start":{"line":75,"column":33},"end":{"line":88,"column":13}},"line":75},"8":{"name":"(anonymous_8)","decl":{"start":{"line":83,"column":43},"end":{"line":83,"column":44}},"loc":{"start":{"line":83,"column":57},"end":{"line":86,"column":16}},"line":83},"9":{"name":"(anonymous_9)","decl":{"start":{"line":92,"column":3},"end":{"line":92,"column":4}},"loc":{"start":{"line":92,"column":12},"end":{"line":138,"column":5}},"line":92}},"branchMap":{"0":{"loc":{"start":{"line":70,"column":8},"end":{"line":89,"column":9}},"type":"if","locations":[{"start":{"line":70,"column":8},"end":{"line":89,"column":9}},{"start":{"line":70,"column":8},"end":{"line":89,"column":9}}],"line":70},"1":{"loc":{"start":{"line":76,"column":32},"end":{"line":87,"column":34}},"type":"if","locations":[{"start":{"line":76,"column":32},"end":{"line":87,"column":34}},{"start":{"line":76,"column":32},"end":{"line":87,"column":34}}],"line":76}},"s":{"0":1,"1":1,"2":1,"3":1,"4":1,"5":1,"6":1,"7":0,"8":0,"9":0,"10":0,"11":0,"12":0,"13":0,"14":0,"15":0,"16":0,"17":0,"18":0,"19":0,"20":0,"21":0,"22":0,"23":0,"24":0,"25":0,"26":0,"27":0,"28":0,"29":0,"30":0,"31":0,"32":1},"f":{"0":1,"1":0,"2":0,"3":0,"4":0,"5":0,"6":0,"7":0,"8":0,"9":1},"b":{"0":[0,0],"1":[0,0]},"_coverageSchema":"43e27e138ebf9cfc5966b082cf9a028302ed4184","hash":"ef062e83a0bbcd463d940eb5e875b2db940a51b2"}
,"C:\\Users\\QAKrisDuff\\Documents\\Github\\QA\\bursaryproject\\React\\src\\components\\edit-dates.component.js": {"path":"C:\\Users\\QAKrisDuff\\Documents\\Github\\QA\\bursaryproject\\React\\src\\components\\edit-dates.component.js","statementMap":{"0":{"start":{"line":15,"column":8},"end":{"line":15,"column":21}},"1":{"start":{"line":17,"column":8},"end":{"line":17,"column":73}},"2":{"start":{"line":18,"column":8},"end":{"line":18,"column":73}},"3":{"start":{"line":19,"column":8},"end":{"line":19,"column":73}},"4":{"start":{"line":20,"column":8},"end":{"line":20,"column":67}},"5":{"start":{"line":21,"column":8},"end":{"line":21,"column":63}},"6":{"start":{"line":23,"column":8},"end":{"line":23,"column":49}},"7":{"start":{"line":25,"column":8},"end":{"line":32,"column":9}},"8":{"start":{"line":36,"column":8},"end":{"line":58,"column":14}},"9":{"start":{"line":38,"column":16},"end":{"line":38,"column":38}},"10":{"start":{"line":39,"column":37},"end":{"line":39,"column":101}},"11":{"start":{"line":40,"column":37},"end":{"line":40,"column":101}},"12":{"start":{"line":41,"column":37},"end":{"line":41,"column":114}},"13":{"start":{"line":42,"column":41},"end":{"line":42,"column":110}},"14":{"start":{"line":43,"column":39},"end":{"line":43,"column":106}},"15":{"start":{"line":46,"column":16},"end":{"line":52,"column":18}},"16":{"start":{"line":53,"column":16},"end":{"line":53,"column":59}},"17":{"start":{"line":54,"column":16},"end":{"line":54,"column":57}},"18":{"start":{"line":57,"column":16},"end":{"line":57,"column":35}},"19":{"start":{"line":62,"column":8},"end":{"line":64,"column":11}},"20":{"start":{"line":68,"column":8},"end":{"line":70,"column":11}},"21":{"start":{"line":74,"column":8},"end":{"line":76,"column":11}},"22":{"start":{"line":80,"column":8},"end":{"line":82,"column":10}},"23":{"start":{"line":86,"column":8},"end":{"line":88,"column":10}},"24":{"start":{"line":92,"column":8},"end":{"line":92,"column":27}},"25":{"start":{"line":93,"column":20},"end":{"line":93,"column":97}},"26":{"start":{"line":94,"column":18},"end":{"line":94,"column":93}},"27":{"start":{"line":96,"column":20},"end":{"line":99,"column":9}},"28":{"start":{"line":100,"column":8},"end":{"line":100,"column":25}},"29":{"start":{"line":101,"column":8},"end":{"line":104,"column":54}},"30":{"start":{"line":102,"column":26},"end":{"line":102,"column":48}},"31":{"start":{"line":103,"column":26},"end":{"line":103,"column":55}},"32":{"start":{"line":104,"column":26},"end":{"line":104,"column":51}},"33":{"start":{"line":111,"column":8},"end":{"line":174,"column":9}}},"fnMap":{"0":{"name":"(anonymous_0)","decl":{"start":{"line":14,"column":4},"end":{"line":14,"column":5}},"loc":{"start":{"line":14,"column":23},"end":{"line":33,"column":5}},"line":14},"1":{"name":"(anonymous_1)","decl":{"start":{"line":35,"column":4},"end":{"line":35,"column":5}},"loc":{"start":{"line":35,"column":24},"end":{"line":59,"column":5}},"line":35},"2":{"name":"(anonymous_2)","decl":{"start":{"line":37,"column":18},"end":{"line":37,"column":19}},"loc":{"start":{"line":37,"column":30},"end":{"line":55,"column":13}},"line":37},"3":{"name":"(anonymous_3)","decl":{"start":{"line":56,"column":19},"end":{"line":56,"column":20}},"loc":{"start":{"line":56,"column":36},"end":{"line":58,"column":13}},"line":56},"4":{"name":"(anonymous_4)","decl":{"start":{"line":61,"column":4},"end":{"line":61,"column":5}},"loc":{"start":{"line":61,"column":28},"end":{"line":65,"column":5}},"line":61},"5":{"name":"(anonymous_5)","decl":{"start":{"line":67,"column":4},"end":{"line":67,"column":5}},"loc":{"start":{"line":67,"column":28},"end":{"line":71,"column":5}},"line":67},"6":{"name":"(anonymous_6)","decl":{"start":{"line":73,"column":4},"end":{"line":73,"column":5}},"loc":{"start":{"line":73,"column":28},"end":{"line":77,"column":5}},"line":73},"7":{"name":"(anonymous_7)","decl":{"start":{"line":79,"column":24},"end":{"line":79,"column":25}},"loc":{"start":{"line":79,"column":38},"end":{"line":83,"column":5}},"line":79},"8":{"name":"(anonymous_8)","decl":{"start":{"line":85,"column":22},"end":{"line":85,"column":23}},"loc":{"start":{"line":85,"column":34},"end":{"line":89,"column":5}},"line":85},"9":{"name":"(anonymous_9)","decl":{"start":{"line":91,"column":4},"end":{"line":91,"column":5}},"loc":{"start":{"line":91,"column":16},"end":{"line":106,"column":5}},"line":91},"10":{"name":"(anonymous_10)","decl":{"start":{"line":102,"column":18},"end":{"line":102,"column":19}},"loc":{"start":{"line":102,"column":25},"end":{"line":104,"column":52}},"line":102},"11":{"name":"(anonymous_11)","decl":{"start":{"line":109,"column":4},"end":{"line":109,"column":5}},"loc":{"start":{"line":109,"column":13},"end":{"line":180,"column":3}},"line":109}},"branchMap":{},"s":{"0":1,"1":1,"2":1,"3":1,"4":1,"5":1,"6":1,"7":1,"8":1,"9":0,"10":0,"11":0,"12":0,"13":0,"14":0,"15":0,"16":0,"17":0,"18":0,"19":0,"20":0,"21":0,"22":0,"23":0,"24":0,"25":0,"26":0,"27":0,"28":0,"29":0,"30":0,"31":0,"32":0,"33":1},"f":{"0":1,"1":1,"2":0,"3":0,"4":0,"5":0,"6":0,"7":0,"8":0,"9":0,"10":0,"11":1},"b":{},"_coverageSchema":"43e27e138ebf9cfc5966b082cf9a028302ed4184","hash":"088766d9a1f2b0ae3e72be438936ab96a885ef2c"}
,"C:\\Users\\QAKrisDuff\\Documents\\Github\\QA\\bursaryproject\\React\\src\\components\\edit-trainee.component.js": {"path":"C:\\Users\\QAKrisDuff\\Documents\\Github\\QA\\bursaryproject\\React\\src\\components\\edit-trainee.component.js","statementMap":{"0":{"start":{"line":12,"column":8},"end":{"line":12,"column":21}},"1":{"start":{"line":14,"column":8},"end":{"line":14,"column":73}},"2":{"start":{"line":15,"column":8},"end":{"line":15,"column":73}},"3":{"start":{"line":16,"column":8},"end":{"line":16,"column":73}},"4":{"start":{"line":17,"column":8},"end":{"line":17,"column":77}},"5":{"start":{"line":18,"column":8},"end":{"line":18,"column":71}},"6":{"start":{"line":19,"column":2},"end":{"line":19,"column":65}},"7":{"start":{"line":20,"column":2},"end":{"line":20,"column":75}},"8":{"start":{"line":22,"column":8},"end":{"line":22,"column":49}},"9":{"start":{"line":24,"column":8},"end":{"line":33,"column":9}},"10":{"start":{"line":37,"column":8},"end":{"line":63,"column":14}},"11":{"start":{"line":39,"column":37},"end":{"line":39,"column":101}},"12":{"start":{"line":40,"column":37},"end":{"line":40,"column":101}},"13":{"start":{"line":41,"column":37},"end":{"line":41,"column":114}},"14":{"start":{"line":43,"column":16},"end":{"line":53,"column":17}},"15":{"start":{"line":44,"column":29},"end":{"line":44,"column":97}},"16":{"start":{"line":45,"column":45},"end":{"line":45,"column":114}},"17":{"start":{"line":46,"column":44},"end":{"line":46,"column":112}},"18":{"start":{"line":47,"column":20},"end":{"line":52,"column":22}},"19":{"start":{"line":55,"column":16},"end":{"line":59,"column":18}},"20":{"start":{"line":62,"column":16},"end":{"line":62,"column":35}},"21":{"start":{"line":67,"column":8},"end":{"line":69,"column":11}},"22":{"start":{"line":73,"column":8},"end":{"line":75,"column":11}},"23":{"start":{"line":79,"column":8},"end":{"line":81,"column":11}},"24":{"start":{"line":84,"column":2},"end":{"line":86,"column":5}},"25":{"start":{"line":90,"column":2},"end":{"line":100,"column":2}},"26":{"start":{"line":91,"column":3},"end":{"line":94,"column":6}},"27":{"start":{"line":96,"column":3},"end":{"line":99,"column":6}},"28":{"start":{"line":106,"column":8},"end":{"line":108,"column":11}},"29":{"start":{"line":112,"column":8},"end":{"line":114,"column":11}},"30":{"start":{"line":118,"column":8},"end":{"line":118,"column":27}},"31":{"start":{"line":119,"column":20},"end":{"line":119,"column":81}},"32":{"start":{"line":120,"column":20},"end":{"line":120,"column":81}},"33":{"start":{"line":121,"column":20},"end":{"line":121,"column":95}},"34":{"start":{"line":122,"column":23},"end":{"line":122,"column":88}},"35":{"start":{"line":123,"column":18},"end":{"line":123,"column":84}},"36":{"start":{"line":124,"column":23},"end":{"line":124,"column":88}},"37":{"start":{"line":126,"column":20},"end":{"line":133,"column":9}},"38":{"start":{"line":134,"column":8},"end":{"line":134,"column":25}},"39":{"start":{"line":135,"column":8},"end":{"line":140,"column":15}},"40":{"start":{"line":137,"column":16},"end":{"line":137,"column":38}},"41":{"start":{"line":138,"column":16},"end":{"line":138,"column":88}},"42":{"start":{"line":139,"column":16},"end":{"line":139,"column":41}},"43":{"start":{"line":144,"column":35},"end":{"line":144,"column":45}},"44":{"start":{"line":151,"column":8},"end":{"line":265,"column":9}}},"fnMap":{"0":{"name":"(anonymous_0)","decl":{"start":{"line":11,"column":4},"end":{"line":11,"column":5}},"loc":{"start":{"line":11,"column":23},"end":{"line":34,"column":5}},"line":11},"1":{"name":"(anonymous_1)","decl":{"start":{"line":36,"column":4},"end":{"line":36,"column":5}},"loc":{"start":{"line":36,"column":24},"end":{"line":64,"column":5}},"line":36},"2":{"name":"(anonymous_2)","decl":{"start":{"line":38,"column":18},"end":{"line":38,"column":19}},"loc":{"start":{"line":38,"column":30},"end":{"line":60,"column":13}},"line":38},"3":{"name":"(anonymous_3)","decl":{"start":{"line":61,"column":19},"end":{"line":61,"column":20}},"loc":{"start":{"line":61,"column":36},"end":{"line":63,"column":13}},"line":61},"4":{"name":"(anonymous_4)","decl":{"start":{"line":66,"column":4},"end":{"line":66,"column":5}},"loc":{"start":{"line":66,"column":28},"end":{"line":70,"column":5}},"line":66},"5":{"name":"(anonymous_5)","decl":{"start":{"line":72,"column":4},"end":{"line":72,"column":5}},"loc":{"start":{"line":72,"column":28},"end":{"line":76,"column":5}},"line":72},"6":{"name":"(anonymous_6)","decl":{"start":{"line":78,"column":4},"end":{"line":78,"column":5}},"loc":{"start":{"line":78,"column":28},"end":{"line":82,"column":5}},"line":78},"7":{"name":"(anonymous_7)","decl":{"start":{"line":83,"column":1},"end":{"line":83,"column":2}},"loc":{"start":{"line":83,"column":28},"end":{"line":87,"column":2}},"line":83},"8":{"name":"(anonymous_8)","decl":{"start":{"line":89,"column":1},"end":{"line":89,"column":2}},"loc":{"start":{"line":89,"column":23},"end":{"line":101,"column":1}},"line":89},"9":{"name":"(anonymous_9)","decl":{"start":{"line":102,"column":1},"end":{"line":102,"column":2}},"loc":{"start":{"line":102,"column":18},"end":{"line":103,"column":1}},"line":102},"10":{"name":"(anonymous_10)","decl":{"start":{"line":105,"column":4},"end":{"line":105,"column":5}},"loc":{"start":{"line":105,"column":30},"end":{"line":109,"column":5}},"line":105},"11":{"name":"(anonymous_11)","decl":{"start":{"line":111,"column":4},"end":{"line":111,"column":5}},"loc":{"start":{"line":111,"column":27},"end":{"line":115,"column":5}},"line":111},"12":{"name":"(anonymous_12)","decl":{"start":{"line":117,"column":4},"end":{"line":117,"column":5}},"loc":{"start":{"line":117,"column":16},"end":{"line":141,"column":5}},"line":117},"13":{"name":"(anonymous_13)","decl":{"start":{"line":136,"column":18},"end":{"line":136,"column":19}},"loc":{"start":{"line":136,"column":25},"end":{"line":140,"column":13}},"line":136},"14":{"name":"(anonymous_14)","decl":{"start":{"line":143,"column":4},"end":{"line":143,"column":5}},"loc":{"start":{"line":143,"column":13},"end":{"line":266,"column":5}},"line":143}},"branchMap":{"0":{"loc":{"start":{"line":43,"column":16},"end":{"line":53,"column":17}},"type":"if","locations":[{"start":{"line":43,"column":16},"end":{"line":53,"column":17}},{"start":{"line":43,"column":16},"end":{"line":53,"column":17}}],"line":43},"1":{"loc":{"start":{"line":43,"column":19},"end":{"line":43,"column":102}},"type":"binary-expr","locations":[{"start":{"line":43,"column":19},"end":{"line":43,"column":59}},{"start":{"line":43,"column":63},"end":{"line":43,"column":102}}],"line":43},"2":{"loc":{"start":{"line":90,"column":2},"end":{"line":100,"column":2}},"type":"if","locations":[{"start":{"line":90,"column":2},"end":{"line":100,"column":2}},{"start":{"line":90,"column":2},"end":{"line":100,"column":2}}],"line":90},"3":{"loc":{"start":{"line":232,"column":7},"end":{"line":232,"column":62}},"type":"cond-expr","locations":[{"start":{"line":232,"column":32},"end":{"line":232,"column":58}},{"start":{"line":232,"column":60},"end":{"line":232,"column":62}}],"line":232},"4":{"loc":{"start":{"line":233,"column":7},"end":{"line":239,"column":13}},"type":"cond-expr","locations":[{"start":{"line":234,"column":6},"end":{"line":239,"column":8}},{"start":{"line":239,"column":11},"end":{"line":239,"column":13}}],"line":233}},"s":{"0":1,"1":1,"2":1,"3":1,"4":1,"5":1,"6":1,"7":1,"8":1,"9":1,"10":1,"11":0,"12":0,"13":0,"14":0,"15":0,"16":0,"17":0,"18":0,"19":0,"20":0,"21":0,"22":0,"23":0,"24":0,"25":0,"26":0,"27":0,"28":0,"29":0,"30":0,"31":0,"32":0,"33":0,"34":0,"35":0,"36":0,"37":0,"38":0,"39":0,"40":0,"41":0,"42":0,"43":1,"44":1},"f":{"0":1,"1":1,"2":0,"3":0,"4":0,"5":0,"6":0,"7":0,"8":0,"9":0,"10":0,"11":0,"12":0,"13":0,"14":1},"b":{"0":[0,0],"1":[0,0],"2":[0,0],"3":[0,1],"4":[0,1]},"_coverageSchema":"43e27e138ebf9cfc5966b082cf9a028302ed4184","hash":"a210f2ffc1ec8cf0a0891ddf6e1e7ef2d28ac95d"}
,"C:\\Users\\QAKrisDuff\\Documents\\Github\\QA\\bursaryproject\\React\\src\\components\\exportDates..component.js": {"path":"C:\\Users\\QAKrisDuff\\Documents\\Github\\QA\\bursaryproject\\React\\src\\components\\exportDates..component.js","statementMap":{"0":{"start":{"line":16,"column":8},"end":{"line":16,"column":21}},"1":{"start":{"line":18,"column":8},"end":{"line":24,"column":5}},"2":{"start":{"line":27,"column":8},"end":{"line":27,"column":61}},"3":{"start":{"line":31,"column":8},"end":{"line":51,"column":14}},"4":{"start":{"line":33,"column":32},"end":{"line":33,"column":45}},"5":{"start":{"line":34,"column":16},"end":{"line":46,"column":19}},"6":{"start":{"line":35,"column":33},"end":{"line":35,"column":112}},"7":{"start":{"line":36,"column":20},"end":{"line":36,"column":85}},"8":{"start":{"line":37,"column":20},"end":{"line":37,"column":94}},"9":{"start":{"line":38,"column":20},"end":{"line":38,"column":85}},"10":{"start":{"line":39,"column":20},"end":{"line":39,"column":94}},"11":{"start":{"line":40,"column":20},"end":{"line":40,"column":85}},"12":{"start":{"line":42,"column":20},"end":{"line":42,"column":99}},"13":{"start":{"line":43,"column":20},"end":{"line":43,"column":90}},"14":{"start":{"line":44,"column":20},"end":{"line":44,"column":97}},"15":{"start":{"line":45,"column":20},"end":{"line":45,"column":90}},"16":{"start":{"line":47,"column":16},"end":{"line":47,"column":53}},"17":{"start":{"line":50,"column":16},"end":{"line":50,"column":35}},"18":{"start":{"line":56,"column":8},"end":{"line":59,"column":11}},"19":{"start":{"line":64,"column":23},"end":{"line":64,"column":42}},"20":{"start":{"line":65,"column":21},"end":{"line":65,"column":44}},"21":{"start":{"line":66,"column":21},"end":{"line":66,"column":35}},"22":{"start":{"line":67,"column":8},"end":{"line":67,"column":54}},"23":{"start":{"line":68,"column":8},"end":{"line":68,"column":45}},"24":{"start":{"line":70,"column":8},"end":{"line":79,"column":9}},"25":{"start":{"line":71,"column":12},"end":{"line":78,"column":14}},"26":{"start":{"line":72,"column":16},"end":{"line":77,"column":17}},"27":{"start":{"line":73,"column":31},"end":{"line":73,"column":82}},"28":{"start":{"line":74,"column":20},"end":{"line":74,"column":37}},"29":{"start":{"line":75,"column":20},"end":{"line":75,"column":40}},"30":{"start":{"line":76,"column":20},"end":{"line":76,"column":29}},"31":{"start":{"line":81,"column":8},"end":{"line":119,"column":10}},"32":{"start":{"line":106,"column":28},"end":{"line":112,"column":30}}},"fnMap":{"0":{"name":"(anonymous_0)","decl":{"start":{"line":15,"column":4},"end":{"line":15,"column":5}},"loc":{"start":{"line":15,"column":23},"end":{"line":28,"column":5}},"line":15},"1":{"name":"(anonymous_1)","decl":{"start":{"line":30,"column":4},"end":{"line":30,"column":5}},"loc":{"start":{"line":30,"column":24},"end":{"line":52,"column":5}},"line":30},"2":{"name":"(anonymous_2)","decl":{"start":{"line":32,"column":18},"end":{"line":32,"column":19}},"loc":{"start":{"line":32,"column":30},"end":{"line":48,"column":13}},"line":32},"3":{"name":"(anonymous_3)","decl":{"start":{"line":34,"column":30},"end":{"line":34,"column":31}},"loc":{"start":{"line":34,"column":57},"end":{"line":46,"column":17}},"line":34},"4":{"name":"(anonymous_4)","decl":{"start":{"line":49,"column":19},"end":{"line":49,"column":20}},"loc":{"start":{"line":49,"column":35},"end":{"line":51,"column":13}},"line":49},"5":{"name":"(anonymous_5)","decl":{"start":{"line":55,"column":20},"end":{"line":55,"column":21}},"loc":{"start":{"line":55,"column":26},"end":{"line":60,"column":5}},"line":55},"6":{"name":"(anonymous_6)","decl":{"start":{"line":62,"column":4},"end":{"line":62,"column":5}},"loc":{"start":{"line":62,"column":13},"end":{"line":126,"column":2}},"line":62},"7":{"name":"(anonymous_7)","decl":{"start":{"line":71,"column":39},"end":{"line":71,"column":40}},"loc":{"start":{"line":71,"column":50},"end":{"line":78,"column":13}},"line":71},"8":{"name":"(anonymous_8)","decl":{"start":{"line":105,"column":38},"end":{"line":105,"column":39}},"loc":{"start":{"line":105,"column":43},"end":{"line":113,"column":25}},"line":105}},"branchMap":{"0":{"loc":{"start":{"line":70,"column":8},"end":{"line":79,"column":9}},"type":"if","locations":[{"start":{"line":70,"column":8},"end":{"line":79,"column":9}},{"start":{"line":70,"column":8},"end":{"line":79,"column":9}}],"line":70},"1":{"loc":{"start":{"line":72,"column":16},"end":{"line":77,"column":17}},"type":"if","locations":[{"start":{"line":72,"column":16},"end":{"line":77,"column":17}},{"start":{"line":72,"column":16},"end":{"line":77,"column":17}}],"line":72}},"s":{"0":1,"1":1,"2":1,"3":1,"4":0,"5":0,"6":0,"7":0,"8":0,"9":0,"10":0,"11":0,"12":0,"13":0,"14":0,"15":0,"16":0,"17":0,"18":0,"19":1,"20":1,"21":1,"22":1,"23":1,"24":1,"25":0,"26":0,"27":0,"28":0,"29":0,"30":0,"31":1,"32":0},"f":{"0":1,"1":1,"2":0,"3":0,"4":0,"5":0,"6":1,"7":0,"8":0},"b":{"0":[0,1],"1":[0,0]},"_coverageSchema":"43e27e138ebf9cfc5966b082cf9a028302ed4184","hash":"7e06c6741e6c85d9b5e12ac4b04ee3a24e4742da"}
,"C:\\Users\\QAKrisDuff\\Documents\\Github\\QA\\bursaryproject\\React\\src\\components\\list-trainee.component.js": {"path":"C:\\Users\\QAKrisDuff\\Documents\\Github\\QA\\bursaryproject\\React\\src\\components\\list-trainee.component.js","statementMap":{"0":{"start":{"line":13,"column":8},"end":{"line":13,"column":21}},"1":{"start":{"line":15,"column":8},"end":{"line":19,"column":5}},"2":{"start":{"line":22,"column":8},"end":{"line":22,"column":61}},"3":{"start":{"line":26,"column":8},"end":{"line":41,"column":14}},"4":{"start":{"line":28,"column":32},"end":{"line":28,"column":45}},"5":{"start":{"line":29,"column":16},"end":{"line":36,"column":19}},"6":{"start":{"line":30,"column":33},"end":{"line":30,"column":112}},"7":{"start":{"line":31,"column":20},"end":{"line":31,"column":85}},"8":{"start":{"line":32,"column":20},"end":{"line":32,"column":94}},"9":{"start":{"line":33,"column":20},"end":{"line":33,"column":85}},"10":{"start":{"line":34,"column":20},"end":{"line":34,"column":94}},"11":{"start":{"line":35,"column":20},"end":{"line":35,"column":85}},"12":{"start":{"line":37,"column":16},"end":{"line":37,"column":53}},"13":{"start":{"line":40,"column":16},"end":{"line":40,"column":35}},"14":{"start":{"line":46,"column":8},"end":{"line":48,"column":11}},"15":{"start":{"line":53,"column":23},"end":{"line":53,"column":42}},"16":{"start":{"line":54,"column":21},"end":{"line":54,"column":85}},"17":{"start":{"line":56,"column":8},"end":{"line":65,"column":9}},"18":{"start":{"line":57,"column":12},"end":{"line":64,"column":14}},"19":{"start":{"line":58,"column":16},"end":{"line":63,"column":17}},"20":{"start":{"line":62,"column":20},"end":{"line":62,"column":29}},"21":{"start":{"line":73,"column":3},"end":{"line":115,"column":10}},"22":{"start":{"line":99,"column":28},"end":{"line":108,"column":30}},"23":{"start":{"line":104,"column":64},"end":{"line":104,"column":104}},"24":{"start":{"line":105,"column":57},"end":{"line":105,"column":181}},"25":{"start":{"line":105,"column":156},"end":{"line":105,"column":180}}},"fnMap":{"0":{"name":"(anonymous_0)","decl":{"start":{"line":12,"column":4},"end":{"line":12,"column":5}},"loc":{"start":{"line":12,"column":23},"end":{"line":23,"column":5}},"line":12},"1":{"name":"(anonymous_1)","decl":{"start":{"line":25,"column":4},"end":{"line":25,"column":5}},"loc":{"start":{"line":25,"column":24},"end":{"line":42,"column":5}},"line":25},"2":{"name":"(anonymous_2)","decl":{"start":{"line":27,"column":18},"end":{"line":27,"column":19}},"loc":{"start":{"line":27,"column":30},"end":{"line":38,"column":13}},"line":27},"3":{"name":"(anonymous_3)","decl":{"start":{"line":29,"column":30},"end":{"line":29,"column":31}},"loc":{"start":{"line":29,"column":57},"end":{"line":36,"column":17}},"line":29},"4":{"name":"(anonymous_4)","decl":{"start":{"line":39,"column":19},"end":{"line":39,"column":20}},"loc":{"start":{"line":39,"column":35},"end":{"line":41,"column":13}},"line":39},"5":{"name":"(anonymous_5)","decl":{"start":{"line":45,"column":4},"end":{"line":45,"column":5}},"loc":{"start":{"line":45,"column":22},"end":{"line":49,"column":5}},"line":45},"6":{"name":"(anonymous_6)","decl":{"start":{"line":51,"column":4},"end":{"line":51,"column":5}},"loc":{"start":{"line":51,"column":13},"end":{"line":116,"column":3}},"line":51},"7":{"name":"(anonymous_7)","decl":{"start":{"line":57,"column":39},"end":{"line":57,"column":40}},"loc":{"start":{"line":57,"column":50},"end":{"line":64,"column":13}},"line":57},"8":{"name":"(anonymous_8)","decl":{"start":{"line":98,"column":38},"end":{"line":98,"column":39}},"loc":{"start":{"line":98,"column":43},"end":{"line":109,"column":25}},"line":98},"9":{"name":"(anonymous_9)","decl":{"start":{"line":104,"column":58},"end":{"line":104,"column":59}},"loc":{"start":{"line":104,"column":64},"end":{"line":104,"column":104}},"line":104},"10":{"name":"(anonymous_10)","decl":{"start":{"line":105,"column":53},"end":{"line":105,"column":54}},"loc":{"start":{"line":105,"column":57},"end":{"line":105,"column":181}},"line":105},"11":{"name":"(anonymous_11)","decl":{"start":{"line":105,"column":142},"end":{"line":105,"column":143}},"loc":{"start":{"line":105,"column":156},"end":{"line":105,"column":180}},"line":105}},"branchMap":{"0":{"loc":{"start":{"line":56,"column":8},"end":{"line":65,"column":9}},"type":"if","locations":[{"start":{"line":56,"column":8},"end":{"line":65,"column":9}},{"start":{"line":56,"column":8},"end":{"line":65,"column":9}}],"line":56},"1":{"loc":{"start":{"line":58,"column":16},"end":{"line":63,"column":17}},"type":"if","locations":[{"start":{"line":58,"column":16},"end":{"line":63,"column":17}},{"start":{"line":58,"column":16},"end":{"line":63,"column":17}}],"line":58},"2":{"loc":{"start":{"line":58,"column":19},"end":{"line":61,"column":128}},"type":"binary-expr","locations":[{"start":{"line":58,"column":19},"end":{"line":58,"column":62}},{"start":{"line":59,"column":19},"end":{"line":59,"column":62}},{"start":{"line":60,"column":19},"end":{"line":60,"column":62}},{"start":{"line":61,"column":19},"end":{"line":61,"column":128}}],"line":58}},"s":{"0":2,"1":2,"2":2,"3":2,"4":0,"5":0,"6":0,"7":0,"8":0,"9":0,"10":0,"11":0,"12":0,"13":0,"14":0,"15":2,"16":2,"17":2,"18":0,"19":0,"20":0,"21":2,"22":0,"23":0,"24":0,"25":0},"f":{"0":2,"1":2,"2":0,"3":0,"4":0,"5":0,"6":2,"7":0,"8":0,"9":0,"10":0,"11":0},"b":{"0":[0,2],"1":[0,0],"2":[0,0,0,0]},"_coverageSchema":"43e27e138ebf9cfc5966b082cf9a028302ed4184","hash":"63c6ccd4b4fd83e4b983c0bf10356ab1fda041fe"}
,"C:\\Users\\QAKrisDuff\\Documents\\Github\\QA\\bursaryproject\\React\\src\\components\\list-user.component.js": {"path":"C:\\Users\\QAKrisDuff\\Documents\\Github\\QA\\bursaryproject\\React\\src\\components\\list-user.component.js","statementMap":{"0":{"start":{"line":15,"column":1},"end":{"line":18,"column":3}},"1":{"start":{"line":16,"column":3},"end":{"line":16,"column":81}},"2":{"start":{"line":19,"column":8},"end":{"line":19,"column":21}},"3":{"start":{"line":21,"column":8},"end":{"line":25,"column":5}},"4":{"start":{"line":26,"column":8},"end":{"line":26,"column":61}},"5":{"start":{"line":31,"column":8},"end":{"line":44,"column":14}},"6":{"start":{"line":33,"column":3},"end":{"line":40,"column":13}},"7":{"start":{"line":34,"column":32},"end":{"line":34,"column":45}},"8":{"start":{"line":35,"column":16},"end":{"line":38,"column":19}},"9":{"start":{"line":36,"column":32},"end":{"line":36,"column":100}},"10":{"start":{"line":37,"column":20},"end":{"line":37,"column":74}},"11":{"start":{"line":39,"column":16},"end":{"line":39,"column":50}},"12":{"start":{"line":43,"column":16},"end":{"line":43,"column":35}},"13":{"start":{"line":48,"column":8},"end":{"line":50,"column":10}},"14":{"start":{"line":55,"column":20},"end":{"line":55,"column":36}},"15":{"start":{"line":56,"column":21},"end":{"line":56,"column":65}},"16":{"start":{"line":58,"column":8},"end":{"line":64,"column":9}},"17":{"start":{"line":59,"column":12},"end":{"line":63,"column":14}},"18":{"start":{"line":60,"column":16},"end":{"line":62,"column":17}},"19":{"start":{"line":61,"column":20},"end":{"line":61,"column":29}},"20":{"start":{"line":69,"column":8},"end":{"line":105,"column":9}},"21":{"start":{"line":92,"column":28},"end":{"line":100,"column":29}},"22":{"start":{"line":97,"column":57},"end":{"line":97,"column":182}},"23":{"start":{"line":97,"column":157},"end":{"line":97,"column":181}}},"fnMap":{"0":{"name":"(anonymous_0)","decl":{"start":{"line":13,"column":4},"end":{"line":13,"column":5}},"loc":{"start":{"line":13,"column":23},"end":{"line":27,"column":5}},"line":13},"1":{"name":"(anonymous_1)","decl":{"start":{"line":30,"column":4},"end":{"line":30,"column":5}},"loc":{"start":{"line":30,"column":24},"end":{"line":45,"column":3}},"line":30},"2":{"name":"(anonymous_2)","decl":{"start":{"line":32,"column":18},"end":{"line":32,"column":19}},"loc":{"start":{"line":32,"column":30},"end":{"line":41,"column":4}},"line":32},"3":{"name":"(anonymous_3)","decl":{"start":{"line":35,"column":30},"end":{"line":35,"column":31}},"loc":{"start":{"line":35,"column":54},"end":{"line":38,"column":17}},"line":35},"4":{"name":"(anonymous_4)","decl":{"start":{"line":42,"column":19},"end":{"line":42,"column":20}},"loc":{"start":{"line":42,"column":35},"end":{"line":44,"column":13}},"line":42},"5":{"name":"(anonymous_5)","decl":{"start":{"line":47,"column":4},"end":{"line":47,"column":5}},"loc":{"start":{"line":47,"column":22},"end":{"line":51,"column":5}},"line":47},"6":{"name":"(anonymous_6)","decl":{"start":{"line":54,"column":4},"end":{"line":54,"column":5}},"loc":{"start":{"line":54,"column":13},"end":{"line":106,"column":5}},"line":54},"7":{"name":"(anonymous_7)","decl":{"start":{"line":59,"column":33},"end":{"line":59,"column":34}},"loc":{"start":{"line":59,"column":44},"end":{"line":63,"column":13}},"line":59},"8":{"name":"(anonymous_8)","decl":{"start":{"line":91,"column":35},"end":{"line":91,"column":36}},"loc":{"start":{"line":91,"column":43},"end":{"line":101,"column":25}},"line":91},"9":{"name":"(anonymous_9)","decl":{"start":{"line":97,"column":53},"end":{"line":97,"column":54}},"loc":{"start":{"line":97,"column":57},"end":{"line":97,"column":182}},"line":97},"10":{"name":"(anonymous_10)","decl":{"start":{"line":97,"column":143},"end":{"line":97,"column":144}},"loc":{"start":{"line":97,"column":157},"end":{"line":97,"column":181}},"line":97}},"branchMap":{"0":{"loc":{"start":{"line":15,"column":1},"end":{"line":18,"column":3}},"type":"if","locations":[{"start":{"line":15,"column":1},"end":{"line":18,"column":3}},{"start":{"line":15,"column":1},"end":{"line":18,"column":3}}],"line":15},"1":{"loc":{"start":{"line":33,"column":3},"end":{"line":40,"column":13}},"type":"if","locations":[{"start":{"line":33,"column":3},"end":{"line":40,"column":13}},{"start":{"line":33,"column":3},"end":{"line":40,"column":13}}],"line":33},"2":{"loc":{"start":{"line":58,"column":8},"end":{"line":64,"column":9}},"type":"if","locations":[{"start":{"line":58,"column":8},"end":{"line":64,"column":9}},{"start":{"line":58,"column":8},"end":{"line":64,"column":9}}],"line":58},"3":{"loc":{"start":{"line":60,"column":16},"end":{"line":62,"column":17}},"type":"if","locations":[{"start":{"line":60,"column":16},"end":{"line":62,"column":17}},{"start":{"line":60,"column":16},"end":{"line":62,"column":17}}],"line":60},"4":{"loc":{"start":{"line":60,"column":19},"end":{"line":60,"column":92}},"type":"binary-expr","locations":[{"start":{"line":60,"column":19},"end":{"line":60,"column":54}},{"start":{"line":60,"column":58},"end":{"line":60,"column":92}}],"line":60}},"s":{"0":4,"1":4,"2":4,"3":4,"4":4,"5":4,"6":0,"7":0,"8":0,"9":0,"10":0,"11":0,"12":1,"13":0,"14":4,"15":4,"16":4,"17":0,"18":0,"19":0,"20":4,"21":0,"22":0,"23":0},"f":{"0":4,"1":4,"2":0,"3":0,"4":1,"5":0,"6":4,"7":0,"8":0,"9":0,"10":0},"b":{"0":[4,0],"1":[0,0],"2":[0,4],"3":[0,0],"4":[0,0]},"_coverageSchema":"43e27e138ebf9cfc5966b082cf9a028302ed4184","hash":"82e03058ee8c076e644a65f97feaf682ff40024a"}
,"C:\\Users\\QAKrisDuff\\Documents\\Github\\QA\\bursaryproject\\React\\src\\components\\login.component.js": {"path":"C:\\Users\\QAKrisDuff\\Documents\\Github\\QA\\bursaryproject\\React\\src\\components\\login.component.js","statementMap":{"0":{"start":{"line":14,"column":8},"end":{"line":14,"column":21}},"1":{"start":{"line":16,"column":8},"end":{"line":18,"column":9}},"2":{"start":{"line":17,"column":12},"end":{"line":17,"column":41}},"3":{"start":{"line":19,"column":8},"end":{"line":22,"column":10}},"4":{"start":{"line":26,"column":8},"end":{"line":28,"column":11}},"5":{"start":{"line":32,"column":8},"end":{"line":34,"column":10}},"6":{"start":{"line":38,"column":8},"end":{"line":38,"column":31}},"7":{"start":{"line":39,"column":8},"end":{"line":39,"column":82}},"8":{"start":{"line":41,"column":24},"end":{"line":41,"column":93}},"9":{"start":{"line":42,"column":19},"end":{"line":42,"column":72}},"10":{"start":{"line":43,"column":21},"end":{"line":47,"column":9}},"11":{"start":{"line":49,"column":22},"end":{"line":51,"column":9}},"12":{"start":{"line":52,"column":28},"end":{"line":52,"column":56}},"13":{"start":{"line":54,"column":8},"end":{"line":84,"column":15}},"14":{"start":{"line":56,"column":16},"end":{"line":79,"column":17}},"15":{"start":{"line":57,"column":20},"end":{"line":71,"column":21}},"16":{"start":{"line":58,"column":24},"end":{"line":58,"column":132}},"17":{"start":{"line":59,"column":24},"end":{"line":59,"column":61}},"18":{"start":{"line":60,"column":24},"end":{"line":60,"column":83}},"19":{"start":{"line":62,"column":25},"end":{"line":71,"column":21}},"20":{"start":{"line":63,"column":24},"end":{"line":63,"column":102}},"21":{"start":{"line":64,"column":24},"end":{"line":64,"column":61}},"22":{"start":{"line":65,"column":24},"end":{"line":65,"column":83}},"23":{"start":{"line":67,"column":24},"end":{"line":67,"column":97}},"24":{"start":{"line":69,"column":24},"end":{"line":69,"column":61}},"25":{"start":{"line":70,"column":24},"end":{"line":70,"column":83}},"26":{"start":{"line":73,"column":21},"end":{"line":79,"column":17}},"27":{"start":{"line":74,"column":20},"end":{"line":74,"column":67}},"28":{"start":{"line":75,"column":20},"end":{"line":75,"column":64}},"29":{"start":{"line":77,"column":20},"end":{"line":77,"column":58}},"30":{"start":{"line":78,"column":20},"end":{"line":78,"column":50}},"31":{"start":{"line":82,"column":16},"end":{"line":82,"column":48}},"32":{"start":{"line":83,"column":16},"end":{"line":83,"column":43}},"33":{"start":{"line":88,"column":8},"end":{"line":103,"column":9}}},"fnMap":{"0":{"name":"(anonymous_0)","decl":{"start":{"line":13,"column":4},"end":{"line":13,"column":5}},"loc":{"start":{"line":13,"column":23},"end":{"line":23,"column":5}},"line":13},"1":{"name":"(anonymous_1)","decl":{"start":{"line":25,"column":21},"end":{"line":25,"column":22}},"loc":{"start":{"line":25,"column":30},"end":{"line":29,"column":5}},"line":25},"2":{"name":"(anonymous_2)","decl":{"start":{"line":31,"column":21},"end":{"line":31,"column":22}},"loc":{"start":{"line":31,"column":30},"end":{"line":35,"column":5}},"line":31},"3":{"name":"(anonymous_3)","decl":{"start":{"line":37,"column":15},"end":{"line":37,"column":16}},"loc":{"start":{"line":37,"column":24},"end":{"line":85,"column":5}},"line":37},"4":{"name":"(anonymous_4)","decl":{"start":{"line":39,"column":40},"end":{"line":39,"column":41}},"loc":{"start":{"line":39,"column":52},"end":{"line":39,"column":55}},"line":39},"5":{"name":"(anonymous_5)","decl":{"start":{"line":39,"column":64},"end":{"line":39,"column":65}},"loc":{"start":{"line":39,"column":76},"end":{"line":39,"column":79}},"line":39},"6":{"name":"(anonymous_6)","decl":{"start":{"line":55,"column":18},"end":{"line":55,"column":19}},"loc":{"start":{"line":55,"column":33},"end":{"line":80,"column":13}},"line":55},"7":{"name":"(anonymous_7)","decl":{"start":{"line":81,"column":19},"end":{"line":81,"column":20}},"loc":{"start":{"line":81,"column":28},"end":{"line":84,"column":13}},"line":81},"8":{"name":"(anonymous_8)","decl":{"start":{"line":87,"column":4},"end":{"line":87,"column":5}},"loc":{"start":{"line":87,"column":13},"end":{"line":104,"column":5}},"line":87}},"branchMap":{"0":{"loc":{"start":{"line":16,"column":8},"end":{"line":18,"column":9}},"type":"if","locations":[{"start":{"line":16,"column":8},"end":{"line":18,"column":9}},{"start":{"line":16,"column":8},"end":{"line":18,"column":9}}],"line":16},"1":{"loc":{"start":{"line":56,"column":16},"end":{"line":79,"column":17}},"type":"if","locations":[{"start":{"line":56,"column":16},"end":{"line":79,"column":17}},{"start":{"line":56,"column":16},"end":{"line":79,"column":17}}],"line":56},"2":{"loc":{"start":{"line":57,"column":20},"end":{"line":71,"column":21}},"type":"if","locations":[{"start":{"line":57,"column":20},"end":{"line":71,"column":21}},{"start":{"line":57,"column":20},"end":{"line":71,"column":21}}],"line":57},"3":{"loc":{"start":{"line":62,"column":25},"end":{"line":71,"column":21}},"type":"if","locations":[{"start":{"line":62,"column":25},"end":{"line":71,"column":21}},{"start":{"line":62,"column":25},"end":{"line":71,"column":21}}],"line":62},"4":{"loc":{"start":{"line":73,"column":21},"end":{"line":79,"column":17}},"type":"if","locations":[{"start":{"line":73,"column":21},"end":{"line":79,"column":17}},{"start":{"line":73,"column":21},"end":{"line":79,"column":17}}],"line":73}},"s":{"0":6,"1":6,"2":0,"3":6,"4":2,"5":2,"6":2,"7":2,"8":2,"9":2,"10":2,"11":2,"12":2,"13":2,"14":0,"15":0,"16":0,"17":0,"18":0,"19":0,"20":0,"21":0,"22":0,"23":0,"24":0,"25":0,"26":0,"27":0,"28":0,"29":0,"30":0,"31":0,"32":0,"33":10},"f":{"0":6,"1":2,"2":2,"3":2,"4":0,"5":0,"6":0,"7":0,"8":10},"b":{"0":[0,6],"1":[0,0],"2":[0,0],"3":[0,0],"4":[0,0]},"_coverageSchema":"43e27e138ebf9cfc5966b082cf9a028302ed4184","hash":"30912c1ba11e6a7e794cbc451bc7fff5a2d595a3"}
,"C:\\Users\\QAKrisDuff\\Documents\\Github\\QA\\bursaryproject\\React\\src\\components\\standalone-list-trainee.component.js": {"path":"C:\\Users\\QAKrisDuff\\Documents\\Github\\QA\\bursaryproject\\React\\src\\components\\standalone-list-trainee.component.js","statementMap":{"0":{"start":{"line":13,"column":8},"end":{"line":13,"column":21}},"1":{"start":{"line":15,"column":8},"end":{"line":19,"column":5}},"2":{"start":{"line":22,"column":8},"end":{"line":22,"column":61}},"3":{"start":{"line":26,"column":8},"end":{"line":41,"column":14}},"4":{"start":{"line":28,"column":32},"end":{"line":28,"column":45}},"5":{"start":{"line":29,"column":16},"end":{"line":36,"column":19}},"6":{"start":{"line":30,"column":33},"end":{"line":30,"column":112}},"7":{"start":{"line":31,"column":20},"end":{"line":31,"column":85}},"8":{"start":{"line":32,"column":20},"end":{"line":32,"column":94}},"9":{"start":{"line":33,"column":20},"end":{"line":33,"column":85}},"10":{"start":{"line":34,"column":20},"end":{"line":34,"column":94}},"11":{"start":{"line":35,"column":20},"end":{"line":35,"column":85}},"12":{"start":{"line":37,"column":16},"end":{"line":37,"column":53}},"13":{"start":{"line":40,"column":16},"end":{"line":40,"column":35}},"14":{"start":{"line":46,"column":8},"end":{"line":48,"column":11}},"15":{"start":{"line":53,"column":23},"end":{"line":53,"column":42}},"16":{"start":{"line":54,"column":21},"end":{"line":54,"column":65}},"17":{"start":{"line":56,"column":8},"end":{"line":65,"column":9}},"18":{"start":{"line":57,"column":12},"end":{"line":64,"column":14}},"19":{"start":{"line":58,"column":16},"end":{"line":63,"column":17}},"20":{"start":{"line":62,"column":20},"end":{"line":62,"column":29}},"21":{"start":{"line":72,"column":3},"end":{"line":108,"column":10}},"22":{"start":{"line":96,"column":28},"end":{"line":102,"column":30}}},"fnMap":{"0":{"name":"(anonymous_0)","decl":{"start":{"line":12,"column":4},"end":{"line":12,"column":5}},"loc":{"start":{"line":12,"column":23},"end":{"line":23,"column":5}},"line":12},"1":{"name":"(anonymous_1)","decl":{"start":{"line":25,"column":4},"end":{"line":25,"column":5}},"loc":{"start":{"line":25,"column":24},"end":{"line":42,"column":5}},"line":25},"2":{"name":"(anonymous_2)","decl":{"start":{"line":27,"column":18},"end":{"line":27,"column":19}},"loc":{"start":{"line":27,"column":30},"end":{"line":38,"column":13}},"line":27},"3":{"name":"(anonymous_3)","decl":{"start":{"line":29,"column":30},"end":{"line":29,"column":31}},"loc":{"start":{"line":29,"column":57},"end":{"line":36,"column":17}},"line":29},"4":{"name":"(anonymous_4)","decl":{"start":{"line":39,"column":19},"end":{"line":39,"column":20}},"loc":{"start":{"line":39,"column":35},"end":{"line":41,"column":13}},"line":39},"5":{"name":"(anonymous_5)","decl":{"start":{"line":45,"column":4},"end":{"line":45,"column":5}},"loc":{"start":{"line":45,"column":22},"end":{"line":49,"column":5}},"line":45},"6":{"name":"(anonymous_6)","decl":{"start":{"line":51,"column":4},"end":{"line":51,"column":5}},"loc":{"start":{"line":51,"column":13},"end":{"line":165,"column":2}},"line":51},"7":{"name":"(anonymous_7)","decl":{"start":{"line":57,"column":39},"end":{"line":57,"column":40}},"loc":{"start":{"line":57,"column":50},"end":{"line":64,"column":13}},"line":57},"8":{"name":"(anonymous_8)","decl":{"start":{"line":95,"column":38},"end":{"line":95,"column":39}},"loc":{"start":{"line":95,"column":43},"end":{"line":103,"column":25}},"line":95}},"branchMap":{"0":{"loc":{"start":{"line":56,"column":8},"end":{"line":65,"column":9}},"type":"if","locations":[{"start":{"line":56,"column":8},"end":{"line":65,"column":9}},{"start":{"line":56,"column":8},"end":{"line":65,"column":9}}],"line":56},"1":{"loc":{"start":{"line":58,"column":16},"end":{"line":63,"column":17}},"type":"if","locations":[{"start":{"line":58,"column":16},"end":{"line":63,"column":17}},{"start":{"line":58,"column":16},"end":{"line":63,"column":17}}],"line":58},"2":{"loc":{"start":{"line":58,"column":19},"end":{"line":61,"column":128}},"type":"binary-expr","locations":[{"start":{"line":58,"column":19},"end":{"line":58,"column":62}},{"start":{"line":59,"column":19},"end":{"line":59,"column":62}},{"start":{"line":60,"column":19},"end":{"line":60,"column":62}},{"start":{"line":61,"column":19},"end":{"line":61,"column":128}}],"line":58}},"s":{"0":7,"1":7,"2":7,"3":6,"4":0,"5":0,"6":0,"7":0,"8":0,"9":0,"10":0,"11":0,"12":0,"13":1,"14":0,"15":7,"16":7,"17":7,"18":0,"19":0,"20":0,"21":7,"22":0},"f":{"0":7,"1":6,"2":0,"3":0,"4":1,"5":0,"6":7,"7":0,"8":0},"b":{"0":[0,7],"1":[0,0],"2":[0,0,0,0]},"_coverageSchema":"43e27e138ebf9cfc5966b082cf9a028302ed4184","hash":"d1b525d337c1ffc431cf54b04e9e09599299cba5"}
,"C:\\Users\\QAKrisDuff\\Documents\\Github\\QA\\bursaryproject\\React\\src\\components\\tab-finance.component.js": {"path":"C:\\Users\\QAKrisDuff\\Documents\\Github\\QA\\bursaryproject\\React\\src\\components\\tab-finance.component.js","statementMap":{"0":{"start":{"line":13,"column":4},"end":{"line":13,"column":17}},"1":{"start":{"line":15,"column":4},"end":{"line":15,"column":41}},"2":{"start":{"line":16,"column":4},"end":{"line":19,"column":6}},"3":{"start":{"line":23,"column":4},"end":{"line":28,"column":5}},"4":{"start":{"line":24,"column":6},"end":{"line":26,"column":9}},"5":{"start":{"line":33,"column":4},"end":{"line":62,"column":6}},"6":{"start":{"line":39,"column":31},"end":{"line":39,"column":48}},"7":{"start":{"line":47,"column":31},"end":{"line":47,"column":48}}},"fnMap":{"0":{"name":"(anonymous_0)","decl":{"start":{"line":12,"column":2},"end":{"line":12,"column":3}},"loc":{"start":{"line":12,"column":21},"end":{"line":20,"column":3}},"line":12},"1":{"name":"(anonymous_1)","decl":{"start":{"line":22,"column":2},"end":{"line":22,"column":3}},"loc":{"start":{"line":22,"column":14},"end":{"line":29,"column":3}},"line":22},"2":{"name":"(anonymous_2)","decl":{"start":{"line":31,"column":2},"end":{"line":31,"column":3}},"loc":{"start":{"line":31,"column":11},"end":{"line":68,"column":1}},"line":31},"3":{"name":"(anonymous_3)","decl":{"start":{"line":39,"column":23},"end":{"line":39,"column":24}},"loc":{"start":{"line":39,"column":29},"end":{"line":39,"column":50}},"line":39},"4":{"name":"(anonymous_4)","decl":{"start":{"line":47,"column":23},"end":{"line":47,"column":24}},"loc":{"start":{"line":47,"column":29},"end":{"line":47,"column":50}},"line":47}},"branchMap":{"0":{"loc":{"start":{"line":23,"column":4},"end":{"line":28,"column":5}},"type":"if","locations":[{"start":{"line":23,"column":4},"end":{"line":28,"column":5}},{"start":{"line":23,"column":4},"end":{"line":28,"column":5}}],"line":23}},"s":{"0":2,"1":2,"2":2,"3":0,"4":0,"5":2,"6":0,"7":0},"f":{"0":2,"1":0,"2":2,"3":0,"4":0},"b":{"0":[0,0]},"_coverageSchema":"43e27e138ebf9cfc5966b082cf9a028302ed4184","hash":"9e01bbfff99069a7ba2929fd4225c8947fc39330"}
,"C:\\Users\\QAKrisDuff\\Documents\\Github\\QA\\bursaryproject\\React\\src\\components\\tab-list.component.js": {"path":"C:\\Users\\QAKrisDuff\\Documents\\Github\\QA\\bursaryproject\\React\\src\\components\\tab-list.component.js","statementMap":{"0":{"start":{"line":13,"column":4},"end":{"line":13,"column":17}},"1":{"start":{"line":15,"column":4},"end":{"line":15,"column":41}},"2":{"start":{"line":16,"column":4},"end":{"line":19,"column":6}},"3":{"start":{"line":23,"column":4},"end":{"line":28,"column":5}},"4":{"start":{"line":24,"column":6},"end":{"line":26,"column":9}},"5":{"start":{"line":33,"column":4},"end":{"line":62,"column":6}},"6":{"start":{"line":39,"column":31},"end":{"line":39,"column":48}},"7":{"start":{"line":47,"column":31},"end":{"line":47,"column":48}}},"fnMap":{"0":{"name":"(anonymous_0)","decl":{"start":{"line":12,"column":2},"end":{"line":12,"column":3}},"loc":{"start":{"line":12,"column":21},"end":{"line":20,"column":3}},"line":12},"1":{"name":"(anonymous_1)","decl":{"start":{"line":22,"column":2},"end":{"line":22,"column":3}},"loc":{"start":{"line":22,"column":14},"end":{"line":29,"column":3}},"line":22},"2":{"name":"(anonymous_2)","decl":{"start":{"line":31,"column":2},"end":{"line":31,"column":3}},"loc":{"start":{"line":31,"column":11},"end":{"line":68,"column":1}},"line":31},"3":{"name":"(anonymous_3)","decl":{"start":{"line":39,"column":23},"end":{"line":39,"column":24}},"loc":{"start":{"line":39,"column":29},"end":{"line":39,"column":50}},"line":39},"4":{"name":"(anonymous_4)","decl":{"start":{"line":47,"column":23},"end":{"line":47,"column":24}},"loc":{"start":{"line":47,"column":29},"end":{"line":47,"column":50}},"line":47}},"branchMap":{"0":{"loc":{"start":{"line":23,"column":4},"end":{"line":28,"column":5}},"type":"if","locations":[{"start":{"line":23,"column":4},"end":{"line":28,"column":5}},{"start":{"line":23,"column":4},"end":{"line":28,"column":5}}],"line":23}},"s":{"0":5,"1":5,"2":5,"3":0,"4":0,"5":5,"6":0,"7":0},"f":{"0":5,"1":0,"2":5,"3":0,"4":0},"b":{"0":[0,0]},"_coverageSchema":"43e27e138ebf9cfc5966b082cf9a028302ed4184","hash":"28c2fb12b6881d55abf750a3ec5b5db89846c365"}
,"C:\\Users\\QAKrisDuff\\Documents\\Github\\QA\\bursaryproject\\React\\src\\components\\trainee-details.component.js": {"path":"C:\\Users\\QAKrisDuff\\Documents\\Github\\QA\\bursaryproject\\React\\src\\components\\trainee-details.component.js","statementMap":{"0":{"start":{"line":15,"column":8},"end":{"line":15,"column":21}},"1":{"start":{"line":16,"column":8},"end":{"line":29,"column":9}},"2":{"start":{"line":30,"column":8},"end":{"line":30,"column":49}},"3":{"start":{"line":34,"column":8},"end":{"line":64,"column":14}},"4":{"start":{"line":36,"column":16},"end":{"line":36,"column":66}},"5":{"start":{"line":37,"column":16},"end":{"line":46,"column":17}},"6":{"start":{"line":38,"column":45},"end":{"line":38,"column":142}},"7":{"start":{"line":39,"column":44},"end":{"line":39,"column":140}},"8":{"start":{"line":40,"column":44},"end":{"line":40,"column":140}},"9":{"start":{"line":41,"column":5},"end":{"line":45,"column":22}},"10":{"start":{"line":47,"column":37},"end":{"line":47,"column":129}},"11":{"start":{"line":48,"column":37},"end":{"line":48,"column":129}},"12":{"start":{"line":49,"column":37},"end":{"line":49,"column":143}},"13":{"start":{"line":50,"column":41},"end":{"line":50,"column":138}},"14":{"start":{"line":51,"column":39},"end":{"line":51,"column":134}},"15":{"start":{"line":52,"column":16},"end":{"line":59,"column":18}},"16":{"start":{"line":63,"column":16},"end":{"line":63,"column":35}},"17":{"start":{"line":69,"column":8},"end":{"line":69,"column":69}},"18":{"start":{"line":75,"column":8},"end":{"line":98,"column":9}}},"fnMap":{"0":{"name":"(anonymous_0)","decl":{"start":{"line":14,"column":4},"end":{"line":14,"column":5}},"loc":{"start":{"line":14,"column":23},"end":{"line":31,"column":5}},"line":14},"1":{"name":"(anonymous_1)","decl":{"start":{"line":33,"column":4},"end":{"line":33,"column":5}},"loc":{"start":{"line":33,"column":24},"end":{"line":65,"column":5}},"line":33},"2":{"name":"(anonymous_2)","decl":{"start":{"line":35,"column":18},"end":{"line":35,"column":19}},"loc":{"start":{"line":35,"column":30},"end":{"line":61,"column":13}},"line":35},"3":{"name":"(anonymous_3)","decl":{"start":{"line":62,"column":19},"end":{"line":62,"column":20}},"loc":{"start":{"line":62,"column":36},"end":{"line":64,"column":13}},"line":62},"4":{"name":"(anonymous_4)","decl":{"start":{"line":67,"column":4},"end":{"line":67,"column":5}},"loc":{"start":{"line":67,"column":16},"end":{"line":70,"column":5}},"line":67},"5":{"name":"(anonymous_5)","decl":{"start":{"line":72,"column":0},"end":{"line":72,"column":1}},"loc":{"start":{"line":72,"column":9},"end":{"line":99,"column":2}},"line":72}},"branchMap":{"0":{"loc":{"start":{"line":37,"column":16},"end":{"line":46,"column":17}},"type":"if","locations":[{"start":{"line":37,"column":16},"end":{"line":46,"column":17}},{"start":{"line":37,"column":16},"end":{"line":46,"column":17}}],"line":37},"1":{"loc":{"start":{"line":37,"column":19},"end":{"line":37,"column":102}},"type":"binary-expr","locations":[{"start":{"line":37,"column":19},"end":{"line":37,"column":59}},{"start":{"line":37,"column":63},"end":{"line":37,"column":102}}],"line":37}},"s":{"0":3,"1":3,"2":3,"3":1,"4":0,"5":0,"6":0,"7":0,"8":0,"9":0,"10":0,"11":0,"12":0,"13":0,"14":0,"15":0,"16":0,"17":0,"18":3},"f":{"0":3,"1":1,"2":0,"3":0,"4":0,"5":3},"b":{"0":[0,0],"1":[0,0]},"_coverageSchema":"43e27e138ebf9cfc5966b082cf9a028302ed4184","hash":"c45e939ecf09cbae04c9200ab75768b54c7a8c18"}
,"C:\\Users\\QAKrisDuff\\Documents\\Github\\QA\\bursaryproject\\React\\src\\components\\modules\\AccessDenied.js": {"path":"C:\\Users\\QAKrisDuff\\Documents\\Github\\QA\\bursaryproject\\React\\src\\components\\modules\\AccessDenied.js","statementMap":{"0":{"start":{"line":12,"column":1},"end":{"line":12,"column":24}},"1":{"start":{"line":13,"column":1},"end":{"line":13,"column":74}},"2":{"start":{"line":17,"column":8},"end":{"line":20,"column":4}}},"fnMap":{"0":{"name":"(anonymous_0)","decl":{"start":{"line":8,"column":0},"end":{"line":8,"column":1}},"loc":{"start":{"line":8,"column":19},"end":{"line":14,"column":2}},"line":8},"1":{"name":"(anonymous_1)","decl":{"start":{"line":16,"column":0},"end":{"line":16,"column":1}},"loc":{"start":{"line":16,"column":9},"end":{"line":21,"column":2}},"line":16}},"branchMap":{},"s":{"0":1,"1":1,"2":1},"f":{"0":1,"1":1},"b":{},"_coverageSchema":"43e27e138ebf9cfc5966b082cf9a028302ed4184","hash":"af6af142586a571c12058f0da84eee8696b38386"}
,"C:\\Users\\QAKrisDuff\\Documents\\Github\\QA\\bursaryproject\\React\\src\\components\\modules\\authService.js": {"path":"C:\\Users\\QAKrisDuff\\Documents\\Github\\QA\\bursaryproject\\React\\src\\components\\modules\\authService.js","statementMap":{"0":{"start":{"line":3,"column":14},"end":{"line":3,"column":49}},"1":{"start":{"line":4,"column":27},"end":{"line":4,"column":65}},"2":{"start":{"line":6,"column":27},"end":{"line":10,"column":1}},"3":{"start":{"line":9,"column":30},"end":{"line":9,"column":61}},"4":{"start":{"line":15,"column":4},"end":{"line":15,"column":43}},"5":{"start":{"line":16,"column":4},"end":{"line":16,"column":34}}},"fnMap":{"0":{"name":"(anonymous_0)","decl":{"start":{"line":9,"column":4},"end":{"line":9,"column":5}},"loc":{"start":{"line":9,"column":28},"end":{"line":9,"column":63}},"line":9},"1":{"name":"logout","decl":{"start":{"line":13,"column":9},"end":{"line":13,"column":15}},"loc":{"start":{"line":13,"column":18},"end":{"line":17,"column":1}},"line":13}},"branchMap":{},"s":{"0":14,"1":14,"2":14,"3":49,"4":0,"5":0},"f":{"0":49,"1":0},"b":{},"_coverageSchema":"43e27e138ebf9cfc5966b082cf9a028302ed4184","hash":"193ba072b04853e3f870920f3d7c505d666755fa"}
,"C:\\Users\\QAKrisDuff\\Documents\\Github\\QA\\bursaryproject\\React\\src\\secrets\\secrets.js": {"path":"C:\\Users\\QAKrisDuff\\Documents\\Github\\QA\\bursaryproject\\React\\src\\secrets\\secrets.js","statementMap":{"0":{"start":{"line":3,"column":14},"end":{"line":11,"column":3}}},"fnMap":{},"branchMap":{},"s":{"0":15},"f":{},"b":{},"_coverageSchema":"43e27e138ebf9cfc5966b082cf9a028302ed4184","hash":"019c6317d17fd30fec9c18fc50920727e2b4bf82"}
}
