{"C:\\Users\\QAKrisDuff\\Documents\\Github\\Live_BursaryGit\\bursaryproject\\React\\src\\App.js": {"path":"C:\\Users\\QAKrisDuff\\Documents\\Github\\Live_BursaryGit\\bursaryproject\\React\\src\\App.js","statementMap":{"0":{"start":{"line":36,"column":3},"end":{"line":129,"column":3}},"1":{"start":{"line":37,"column":4},"end":{"line":55,"column":6}},"2":{"start":{"line":57,"column":7},"end":{"line":129,"column":3}},"3":{"start":{"line":58,"column":4},"end":{"line":83,"column":7}},"4":{"start":{"line":84,"column":8},"end":{"line":129,"column":3}},"5":{"start":{"line":85,"column":3},"end":{"line":105,"column":5}},"6":{"start":{"line":107,"column":4},"end":{"line":128,"column":7}}},"fnMap":{"0":{"name":"(anonymous_0)","decl":{"start":{"line":35,"column":2},"end":{"line":35,"column":3}},"loc":{"start":{"line":35,"column":11},"end":{"line":130,"column":2}},"line":35}},"branchMap":{"0":{"loc":{"start":{"line":36,"column":3},"end":{"line":129,"column":3}},"type":"if","locations":[{"start":{"line":36,"column":3},"end":{"line":129,"column":3}},{"start":{"line":36,"column":3},"end":{"line":129,"column":3}}],"line":36},"1":{"loc":{"start":{"line":57,"column":7},"end":{"line":129,"column":3}},"type":"if","locations":[{"start":{"line":57,"column":7},"end":{"line":129,"column":3}},{"start":{"line":57,"column":7},"end":{"line":129,"column":3}}],"line":57},"2":{"loc":{"start":{"line":84,"column":8},"end":{"line":129,"column":3}},"type":"if","locations":[{"start":{"line":84,"column":8},"end":{"line":129,"column":3}},{"start":{"line":84,"column":8},"end":{"line":129,"column":3}}],"line":84}},"s":{"0":1,"1":1,"2":0,"3":0,"4":0,"5":0,"6":0},"f":{"0":1},"b":{"0":[1,0],"1":[0,0],"2":[0,0]},"_coverageSchema":"332fd63041d2c1bcb487cc26dd0d5f7d97098a6c","hash":"499028838cb2711436e0c7a95912b0bc8cc62465"}
,"C:\\Users\\QAKrisDuff\\Documents\\Github\\Live_BursaryGit\\bursaryproject\\React\\src\\Navigation.js": {"path":"C:\\Users\\QAKrisDuff\\Documents\\Github\\Live_BursaryGit\\bursaryproject\\React\\src\\Navigation.js","statementMap":{"0":{"start":{"line":21,"column":4},"end":{"line":21,"column":17}},"1":{"start":{"line":23,"column":4},"end":{"line":23,"column":41}},"2":{"start":{"line":24,"column":4},"end":{"line":24,"column":41}},"3":{"start":{"line":25,"column":4},"end":{"line":34,"column":6}},"4":{"start":{"line":38,"column":4},"end":{"line":40,"column":7}},"5":{"start":{"line":46,"column":4},"end":{"line":80,"column":5}},"6":{"start":{"line":47,"column":6},"end":{"line":47,"column":17}},"7":{"start":{"line":49,"column":6},"end":{"line":49,"column":69}},"8":{"start":{"line":50,"column":6},"end":{"line":50,"column":42}},"9":{"start":{"line":51,"column":6},"end":{"line":79,"column":10}},"10":{"start":{"line":53,"column":10},"end":{"line":53,"column":32}},"11":{"start":{"line":54,"column":10},"end":{"line":75,"column":11}},"12":{"start":{"line":55,"column":12},"end":{"line":69,"column":16}},"13":{"start":{"line":57,"column":16},"end":{"line":68,"column":17}},"14":{"start":{"line":58,"column":18},"end":{"line":58,"column":39}},"15":{"start":{"line":59,"column":18},"end":{"line":61,"column":19}},"16":{"start":{"line":60,"column":20},"end":{"line":60,"column":98}},"17":{"start":{"line":64,"column":18},"end":{"line":67,"column":20}},"18":{"start":{"line":71,"column":12},"end":{"line":74,"column":14}},"19":{"start":{"line":78,"column":10},"end":{"line":78,"column":29}},"20":{"start":{"line":84,"column":4},"end":{"line":84,"column":82}},"21":{"start":{"line":87,"column":4},"end":{"line":87,"column":25}},"22":{"start":{"line":88,"column":4},"end":{"line":90,"column":5}},"23":{"start":{"line":89,"column":6},"end":{"line":89,"column":84}},"24":{"start":{"line":95,"column":4},"end":{"line":135,"column":5}},"25":{"start":{"line":96,"column":6},"end":{"line":116,"column":8}},"26":{"start":{"line":117,"column":11},"end":{"line":135,"column":5}},"27":{"start":{"line":118,"column":6},"end":{"line":133,"column":8}}},"fnMap":{"0":{"name":"(anonymous_0)","decl":{"start":{"line":20,"column":2},"end":{"line":20,"column":3}},"loc":{"start":{"line":20,"column":21},"end":{"line":35,"column":3}},"line":20},"1":{"name":"(anonymous_1)","decl":{"start":{"line":37,"column":2},"end":{"line":37,"column":3}},"loc":{"start":{"line":37,"column":11},"end":{"line":41,"column":3}},"line":37},"2":{"name":"(anonymous_2)","decl":{"start":{"line":44,"column":2},"end":{"line":44,"column":3}},"loc":{"start":{"line":44,"column":22},"end":{"line":81,"column":3}},"line":44},"3":{"name":"(anonymous_3)","decl":{"start":{"line":52,"column":14},"end":{"line":52,"column":15}},"loc":{"start":{"line":52,"column":26},"end":{"line":76,"column":9}},"line":52},"4":{"name":"(anonymous_4)","decl":{"start":{"line":56,"column":20},"end":{"line":56,"column":21}},"loc":{"start":{"line":56,"column":32},"end":{"line":69,"column":15}},"line":56},"5":{"name":"(anonymous_5)","decl":{"start":{"line":77,"column":15},"end":{"line":77,"column":16}},"loc":{"start":{"line":77,"column":32},"end":{"line":79,"column":9}},"line":77},"6":{"name":"(anonymous_6)","decl":{"start":{"line":83,"column":2},"end":{"line":83,"column":3}},"loc":{"start":{"line":83,"column":10},"end":{"line":85,"column":3}},"line":83},"7":{"name":"(anonymous_7)","decl":{"start":{"line":86,"column":2},"end":{"line":86,"column":3}},"loc":{"start":{"line":86,"column":11},"end":{"line":92,"column":3}},"line":86},"8":{"name":"(anonymous_8)","decl":{"start":{"line":93,"column":2},"end":{"line":93,"column":3}},"loc":{"start":{"line":93,"column":11},"end":{"line":136,"column":3}},"line":93}},"branchMap":{"0":{"loc":{"start":{"line":46,"column":4},"end":{"line":80,"column":5}},"type":"if","locations":[{"start":{"line":46,"column":4},"end":{"line":80,"column":5}},{"start":{"line":46,"column":4},"end":{"line":80,"column":5}}],"line":46},"1":{"loc":{"start":{"line":54,"column":10},"end":{"line":75,"column":11}},"type":"if","locations":[{"start":{"line":54,"column":10},"end":{"line":75,"column":11}},{"start":{"line":54,"column":10},"end":{"line":75,"column":11}}],"line":54},"2":{"loc":{"start":{"line":57,"column":16},"end":{"line":68,"column":17}},"type":"if","locations":[{"start":{"line":57,"column":16},"end":{"line":68,"column":17}},{"start":{"line":57,"column":16},"end":{"line":68,"column":17}}],"line":57},"3":{"loc":{"start":{"line":59,"column":18},"end":{"line":61,"column":19}},"type":"if","locations":[{"start":{"line":59,"column":18},"end":{"line":61,"column":19}},{"start":{"line":59,"column":18},"end":{"line":61,"column":19}}],"line":59},"4":{"loc":{"start":{"line":88,"column":4},"end":{"line":90,"column":5}},"type":"if","locations":[{"start":{"line":88,"column":4},"end":{"line":90,"column":5}},{"start":{"line":88,"column":4},"end":{"line":90,"column":5}}],"line":88},"5":{"loc":{"start":{"line":95,"column":4},"end":{"line":135,"column":5}},"type":"if","locations":[{"start":{"line":95,"column":4},"end":{"line":135,"column":5}},{"start":{"line":95,"column":4},"end":{"line":135,"column":5}}],"line":95},"6":{"loc":{"start":{"line":117,"column":11},"end":{"line":135,"column":5}},"type":"if","locations":[{"start":{"line":117,"column":11},"end":{"line":135,"column":5}},{"start":{"line":117,"column":11},"end":{"line":135,"column":5}}],"line":117}},"s":{"0":1,"1":1,"2":1,"3":1,"4":0,"5":0,"6":0,"7":0,"8":0,"9":0,"10":0,"11":0,"12":0,"13":0,"14":0,"15":0,"16":0,"17":0,"18":0,"19":0,"20":0,"21":0,"22":0,"23":0,"24":1,"25":0,"26":1,"27":1},"f":{"0":1,"1":0,"2":0,"3":0,"4":0,"5":0,"6":0,"7":0,"8":1},"b":{"0":[0,0],"1":[0,0],"2":[0,0],"3":[0,0],"4":[0,0],"5":[0,1],"6":[1,0]},"_coverageSchema":"332fd63041d2c1bcb487cc26dd0d5f7d97098a6c","hash":"a882d37da738678257d6099ac4561fec557f4b4c"}
,"C:\\Users\\QAKrisDuff\\Documents\\Github\\Live_BursaryGit\\bursaryproject\\React\\src\\components\\SystemLogs.component.js": {"path":"C:\\Users\\QAKrisDuff\\Documents\\Github\\Live_BursaryGit\\bursaryproject\\React\\src\\components\\SystemLogs.component.js","statementMap":{"0":{"start":{"line":12,"column":4},"end":{"line":12,"column":17}},"1":{"start":{"line":14,"column":4},"end":{"line":17,"column":7}},"2":{"start":{"line":21,"column":2},"end":{"line":29,"column":5}},"3":{"start":{"line":23,"column":3},"end":{"line":25,"column":7}},"4":{"start":{"line":28,"column":2},"end":{"line":28,"column":21}},"5":{"start":{"line":30,"column":3},"end":{"line":30,"column":53}},"6":{"start":{"line":49,"column":2},"end":{"line":65,"column":3}},"7":{"start":{"line":50,"column":3},"end":{"line":59,"column":4}},"8":{"start":{"line":55,"column":34},"end":{"line":55,"column":59}},"9":{"start":{"line":61,"column":3},"end":{"line":63,"column":5}}},"fnMap":{"0":{"name":"(anonymous_0)","decl":{"start":{"line":11,"column":1},"end":{"line":11,"column":2}},"loc":{"start":{"line":11,"column":20},"end":{"line":18,"column":4}},"line":11},"1":{"name":"(anonymous_1)","decl":{"start":{"line":20,"column":1},"end":{"line":20,"column":2}},"loc":{"start":{"line":20,"column":27},"end":{"line":31,"column":2}},"line":20},"2":{"name":"(anonymous_2)","decl":{"start":{"line":22,"column":8},"end":{"line":22,"column":9}},"loc":{"start":{"line":22,"column":20},"end":{"line":26,"column":3}},"line":22},"3":{"name":"(anonymous_3)","decl":{"start":{"line":27,"column":9},"end":{"line":27,"column":10}},"loc":{"start":{"line":27,"column":25},"end":{"line":29,"column":4}},"line":27},"4":{"name":"(anonymous_4)","decl":{"start":{"line":48,"column":1},"end":{"line":48,"column":2}},"loc":{"start":{"line":48,"column":10},"end":{"line":66,"column":2}},"line":48},"5":{"name":"(anonymous_5)","decl":{"start":{"line":55,"column":26},"end":{"line":55,"column":27}},"loc":{"start":{"line":55,"column":33},"end":{"line":55,"column":60}},"line":55}},"branchMap":{"0":{"loc":{"start":{"line":49,"column":2},"end":{"line":65,"column":3}},"type":"if","locations":[{"start":{"line":49,"column":2},"end":{"line":65,"column":3}},{"start":{"line":49,"column":2},"end":{"line":65,"column":3}}],"line":49}},"s":{"0":0,"1":0,"2":0,"3":0,"4":0,"5":0,"6":0,"7":0,"8":0,"9":0},"f":{"0":0,"1":0,"2":0,"3":0,"4":0,"5":0},"b":{"0":[0,0]},"_coverageSchema":"332fd63041d2c1bcb487cc26dd0d5f7d97098a6c","hash":"3c6ed7e4a0e77c308c0bf79e2bcee2ac81c93f98"}
,"C:\\Users\\QAKrisDuff\\Documents\\Github\\Live_BursaryGit\\bursaryproject\\React\\src\\components\\TraineeSettings.component.js": {"path":"C:\\Users\\QAKrisDuff\\Documents\\Github\\Live_BursaryGit\\bursaryproject\\React\\src\\components\\TraineeSettings.component.js","statementMap":{"0":{"start":{"line":10,"column":8},"end":{"line":10,"column":20}},"1":{"start":{"line":11,"column":8},"end":{"line":15,"column":9}},"2":{"start":{"line":16,"column":8},"end":{"line":16,"column":71}},"3":{"start":{"line":17,"column":8},"end":{"line":17,"column":75}},"4":{"start":{"line":18,"column":8},"end":{"line":18,"column":63}},"5":{"start":{"line":19,"column":8},"end":{"line":19,"column":49}},"6":{"start":{"line":22,"column":8},"end":{"line":26,"column":10}},"7":{"start":{"line":23,"column":12},"end":{"line":23,"column":39}},"8":{"start":{"line":24,"column":12},"end":{"line":25,"column":76}},"9":{"start":{"line":29,"column":8},"end":{"line":41,"column":9}},"10":{"start":{"line":30,"column":12},"end":{"line":33,"column":6}},"11":{"start":{"line":34,"column":3},"end":{"line":34,"column":41}},"12":{"start":{"line":37,"column":12},"end":{"line":39,"column":15}},"13":{"start":{"line":40,"column":3},"end":{"line":40,"column":41}},"14":{"start":{"line":44,"column":8},"end":{"line":48,"column":9}},"15":{"start":{"line":45,"column":12},"end":{"line":45,"column":46}},"16":{"start":{"line":47,"column":12},"end":{"line":47,"column":45}},"17":{"start":{"line":51,"column":8},"end":{"line":53,"column":10}},"18":{"start":{"line":56,"column":8},"end":{"line":56,"column":27}},"19":{"start":{"line":57,"column":8},"end":{"line":57,"column":32}},"20":{"start":{"line":58,"column":8},"end":{"line":61,"column":9}},"21":{"start":{"line":59,"column":16},"end":{"line":59,"column":42}},"22":{"start":{"line":64,"column":8},"end":{"line":64,"column":31}},"23":{"start":{"line":65,"column":8},"end":{"line":97,"column":10}}},"fnMap":{"0":{"name":"(anonymous_0)","decl":{"start":{"line":9,"column":4},"end":{"line":9,"column":5}},"loc":{"start":{"line":9,"column":22},"end":{"line":20,"column":5}},"line":9},"1":{"name":"(anonymous_1)","decl":{"start":{"line":21,"column":4},"end":{"line":21,"column":5}},"loc":{"start":{"line":21,"column":23},"end":{"line":27,"column":5}},"line":21},"2":{"name":"(anonymous_2)","decl":{"start":{"line":22,"column":85},"end":{"line":22,"column":86}},"loc":{"start":{"line":22,"column":96},"end":{"line":26,"column":9}},"line":22},"3":{"name":"(anonymous_3)","decl":{"start":{"line":28,"column":4},"end":{"line":28,"column":5}},"loc":{"start":{"line":28,"column":27},"end":{"line":42,"column":5}},"line":28},"4":{"name":"(anonymous_4)","decl":{"start":{"line":43,"column":4},"end":{"line":43,"column":5}},"loc":{"start":{"line":43,"column":22},"end":{"line":49,"column":5}},"line":43},"5":{"name":"(anonymous_5)","decl":{"start":{"line":50,"column":4},"end":{"line":50,"column":5}},"loc":{"start":{"line":50,"column":28},"end":{"line":54,"column":5}},"line":50},"6":{"name":"(anonymous_6)","decl":{"start":{"line":55,"column":4},"end":{"line":55,"column":5}},"loc":{"start":{"line":55,"column":15},"end":{"line":62,"column":5}},"line":55},"7":{"name":"(anonymous_7)","decl":{"start":{"line":58,"column":110},"end":{"line":58,"column":111}},"loc":{"start":{"line":58,"column":121},"end":{"line":60,"column":13}},"line":58},"8":{"name":"(anonymous_8)","decl":{"start":{"line":63,"column":4},"end":{"line":63,"column":5}},"loc":{"start":{"line":63,"column":12},"end":{"line":98,"column":5}},"line":63}},"branchMap":{"0":{"loc":{"start":{"line":29,"column":8},"end":{"line":41,"column":9}},"type":"if","locations":[{"start":{"line":29,"column":8},"end":{"line":41,"column":9}},{"start":{"line":29,"column":8},"end":{"line":41,"column":9}}],"line":29},"1":{"loc":{"start":{"line":44,"column":8},"end":{"line":48,"column":9}},"type":"if","locations":[{"start":{"line":44,"column":8},"end":{"line":48,"column":9}},{"start":{"line":44,"column":8},"end":{"line":48,"column":9}}],"line":44}},"s":{"0":0,"1":0,"2":0,"3":0,"4":0,"5":0,"6":0,"7":0,"8":0,"9":0,"10":0,"11":0,"12":0,"13":0,"14":0,"15":0,"16":0,"17":0,"18":0,"19":0,"20":0,"21":0,"22":0,"23":0},"f":{"0":0,"1":0,"2":0,"3":0,"4":0,"5":0,"6":0,"7":0,"8":0},"b":{"0":[0,0],"1":[0,0]},"_coverageSchema":"332fd63041d2c1bcb487cc26dd0d5f7d97098a6c","hash":"4bce35b6b28f8280672e281beaaad1ebe6aa92af"}
,"C:\\Users\\QAKrisDuff\\Documents\\Github\\Live_BursaryGit\\bursaryproject\\React\\src\\components\\admin-staff-password.js": {"path":"C:\\Users\\QAKrisDuff\\Documents\\Github\\Live_BursaryGit\\bursaryproject\\React\\src\\components\\admin-staff-password.js","statementMap":{"0":{"start":{"line":11,"column":8},"end":{"line":11,"column":21}},"1":{"start":{"line":13,"column":8},"end":{"line":13,"column":73}},"2":{"start":{"line":14,"column":8},"end":{"line":14,"column":79}},"3":{"start":{"line":15,"column":8},"end":{"line":15,"column":71}},"4":{"start":{"line":16,"column":8},"end":{"line":16,"column":49}},"5":{"start":{"line":18,"column":8},"end":{"line":25,"column":9}},"6":{"start":{"line":29,"column":8},"end":{"line":45,"column":14}},"7":{"start":{"line":31,"column":20},"end":{"line":31,"column":55}},"8":{"start":{"line":32,"column":20},"end":{"line":38,"column":21}},"9":{"start":{"line":33,"column":24},"end":{"line":33,"column":60}},"10":{"start":{"line":34,"column":24},"end":{"line":37,"column":26}},"11":{"start":{"line":41,"column":20},"end":{"line":41,"column":53}},"12":{"start":{"line":42,"column":20},"end":{"line":44,"column":23}},"13":{"start":{"line":46,"column":8},"end":{"line":58,"column":14}},"14":{"start":{"line":48,"column":16},"end":{"line":51,"column":18}},"15":{"start":{"line":54,"column":20},"end":{"line":54,"column":39}},"16":{"start":{"line":55,"column":20},"end":{"line":57,"column":23}},"17":{"start":{"line":62,"column":8},"end":{"line":64,"column":11}},"18":{"start":{"line":68,"column":8},"end":{"line":70,"column":11}},"19":{"start":{"line":74,"column":2},"end":{"line":76,"column":5}},"20":{"start":{"line":80,"column":8},"end":{"line":80,"column":27}},"21":{"start":{"line":81,"column":38},"end":{"line":81,"column":48}},"22":{"start":{"line":82,"column":2},"end":{"line":101,"column":8}},"23":{"start":{"line":83,"column":12},"end":{"line":83,"column":45}},"24":{"start":{"line":86,"column":24},"end":{"line":89,"column":13}},"25":{"start":{"line":90,"column":12},"end":{"line":90,"column":29}},"26":{"start":{"line":91,"column":12},"end":{"line":99,"column":27}},"27":{"start":{"line":96,"column":26},"end":{"line":96,"column":43}},"28":{"start":{"line":98,"column":26},"end":{"line":98,"column":55}},"29":{"start":{"line":115,"column":8},"end":{"line":155,"column":9}}},"fnMap":{"0":{"name":"(anonymous_0)","decl":{"start":{"line":10,"column":4},"end":{"line":10,"column":5}},"loc":{"start":{"line":10,"column":23},"end":{"line":26,"column":5}},"line":10},"1":{"name":"(anonymous_1)","decl":{"start":{"line":28,"column":4},"end":{"line":28,"column":5}},"loc":{"start":{"line":28,"column":30},"end":{"line":59,"column":5}},"line":28},"2":{"name":"(anonymous_2)","decl":{"start":{"line":30,"column":18},"end":{"line":30,"column":19}},"loc":{"start":{"line":30,"column":30},"end":{"line":39,"column":13}},"line":30},"3":{"name":"(anonymous_3)","decl":{"start":{"line":40,"column":19},"end":{"line":40,"column":20}},"loc":{"start":{"line":40,"column":30},"end":{"line":45,"column":13}},"line":40},"4":{"name":"(anonymous_4)","decl":{"start":{"line":47,"column":18},"end":{"line":47,"column":19}},"loc":{"start":{"line":47,"column":30},"end":{"line":52,"column":13}},"line":47},"5":{"name":"(anonymous_5)","decl":{"start":{"line":53,"column":19},"end":{"line":53,"column":20}},"loc":{"start":{"line":53,"column":30},"end":{"line":58,"column":13}},"line":53},"6":{"name":"(anonymous_6)","decl":{"start":{"line":61,"column":4},"end":{"line":61,"column":5}},"loc":{"start":{"line":61,"column":26},"end":{"line":65,"column":5}},"line":61},"7":{"name":"(anonymous_7)","decl":{"start":{"line":67,"column":4},"end":{"line":67,"column":5}},"loc":{"start":{"line":67,"column":28},"end":{"line":71,"column":5}},"line":67},"8":{"name":"(anonymous_8)","decl":{"start":{"line":73,"column":1},"end":{"line":73,"column":2}},"loc":{"start":{"line":73,"column":28},"end":{"line":77,"column":2}},"line":73},"9":{"name":"(anonymous_9)","decl":{"start":{"line":79,"column":4},"end":{"line":79,"column":5}},"loc":{"start":{"line":79,"column":16},"end":{"line":102,"column":5}},"line":79},"10":{"name":"(anonymous_10)","decl":{"start":{"line":96,"column":18},"end":{"line":96,"column":19}},"loc":{"start":{"line":96,"column":25},"end":{"line":99,"column":26}},"line":96},"11":{"name":"(anonymous_11)","decl":{"start":{"line":104,"column":4},"end":{"line":104,"column":5}},"loc":{"start":{"line":104,"column":13},"end":{"line":157,"column":3}},"line":104}},"branchMap":{"0":{"loc":{"start":{"line":32,"column":20},"end":{"line":38,"column":21}},"type":"if","locations":[{"start":{"line":32,"column":20},"end":{"line":38,"column":21}},{"start":{"line":32,"column":20},"end":{"line":38,"column":21}}],"line":32},"1":{"loc":{"start":{"line":82,"column":2},"end":{"line":101,"column":8}},"type":"if","locations":[{"start":{"line":82,"column":2},"end":{"line":101,"column":8}},{"start":{"line":82,"column":2},"end":{"line":101,"column":8}}],"line":82}},"s":{"0":0,"1":0,"2":0,"3":0,"4":0,"5":0,"6":0,"7":0,"8":0,"9":0,"10":0,"11":0,"12":0,"13":0,"14":0,"15":0,"16":0,"17":0,"18":0,"19":0,"20":0,"21":0,"22":0,"23":0,"24":0,"25":0,"26":0,"27":0,"28":0,"29":0},"f":{"0":0,"1":0,"2":0,"3":0,"4":0,"5":0,"6":0,"7":0,"8":0,"9":0,"10":0,"11":0},"b":{"0":[0,0],"1":[0,0]},"_coverageSchema":"332fd63041d2c1bcb487cc26dd0d5f7d97098a6c","hash":"eb62dfab96a12d8142c599310d5d296592bde116"}
,"C:\\Users\\QAKrisDuff\\Documents\\Github\\Live_BursaryGit\\bursaryproject\\React\\src\\components\\change-password-staff.component.js": {"path":"C:\\Users\\QAKrisDuff\\Documents\\Github\\Live_BursaryGit\\bursaryproject\\React\\src\\components\\change-password-staff.component.js","statementMap":{"0":{"start":{"line":9,"column":8},"end":{"line":9,"column":21}},"1":{"start":{"line":11,"column":8},"end":{"line":11,"column":73}},"2":{"start":{"line":12,"column":8},"end":{"line":12,"column":79}},"3":{"start":{"line":13,"column":8},"end":{"line":13,"column":49}},"4":{"start":{"line":15,"column":8},"end":{"line":20,"column":9}},"5":{"start":{"line":24,"column":8},"end":{"line":40,"column":14}},"6":{"start":{"line":26,"column":20},"end":{"line":26,"column":55}},"7":{"start":{"line":27,"column":20},"end":{"line":33,"column":21}},"8":{"start":{"line":28,"column":24},"end":{"line":28,"column":60}},"9":{"start":{"line":29,"column":24},"end":{"line":32,"column":26}},"10":{"start":{"line":36,"column":20},"end":{"line":36,"column":53}},"11":{"start":{"line":37,"column":20},"end":{"line":39,"column":23}},"12":{"start":{"line":41,"column":8},"end":{"line":53,"column":14}},"13":{"start":{"line":43,"column":16},"end":{"line":46,"column":18}},"14":{"start":{"line":49,"column":20},"end":{"line":49,"column":39}},"15":{"start":{"line":50,"column":20},"end":{"line":52,"column":23}},"16":{"start":{"line":57,"column":8},"end":{"line":59,"column":11}},"17":{"start":{"line":63,"column":2},"end":{"line":65,"column":5}},"18":{"start":{"line":69,"column":8},"end":{"line":69,"column":27}},"19":{"start":{"line":70,"column":38},"end":{"line":70,"column":48}},"20":{"start":{"line":71,"column":2},"end":{"line":86,"column":8}},"21":{"start":{"line":72,"column":12},"end":{"line":72,"column":45}},"22":{"start":{"line":75,"column":24},"end":{"line":77,"column":13}},"23":{"start":{"line":78,"column":12},"end":{"line":78,"column":29}},"24":{"start":{"line":79,"column":12},"end":{"line":85,"column":27}},"25":{"start":{"line":80,"column":26},"end":{"line":80,"column":132}},"26":{"start":{"line":81,"column":26},"end":{"line":81,"column":48}},"27":{"start":{"line":83,"column":26},"end":{"line":83,"column":43}},"28":{"start":{"line":84,"column":26},"end":{"line":84,"column":55}},"29":{"start":{"line":91,"column":34},"end":{"line":91,"column":44}},"30":{"start":{"line":92,"column":8},"end":{"line":99,"column":9}},"31":{"start":{"line":93,"column":12},"end":{"line":98,"column":14}},"32":{"start":{"line":100,"column":8},"end":{"line":132,"column":9}}},"fnMap":{"0":{"name":"(anonymous_0)","decl":{"start":{"line":8,"column":4},"end":{"line":8,"column":5}},"loc":{"start":{"line":8,"column":23},"end":{"line":21,"column":5}},"line":8},"1":{"name":"(anonymous_1)","decl":{"start":{"line":23,"column":4},"end":{"line":23,"column":5}},"loc":{"start":{"line":23,"column":30},"end":{"line":54,"column":5}},"line":23},"2":{"name":"(anonymous_2)","decl":{"start":{"line":25,"column":18},"end":{"line":25,"column":19}},"loc":{"start":{"line":25,"column":30},"end":{"line":34,"column":13}},"line":25},"3":{"name":"(anonymous_3)","decl":{"start":{"line":35,"column":19},"end":{"line":35,"column":20}},"loc":{"start":{"line":35,"column":30},"end":{"line":40,"column":13}},"line":35},"4":{"name":"(anonymous_4)","decl":{"start":{"line":42,"column":18},"end":{"line":42,"column":19}},"loc":{"start":{"line":42,"column":30},"end":{"line":47,"column":13}},"line":42},"5":{"name":"(anonymous_5)","decl":{"start":{"line":48,"column":19},"end":{"line":48,"column":20}},"loc":{"start":{"line":48,"column":30},"end":{"line":53,"column":13}},"line":48},"6":{"name":"(anonymous_6)","decl":{"start":{"line":56,"column":4},"end":{"line":56,"column":5}},"loc":{"start":{"line":56,"column":28},"end":{"line":60,"column":5}},"line":56},"7":{"name":"(anonymous_7)","decl":{"start":{"line":62,"column":1},"end":{"line":62,"column":2}},"loc":{"start":{"line":62,"column":28},"end":{"line":66,"column":2}},"line":62},"8":{"name":"(anonymous_8)","decl":{"start":{"line":68,"column":4},"end":{"line":68,"column":5}},"loc":{"start":{"line":68,"column":16},"end":{"line":87,"column":5}},"line":68},"9":{"name":"(anonymous_9)","decl":{"start":{"line":80,"column":18},"end":{"line":80,"column":19}},"loc":{"start":{"line":80,"column":25},"end":{"line":82,"column":26}},"line":80},"10":{"name":"(anonymous_10)","decl":{"start":{"line":83,"column":18},"end":{"line":83,"column":19}},"loc":{"start":{"line":83,"column":25},"end":{"line":85,"column":26}},"line":83},"11":{"name":"(anonymous_11)","decl":{"start":{"line":89,"column":4},"end":{"line":89,"column":5}},"loc":{"start":{"line":89,"column":13},"end":{"line":134,"column":3}},"line":89}},"branchMap":{"0":{"loc":{"start":{"line":27,"column":20},"end":{"line":33,"column":21}},"type":"if","locations":[{"start":{"line":27,"column":20},"end":{"line":33,"column":21}},{"start":{"line":27,"column":20},"end":{"line":33,"column":21}}],"line":27},"1":{"loc":{"start":{"line":71,"column":2},"end":{"line":86,"column":8}},"type":"if","locations":[{"start":{"line":71,"column":2},"end":{"line":86,"column":8}},{"start":{"line":71,"column":2},"end":{"line":86,"column":8}}],"line":71},"2":{"loc":{"start":{"line":92,"column":8},"end":{"line":99,"column":9}},"type":"if","locations":[{"start":{"line":92,"column":8},"end":{"line":99,"column":9}},{"start":{"line":92,"column":8},"end":{"line":99,"column":9}}],"line":92}},"s":{"0":0,"1":0,"2":0,"3":0,"4":0,"5":0,"6":0,"7":0,"8":0,"9":0,"10":0,"11":0,"12":0,"13":0,"14":0,"15":0,"16":0,"17":0,"18":0,"19":0,"20":0,"21":0,"22":0,"23":0,"24":0,"25":0,"26":0,"27":0,"28":0,"29":0,"30":0,"31":0,"32":0},"f":{"0":0,"1":0,"2":0,"3":0,"4":0,"5":0,"6":0,"7":0,"8":0,"9":0,"10":0,"11":0},"b":{"0":[0,0],"1":[0,0],"2":[0,0]},"_coverageSchema":"332fd63041d2c1bcb487cc26dd0d5f7d97098a6c","hash":"5050624db44aa63b85402770509fb6f3004c4eb7"}
,"C:\\Users\\QAKrisDuff\\Documents\\Github\\Live_BursaryGit\\bursaryproject\\React\\src\\components\\change-password-trainee.component.js": {"path":"C:\\Users\\QAKrisDuff\\Documents\\Github\\Live_BursaryGit\\bursaryproject\\React\\src\\components\\change-password-trainee.component.js","statementMap":{"0":{"start":{"line":8,"column":8},"end":{"line":8,"column":21}},"1":{"start":{"line":10,"column":8},"end":{"line":10,"column":79}},"2":{"start":{"line":11,"column":8},"end":{"line":11,"column":79}},"3":{"start":{"line":12,"column":8},"end":{"line":12,"column":49}},"4":{"start":{"line":14,"column":8},"end":{"line":19,"column":9}},"5":{"start":{"line":23,"column":8},"end":{"line":38,"column":14}},"6":{"start":{"line":25,"column":20},"end":{"line":25,"column":42}},"7":{"start":{"line":26,"column":20},"end":{"line":31,"column":21}},"8":{"start":{"line":27,"column":24},"end":{"line":30,"column":26}},"9":{"start":{"line":34,"column":20},"end":{"line":34,"column":53}},"10":{"start":{"line":35,"column":20},"end":{"line":37,"column":23}},"11":{"start":{"line":39,"column":8},"end":{"line":51,"column":14}},"12":{"start":{"line":41,"column":16},"end":{"line":44,"column":18}},"13":{"start":{"line":47,"column":20},"end":{"line":47,"column":39}},"14":{"start":{"line":48,"column":20},"end":{"line":50,"column":23}},"15":{"start":{"line":55,"column":8},"end":{"line":57,"column":11}},"16":{"start":{"line":61,"column":2},"end":{"line":63,"column":5}},"17":{"start":{"line":67,"column":8},"end":{"line":67,"column":27}},"18":{"start":{"line":68,"column":46},"end":{"line":68,"column":56}},"19":{"start":{"line":69,"column":2},"end":{"line":84,"column":8}},"20":{"start":{"line":70,"column":12},"end":{"line":70,"column":45}},"21":{"start":{"line":73,"column":24},"end":{"line":75,"column":13}},"22":{"start":{"line":76,"column":12},"end":{"line":76,"column":29}},"23":{"start":{"line":77,"column":12},"end":{"line":83,"column":26}},"24":{"start":{"line":78,"column":26},"end":{"line":78,"column":135}},"25":{"start":{"line":79,"column":26},"end":{"line":79,"column":48}},"26":{"start":{"line":81,"column":26},"end":{"line":81,"column":43}},"27":{"start":{"line":82,"column":26},"end":{"line":82,"column":60}},"28":{"start":{"line":89,"column":34},"end":{"line":89,"column":44}},"29":{"start":{"line":90,"column":8},"end":{"line":97,"column":9}},"30":{"start":{"line":91,"column":12},"end":{"line":96,"column":14}},"31":{"start":{"line":98,"column":8},"end":{"line":131,"column":9}}},"fnMap":{"0":{"name":"(anonymous_0)","decl":{"start":{"line":7,"column":4},"end":{"line":7,"column":5}},"loc":{"start":{"line":7,"column":23},"end":{"line":20,"column":5}},"line":7},"1":{"name":"(anonymous_1)","decl":{"start":{"line":22,"column":4},"end":{"line":22,"column":5}},"loc":{"start":{"line":22,"column":30},"end":{"line":52,"column":5}},"line":22},"2":{"name":"(anonymous_2)","decl":{"start":{"line":24,"column":18},"end":{"line":24,"column":19}},"loc":{"start":{"line":24,"column":30},"end":{"line":32,"column":13}},"line":24},"3":{"name":"(anonymous_3)","decl":{"start":{"line":33,"column":19},"end":{"line":33,"column":20}},"loc":{"start":{"line":33,"column":30},"end":{"line":38,"column":13}},"line":33},"4":{"name":"(anonymous_4)","decl":{"start":{"line":40,"column":18},"end":{"line":40,"column":19}},"loc":{"start":{"line":40,"column":30},"end":{"line":45,"column":13}},"line":40},"5":{"name":"(anonymous_5)","decl":{"start":{"line":46,"column":19},"end":{"line":46,"column":20}},"loc":{"start":{"line":46,"column":30},"end":{"line":51,"column":13}},"line":46},"6":{"name":"(anonymous_6)","decl":{"start":{"line":54,"column":4},"end":{"line":54,"column":5}},"loc":{"start":{"line":54,"column":31},"end":{"line":58,"column":5}},"line":54},"7":{"name":"(anonymous_7)","decl":{"start":{"line":60,"column":1},"end":{"line":60,"column":2}},"loc":{"start":{"line":60,"column":28},"end":{"line":64,"column":2}},"line":60},"8":{"name":"(anonymous_8)","decl":{"start":{"line":66,"column":4},"end":{"line":66,"column":5}},"loc":{"start":{"line":66,"column":16},"end":{"line":85,"column":5}},"line":66},"9":{"name":"(anonymous_9)","decl":{"start":{"line":78,"column":18},"end":{"line":78,"column":19}},"loc":{"start":{"line":78,"column":25},"end":{"line":80,"column":26}},"line":78},"10":{"name":"(anonymous_10)","decl":{"start":{"line":81,"column":18},"end":{"line":81,"column":19}},"loc":{"start":{"line":81,"column":25},"end":{"line":83,"column":25}},"line":81},"11":{"name":"(anonymous_11)","decl":{"start":{"line":87,"column":4},"end":{"line":87,"column":5}},"loc":{"start":{"line":87,"column":13},"end":{"line":133,"column":3}},"line":87}},"branchMap":{"0":{"loc":{"start":{"line":26,"column":20},"end":{"line":31,"column":21}},"type":"if","locations":[{"start":{"line":26,"column":20},"end":{"line":31,"column":21}},{"start":{"line":26,"column":20},"end":{"line":31,"column":21}}],"line":26},"1":{"loc":{"start":{"line":69,"column":2},"end":{"line":84,"column":8}},"type":"if","locations":[{"start":{"line":69,"column":2},"end":{"line":84,"column":8}},{"start":{"line":69,"column":2},"end":{"line":84,"column":8}}],"line":69},"2":{"loc":{"start":{"line":90,"column":8},"end":{"line":97,"column":9}},"type":"if","locations":[{"start":{"line":90,"column":8},"end":{"line":97,"column":9}},{"start":{"line":90,"column":8},"end":{"line":97,"column":9}}],"line":90}},"s":{"0":0,"1":0,"2":0,"3":0,"4":0,"5":0,"6":0,"7":0,"8":0,"9":0,"10":0,"11":0,"12":0,"13":0,"14":0,"15":0,"16":0,"17":0,"18":0,"19":0,"20":0,"21":0,"22":0,"23":0,"24":0,"25":0,"26":0,"27":0,"28":0,"29":0,"30":0,"31":0},"f":{"0":0,"1":0,"2":0,"3":0,"4":0,"5":0,"6":0,"7":0,"8":0,"9":0,"10":0,"11":0},"b":{"0":[0,0],"1":[0,0],"2":[0,0]},"_coverageSchema":"332fd63041d2c1bcb487cc26dd0d5f7d97098a6c","hash":"b9bdd79ceb9be70265f0d899e3c3ae98f2fdcf77"}
,"C:\\Users\\QAKrisDuff\\Documents\\Github\\Live_BursaryGit\\bursaryproject\\React\\src\\components\\cost-Report.component.js": {"path":"C:\\Users\\QAKrisDuff\\Documents\\Github\\Live_BursaryGit\\bursaryproject\\React\\src\\components\\cost-Report.component.js","statementMap":{"0":{"start":{"line":19,"column":8},"end":{"line":19,"column":21}},"1":{"start":{"line":21,"column":8},"end":{"line":52,"column":14}},"2":{"start":{"line":54,"column":8},"end":{"line":54,"column":73}},"3":{"start":{"line":55,"column":8},"end":{"line":55,"column":45}},"4":{"start":{"line":56,"column":8},"end":{"line":56,"column":61}},"5":{"start":{"line":57,"column":8},"end":{"line":57,"column":67}},"6":{"start":{"line":58,"column":8},"end":{"line":58,"column":65}},"7":{"start":{"line":59,"column":8},"end":{"line":59,"column":75}},"8":{"start":{"line":60,"column":8},"end":{"line":60,"column":61}},"9":{"start":{"line":61,"column":8},"end":{"line":61,"column":49}},"10":{"start":{"line":62,"column":8},"end":{"line":62,"column":57}},"11":{"start":{"line":63,"column":8},"end":{"line":63,"column":57}},"12":{"start":{"line":67,"column":8},"end":{"line":144,"column":14}},"13":{"start":{"line":69,"column":16},"end":{"line":143,"column":18}},"14":{"start":{"line":70,"column":20},"end":{"line":142,"column":21}},"15":{"start":{"line":71,"column":24},"end":{"line":71,"column":56}},"16":{"start":{"line":73,"column":24},"end":{"line":73,"column":51}},"17":{"start":{"line":74,"column":24},"end":{"line":74,"column":56}},"18":{"start":{"line":75,"column":40},"end":{"line":75,"column":41}},"19":{"start":{"line":76,"column":42},"end":{"line":76,"column":43}},"20":{"start":{"line":77,"column":44},"end":{"line":77,"column":45}},"21":{"start":{"line":78,"column":39},"end":{"line":78,"column":40}},"22":{"start":{"line":79,"column":36},"end":{"line":79,"column":37}},"23":{"start":{"line":80,"column":38},"end":{"line":80,"column":39}},"24":{"start":{"line":81,"column":24},"end":{"line":83,"column":26}},"25":{"start":{"line":84,"column":20},"end":{"line":141,"column":22}},"26":{"start":{"line":85,"column":39},"end":{"line":85,"column":40}},"27":{"start":{"line":86,"column":24},"end":{"line":86,"column":67}},"28":{"start":{"line":87,"column":24},"end":{"line":89,"column":26}},"29":{"start":{"line":88,"column":28},"end":{"line":88,"column":65}},"30":{"start":{"line":90,"column":24},"end":{"line":103,"column":25}},"31":{"start":{"line":91,"column":28},"end":{"line":91,"column":43}},"32":{"start":{"line":93,"column":29},"end":{"line":103,"column":25}},"33":{"start":{"line":94,"column":28},"end":{"line":94,"column":118}},"34":{"start":{"line":95,"column":28},"end":{"line":95,"column":69}},"35":{"start":{"line":96,"column":28},"end":{"line":96,"column":44}},"36":{"start":{"line":99,"column":28},"end":{"line":99,"column":119}},"37":{"start":{"line":100,"column":28},"end":{"line":100,"column":77}},"38":{"start":{"line":101,"column":28},"end":{"line":101,"column":66}},"39":{"start":{"line":102,"column":28},"end":{"line":102,"column":41}},"40":{"start":{"line":104,"column":35},"end":{"line":104,"column":58}},"41":{"start":{"line":105,"column":42},"end":{"line":116,"column":25}},"42":{"start":{"line":117,"column":24},"end":{"line":117,"column":46}},"43":{"start":{"line":118,"column":24},"end":{"line":120,"column":26}},"44":{"start":{"line":121,"column":24},"end":{"line":121,"column":43}},"45":{"start":{"line":122,"column":24},"end":{"line":122,"column":41}},"46":{"start":{"line":123,"column":24},"end":{"line":129,"column":25}},"47":{"start":{"line":124,"column":28},"end":{"line":124,"column":95}},"48":{"start":{"line":125,"column":28},"end":{"line":125,"column":69}},"49":{"start":{"line":126,"column":28},"end":{"line":126,"column":106}},"50":{"start":{"line":127,"column":28},"end":{"line":127,"column":69}},"51":{"start":{"line":128,"column":28},"end":{"line":128,"column":65}},"52":{"start":{"line":130,"column":24},"end":{"line":140,"column":27}},"53":{"start":{"line":147,"column":12},"end":{"line":160,"column":15}},"54":{"start":{"line":149,"column":14},"end":{"line":159,"column":15}},"55":{"start":{"line":150,"column":16},"end":{"line":150,"column":37}},"56":{"start":{"line":151,"column":16},"end":{"line":153,"column":17}},"57":{"start":{"line":152,"column":18},"end":{"line":152,"column":96}},"58":{"start":{"line":156,"column":16},"end":{"line":158,"column":18}},"59":{"start":{"line":162,"column":12},"end":{"line":166,"column":13}},"60":{"start":{"line":163,"column":16},"end":{"line":165,"column":19}},"61":{"start":{"line":170,"column":8},"end":{"line":172,"column":10}},"62":{"start":{"line":176,"column":21},"end":{"line":176,"column":35}},"63":{"start":{"line":177,"column":24},"end":{"line":177,"column":41}},"64":{"start":{"line":178,"column":8},"end":{"line":178,"column":33}},"65":{"start":{"line":179,"column":8},"end":{"line":181,"column":10}},"66":{"start":{"line":185,"column":21},"end":{"line":185,"column":47}},"67":{"start":{"line":186,"column":8},"end":{"line":186,"column":27}},"68":{"start":{"line":187,"column":24},"end":{"line":187,"column":41}},"69":{"start":{"line":188,"column":8},"end":{"line":188,"column":34}},"70":{"start":{"line":189,"column":8},"end":{"line":191,"column":10}},"71":{"start":{"line":195,"column":8},"end":{"line":197,"column":12}},"72":{"start":{"line":195,"column":36},"end":{"line":197,"column":9}},"73":{"start":{"line":201,"column":33},"end":{"line":201,"column":43}},"74":{"start":{"line":202,"column":30},"end":{"line":202,"column":40}},"75":{"start":{"line":203,"column":8},"end":{"line":212,"column":9}},"76":{"start":{"line":204,"column":32},"end":{"line":206,"column":11}},"77":{"start":{"line":205,"column":12},"end":{"line":205,"column":49}},"78":{"start":{"line":207,"column":8},"end":{"line":207,"column":46}},"79":{"start":{"line":208,"column":8},"end":{"line":208,"column":43}},"80":{"start":{"line":210,"column":10},"end":{"line":210,"column":33}},"81":{"start":{"line":211,"column":11},"end":{"line":211,"column":67}},"82":{"start":{"line":213,"column":8},"end":{"line":213,"column":40}},"83":{"start":{"line":217,"column":22},"end":{"line":217,"column":68}},"84":{"start":{"line":218,"column":8},"end":{"line":219,"column":27}},"85":{"start":{"line":223,"column":8},"end":{"line":228,"column":11}},"86":{"start":{"line":232,"column":19},"end":{"line":232,"column":21}},"87":{"start":{"line":233,"column":8},"end":{"line":238,"column":9}},"88":{"start":{"line":234,"column":12},"end":{"line":234,"column":26}},"89":{"start":{"line":236,"column":13},"end":{"line":238,"column":9}},"90":{"start":{"line":237,"column":12},"end":{"line":237,"column":28}},"91":{"start":{"line":239,"column":8},"end":{"line":240,"column":50}},"92":{"start":{"line":240,"column":24},"end":{"line":240,"column":48}},"93":{"start":{"line":244,"column":8},"end":{"line":275,"column":15}},"94":{"start":{"line":277,"column":8},"end":{"line":355,"column":12}},"95":{"start":{"line":279,"column":8},"end":{"line":355,"column":10}},"96":{"start":{"line":281,"column":12},"end":{"line":354,"column":14}},"97":{"start":{"line":282,"column":16},"end":{"line":282,"column":42}},"98":{"start":{"line":283,"column":16},"end":{"line":353,"column":17}},"99":{"start":{"line":284,"column":20},"end":{"line":287,"column":22}},"100":{"start":{"line":288,"column":20},"end":{"line":288,"column":52}},"101":{"start":{"line":290,"column":20},"end":{"line":290,"column":47}},"102":{"start":{"line":291,"column":20},"end":{"line":291,"column":52}},"103":{"start":{"line":292,"column":20},"end":{"line":292,"column":97}},"104":{"start":{"line":293,"column":32},"end":{"line":293,"column":33}},"105":{"start":{"line":294,"column":34},"end":{"line":294,"column":35}},"106":{"start":{"line":295,"column":36},"end":{"line":295,"column":37}},"107":{"start":{"line":296,"column":31},"end":{"line":296,"column":32}},"108":{"start":{"line":297,"column":28},"end":{"line":297,"column":29}},"109":{"start":{"line":298,"column":30},"end":{"line":298,"column":31}},"110":{"start":{"line":299,"column":16},"end":{"line":302,"column":18}},"111":{"start":{"line":303,"column":16},"end":{"line":352,"column":18}},"112":{"start":{"line":304,"column":20},"end":{"line":317,"column":21}},"113":{"start":{"line":305,"column":24},"end":{"line":305,"column":39}},"114":{"start":{"line":307,"column":25},"end":{"line":317,"column":21}},"115":{"start":{"line":308,"column":24},"end":{"line":308,"column":114}},"116":{"start":{"line":309,"column":24},"end":{"line":309,"column":65}},"117":{"start":{"line":310,"column":24},"end":{"line":310,"column":40}},"118":{"start":{"line":313,"column":24},"end":{"line":313,"column":115}},"119":{"start":{"line":314,"column":24},"end":{"line":314,"column":73}},"120":{"start":{"line":315,"column":24},"end":{"line":315,"column":62}},"121":{"start":{"line":316,"column":24},"end":{"line":316,"column":37}},"122":{"start":{"line":318,"column":31},"end":{"line":318,"column":54}},"123":{"start":{"line":319,"column":38},"end":{"line":330,"column":21}},"124":{"start":{"line":331,"column":20},"end":{"line":331,"column":42}},"125":{"start":{"line":332,"column":20},"end":{"line":334,"column":22}},"126":{"start":{"line":335,"column":20},"end":{"line":341,"column":21}},"127":{"start":{"line":336,"column":24},"end":{"line":336,"column":91}},"128":{"start":{"line":337,"column":24},"end":{"line":337,"column":65}},"129":{"start":{"line":338,"column":24},"end":{"line":338,"column":102}},"130":{"start":{"line":339,"column":24},"end":{"line":339,"column":65}},"131":{"start":{"line":340,"column":24},"end":{"line":340,"column":70}},"132":{"start":{"line":342,"column":20},"end":{"line":351,"column":23}},"133":{"start":{"line":358,"column":8},"end":{"line":371,"column":11}},"134":{"start":{"line":360,"column":10},"end":{"line":370,"column":11}},"135":{"start":{"line":361,"column":12},"end":{"line":361,"column":33}},"136":{"start":{"line":362,"column":12},"end":{"line":364,"column":13}},"137":{"start":{"line":363,"column":14},"end":{"line":363,"column":92}},"138":{"start":{"line":367,"column":12},"end":{"line":369,"column":14}},"139":{"start":{"line":373,"column":8},"end":{"line":377,"column":9}},"140":{"start":{"line":374,"column":12},"end":{"line":376,"column":15}},"141":{"start":{"line":378,"column":8},"end":{"line":380,"column":11}},"142":{"start":{"line":384,"column":20},"end":{"line":384,"column":54}},"143":{"start":{"line":385,"column":8},"end":{"line":385,"column":27}},"144":{"start":{"line":386,"column":8},"end":{"line":386,"column":47}},"145":{"start":{"line":387,"column":8},"end":{"line":391,"column":10}},"146":{"start":{"line":395,"column":23},"end":{"line":395,"column":46}},"147":{"start":{"line":396,"column":27},"end":{"line":396,"column":50}},"148":{"start":{"line":397,"column":21},"end":{"line":397,"column":38}},"149":{"start":{"line":398,"column":23},"end":{"line":398,"column":33}},"150":{"start":{"line":399,"column":29},"end":{"line":399,"column":39}},"151":{"start":{"line":400,"column":20},"end":{"line":400,"column":36}},"152":{"start":{"line":401,"column":29},"end":{"line":401,"column":45}},"153":{"start":{"line":402,"column":26},"end":{"line":402,"column":50}},"154":{"start":{"line":405,"column":8},"end":{"line":414,"column":9}},"155":{"start":{"line":406,"column":12},"end":{"line":408,"column":13}},"156":{"start":{"line":407,"column":16},"end":{"line":407,"column":99}},"157":{"start":{"line":410,"column":13},"end":{"line":414,"column":9}},"158":{"start":{"line":411,"column":12},"end":{"line":413,"column":13}},"159":{"start":{"line":412,"column":16},"end":{"line":412,"column":99}},"160":{"start":{"line":417,"column":8},"end":{"line":437,"column":9}},"161":{"start":{"line":418,"column":12},"end":{"line":436,"column":13}},"162":{"start":{"line":439,"column":8},"end":{"line":452,"column":9}},"163":{"start":{"line":440,"column":12},"end":{"line":451,"column":14}},"164":{"start":{"line":441,"column":16},"end":{"line":450,"column":17}},"165":{"start":{"line":449,"column":20},"end":{"line":449,"column":29}},"166":{"start":{"line":454,"column":8},"end":{"line":462,"column":9}},"167":{"start":{"line":455,"column":12},"end":{"line":461,"column":14}},"168":{"start":{"line":456,"column":16},"end":{"line":459,"column":17}},"169":{"start":{"line":457,"column":20},"end":{"line":457,"column":41}},"170":{"start":{"line":458,"column":20},"end":{"line":458,"column":35}},"171":{"start":{"line":464,"column":8},"end":{"line":470,"column":9}},"172":{"start":{"line":465,"column":12},"end":{"line":469,"column":14}},"173":{"start":{"line":466,"column":16},"end":{"line":468,"column":17}},"174":{"start":{"line":467,"column":20},"end":{"line":467,"column":35}},"175":{"start":{"line":472,"column":8},"end":{"line":489,"column":9}},"176":{"start":{"line":473,"column":12},"end":{"line":488,"column":13}},"177":{"start":{"line":474,"column":16},"end":{"line":479,"column":18}},"178":{"start":{"line":475,"column":32},"end":{"line":475,"column":67}},"179":{"start":{"line":476,"column":20},"end":{"line":478,"column":21}},"180":{"start":{"line":477,"column":25},"end":{"line":477,"column":40}},"181":{"start":{"line":481,"column":17},"end":{"line":488,"column":13}},"182":{"start":{"line":482,"column":16},"end":{"line":487,"column":18}},"183":{"start":{"line":483,"column":32},"end":{"line":483,"column":67}},"184":{"start":{"line":484,"column":20},"end":{"line":486,"column":21}},"185":{"start":{"line":485,"column":25},"end":{"line":485,"column":40}},"186":{"start":{"line":492,"column":2},"end":{"line":674,"column":9}},"187":{"start":{"line":493,"column":3},"end":{"line":495,"column":4}},"188":{"start":{"line":498,"column":12},"end":{"line":673,"column":14}},"189":{"start":{"line":532,"column":77},"end":{"line":532,"column":107}},"190":{"start":{"line":545,"column":35},"end":{"line":545,"column":77}},"191":{"start":{"line":597,"column":38},"end":{"line":597,"column":70}},"192":{"start":{"line":602,"column":38},"end":{"line":602,"column":71}},"193":{"start":{"line":604,"column":37},"end":{"line":604,"column":104}},"194":{"start":{"line":607,"column":38},"end":{"line":607,"column":76}},"195":{"start":{"line":611,"column":38},"end":{"line":611,"column":78}},"196":{"start":{"line":619,"column":38},"end":{"line":619,"column":78}},"197":{"start":{"line":622,"column":40},"end":{"line":622,"column":41}},"198":{"start":{"line":623,"column":28},"end":{"line":625,"column":30}},"199":{"start":{"line":624,"column":32},"end":{"line":624,"column":57}},"200":{"start":{"line":626,"column":28},"end":{"line":626,"column":52}},"201":{"start":{"line":629,"column":38},"end":{"line":629,"column":84}},"202":{"start":{"line":631,"column":37},"end":{"line":631,"column":80}},"203":{"start":{"line":634,"column":40},"end":{"line":634,"column":41}},"204":{"start":{"line":635,"column":28},"end":{"line":637,"column":30}},"205":{"start":{"line":636,"column":32},"end":{"line":636,"column":62}},"206":{"start":{"line":638,"column":28},"end":{"line":638,"column":53}},"207":{"start":{"line":641,"column":38},"end":{"line":641,"column":74}},"208":{"start":{"line":643,"column":37},"end":{"line":643,"column":60}},"209":{"start":{"line":645,"column":40},"end":{"line":645,"column":41}},"210":{"start":{"line":646,"column":28},"end":{"line":648,"column":30}},"211":{"start":{"line":647,"column":32},"end":{"line":647,"column":61}},"212":{"start":{"line":649,"column":28},"end":{"line":649,"column":53}},"213":{"start":{"line":652,"column":38},"end":{"line":652,"column":84}},"214":{"start":{"line":654,"column":37},"end":{"line":654,"column":60}},"215":{"start":{"line":656,"column":40},"end":{"line":656,"column":41}},"216":{"start":{"line":657,"column":28},"end":{"line":659,"column":30}},"217":{"start":{"line":658,"column":32},"end":{"line":658,"column":53}},"218":{"start":{"line":660,"column":28},"end":{"line":660,"column":53}}},"fnMap":{"0":{"name":"(anonymous_0)","decl":{"start":{"line":18,"column":4},"end":{"line":18,"column":5}},"loc":{"start":{"line":18,"column":23},"end":{"line":64,"column":5}},"line":18},"1":{"name":"(anonymous_1)","decl":{"start":{"line":66,"column":4},"end":{"line":66,"column":5}},"loc":{"start":{"line":66,"column":24},"end":{"line":167,"column":5}},"line":66},"2":{"name":"(anonymous_2)","decl":{"start":{"line":68,"column":19},"end":{"line":68,"column":20}},"loc":{"start":{"line":68,"column":25},"end":{"line":144,"column":13}},"line":68},"3":{"name":"(anonymous_3)","decl":{"start":{"line":69,"column":148},"end":{"line":69,"column":149}},"loc":{"start":{"line":69,"column":160},"end":{"line":143,"column":17}},"line":69},"4":{"name":"(anonymous_4)","decl":{"start":{"line":84,"column":53},"end":{"line":84,"column":54}},"loc":{"start":{"line":84,"column":75},"end":{"line":141,"column":21}},"line":84},"5":{"name":"(anonymous_5)","decl":{"start":{"line":87,"column":59},"end":{"line":87,"column":60}},"loc":{"start":{"line":87,"column":69},"end":{"line":89,"column":25}},"line":87},"6":{"name":"(anonymous_6)","decl":{"start":{"line":148,"column":18},"end":{"line":148,"column":19}},"loc":{"start":{"line":148,"column":30},"end":{"line":160,"column":13}},"line":148},"7":{"name":"(anonymous_7)","decl":{"start":{"line":169,"column":4},"end":{"line":169,"column":5}},"loc":{"start":{"line":169,"column":22},"end":{"line":173,"column":5}},"line":169},"8":{"name":"(anonymous_8)","decl":{"start":{"line":175,"column":4},"end":{"line":175,"column":5}},"loc":{"start":{"line":175,"column":27},"end":{"line":182,"column":5}},"line":175},"9":{"name":"(anonymous_9)","decl":{"start":{"line":184,"column":4},"end":{"line":184,"column":5}},"loc":{"start":{"line":184,"column":28},"end":{"line":192,"column":5}},"line":184},"10":{"name":"(anonymous_10)","decl":{"start":{"line":194,"column":4},"end":{"line":194,"column":5}},"loc":{"start":{"line":194,"column":13},"end":{"line":198,"column":5}},"line":194},"11":{"name":"(anonymous_11)","decl":{"start":{"line":195,"column":22},"end":{"line":195,"column":23}},"loc":{"start":{"line":195,"column":36},"end":{"line":197,"column":9}},"line":195},"12":{"name":"(anonymous_12)","decl":{"start":{"line":200,"column":4},"end":{"line":200,"column":5}},"loc":{"start":{"line":200,"column":38},"end":{"line":214,"column":5}},"line":200},"13":{"name":"(anonymous_13)","decl":{"start":{"line":204,"column":55},"end":{"line":204,"column":56}},"loc":{"start":{"line":205,"column":12},"end":{"line":205,"column":49}},"line":205},"14":{"name":"(anonymous_14)","decl":{"start":{"line":216,"column":4},"end":{"line":216,"column":5}},"loc":{"start":{"line":216,"column":27},"end":{"line":220,"column":5}},"line":216},"15":{"name":"(anonymous_15)","decl":{"start":{"line":222,"column":4},"end":{"line":222,"column":5}},"loc":{"start":{"line":222,"column":23},"end":{"line":229,"column":5}},"line":222},"16":{"name":"(anonymous_16)","decl":{"start":{"line":231,"column":4},"end":{"line":231,"column":5}},"loc":{"start":{"line":231,"column":18},"end":{"line":241,"column":5}},"line":231},"17":{"name":"(anonymous_17)","decl":{"start":{"line":240,"column":18},"end":{"line":240,"column":19}},"loc":{"start":{"line":240,"column":23},"end":{"line":240,"column":49}},"line":240},"18":{"name":"(anonymous_18)","decl":{"start":{"line":243,"column":4},"end":{"line":243,"column":5}},"loc":{"start":{"line":243,"column":23},"end":{"line":381,"column":7}},"line":243},"19":{"name":"(anonymous_19)","decl":{"start":{"line":278,"column":15},"end":{"line":278,"column":16}},"loc":{"start":{"line":278,"column":21},"end":{"line":355,"column":11}},"line":278},"20":{"name":"(anonymous_20)","decl":{"start":{"line":280,"column":15},"end":{"line":280,"column":16}},"loc":{"start":{"line":280,"column":21},"end":{"line":355,"column":9}},"line":280},"21":{"name":"(anonymous_21)","decl":{"start":{"line":281,"column":148},"end":{"line":281,"column":149}},"loc":{"start":{"line":281,"column":160},"end":{"line":354,"column":13}},"line":281},"22":{"name":"(anonymous_22)","decl":{"start":{"line":303,"column":49},"end":{"line":303,"column":50}},"loc":{"start":{"line":303,"column":71},"end":{"line":352,"column":17}},"line":303},"23":{"name":"(anonymous_23)","decl":{"start":{"line":359,"column":14},"end":{"line":359,"column":15}},"loc":{"start":{"line":359,"column":26},"end":{"line":371,"column":9}},"line":359},"24":{"name":"(anonymous_24)","decl":{"start":{"line":383,"column":4},"end":{"line":383,"column":5}},"loc":{"start":{"line":383,"column":15},"end":{"line":392,"column":5}},"line":383},"25":{"name":"(anonymous_25)","decl":{"start":{"line":394,"column":4},"end":{"line":394,"column":5}},"loc":{"start":{"line":394,"column":13},"end":{"line":675,"column":2}},"line":394},"26":{"name":"(anonymous_26)","decl":{"start":{"line":440,"column":39},"end":{"line":440,"column":40}},"loc":{"start":{"line":440,"column":50},"end":{"line":451,"column":13}},"line":440},"27":{"name":"(anonymous_27)","decl":{"start":{"line":455,"column":39},"end":{"line":455,"column":40}},"loc":{"start":{"line":455,"column":56},"end":{"line":461,"column":13}},"line":455},"28":{"name":"(anonymous_28)","decl":{"start":{"line":465,"column":39},"end":{"line":465,"column":40}},"loc":{"start":{"line":465,"column":56},"end":{"line":469,"column":13}},"line":465},"29":{"name":"(anonymous_29)","decl":{"start":{"line":474,"column":43},"end":{"line":474,"column":44}},"loc":{"start":{"line":474,"column":60},"end":{"line":479,"column":17}},"line":474},"30":{"name":"(anonymous_30)","decl":{"start":{"line":482,"column":43},"end":{"line":482,"column":44}},"loc":{"start":{"line":482,"column":60},"end":{"line":487,"column":17}},"line":482},"31":{"name":"(anonymous_31)","decl":{"start":{"line":532,"column":71},"end":{"line":532,"column":72}},"loc":{"start":{"line":532,"column":77},"end":{"line":532,"column":107}},"line":532},"32":{"name":"(anonymous_32)","decl":{"start":{"line":545,"column":29},"end":{"line":545,"column":30}},"loc":{"start":{"line":545,"column":35},"end":{"line":545,"column":77}},"line":545},"33":{"name":"(anonymous_33)","decl":{"start":{"line":597,"column":32},"end":{"line":597,"column":33}},"loc":{"start":{"line":597,"column":38},"end":{"line":597,"column":70}},"line":597},"34":{"name":"(anonymous_34)","decl":{"start":{"line":602,"column":32},"end":{"line":602,"column":33}},"loc":{"start":{"line":602,"column":38},"end":{"line":602,"column":71}},"line":602},"35":{"name":"(anonymous_35)","decl":{"start":{"line":604,"column":30},"end":{"line":604,"column":31}},"loc":{"start":{"line":604,"column":37},"end":{"line":604,"column":104}},"line":604},"36":{"name":"(anonymous_36)","decl":{"start":{"line":607,"column":32},"end":{"line":607,"column":33}},"loc":{"start":{"line":607,"column":38},"end":{"line":607,"column":76}},"line":607},"37":{"name":"(anonymous_37)","decl":{"start":{"line":611,"column":32},"end":{"line":611,"column":33}},"loc":{"start":{"line":611,"column":38},"end":{"line":611,"column":78}},"line":611},"38":{"name":"(anonymous_38)","decl":{"start":{"line":619,"column":32},"end":{"line":619,"column":33}},"loc":{"start":{"line":619,"column":38},"end":{"line":619,"column":78}},"line":619},"39":{"name":"(anonymous_39)","decl":{"start":{"line":621,"column":32},"end":{"line":621,"column":33}},"loc":{"start":{"line":621,"column":38},"end":{"line":626,"column":53}},"line":621},"40":{"name":"(anonymous_40)","decl":{"start":{"line":623,"column":41},"end":{"line":623,"column":42}},"loc":{"start":{"line":623,"column":46},"end":{"line":625,"column":29}},"line":623},"41":{"name":"(anonymous_41)","decl":{"start":{"line":629,"column":32},"end":{"line":629,"column":33}},"loc":{"start":{"line":629,"column":38},"end":{"line":629,"column":84}},"line":629},"42":{"name":"(anonymous_42)","decl":{"start":{"line":631,"column":30},"end":{"line":631,"column":31}},"loc":{"start":{"line":631,"column":37},"end":{"line":631,"column":80}},"line":631},"43":{"name":"(anonymous_43)","decl":{"start":{"line":633,"column":32},"end":{"line":633,"column":33}},"loc":{"start":{"line":633,"column":38},"end":{"line":638,"column":54}},"line":633},"44":{"name":"(anonymous_44)","decl":{"start":{"line":635,"column":41},"end":{"line":635,"column":42}},"loc":{"start":{"line":635,"column":46},"end":{"line":637,"column":29}},"line":635},"45":{"name":"(anonymous_45)","decl":{"start":{"line":641,"column":32},"end":{"line":641,"column":33}},"loc":{"start":{"line":641,"column":38},"end":{"line":641,"column":74}},"line":641},"46":{"name":"(anonymous_46)","decl":{"start":{"line":643,"column":30},"end":{"line":643,"column":31}},"loc":{"start":{"line":643,"column":37},"end":{"line":643,"column":60}},"line":643},"47":{"name":"(anonymous_47)","decl":{"start":{"line":644,"column":32},"end":{"line":644,"column":33}},"loc":{"start":{"line":644,"column":38},"end":{"line":649,"column":54}},"line":644},"48":{"name":"(anonymous_48)","decl":{"start":{"line":646,"column":41},"end":{"line":646,"column":42}},"loc":{"start":{"line":646,"column":46},"end":{"line":648,"column":29}},"line":646},"49":{"name":"(anonymous_49)","decl":{"start":{"line":652,"column":32},"end":{"line":652,"column":33}},"loc":{"start":{"line":652,"column":38},"end":{"line":652,"column":84}},"line":652},"50":{"name":"(anonymous_50)","decl":{"start":{"line":654,"column":30},"end":{"line":654,"column":31}},"loc":{"start":{"line":654,"column":37},"end":{"line":654,"column":60}},"line":654},"51":{"name":"(anonymous_51)","decl":{"start":{"line":655,"column":32},"end":{"line":655,"column":33}},"loc":{"start":{"line":655,"column":38},"end":{"line":660,"column":54}},"line":655},"52":{"name":"(anonymous_52)","decl":{"start":{"line":657,"column":41},"end":{"line":657,"column":42}},"loc":{"start":{"line":657,"column":46},"end":{"line":659,"column":29}},"line":657}},"branchMap":{"0":{"loc":{"start":{"line":70,"column":20},"end":{"line":142,"column":21}},"type":"if","locations":[{"start":{"line":70,"column":20},"end":{"line":142,"column":21}},{"start":{"line":70,"column":20},"end":{"line":142,"column":21}}],"line":70},"1":{"loc":{"start":{"line":90,"column":24},"end":{"line":103,"column":25}},"type":"if","locations":[{"start":{"line":90,"column":24},"end":{"line":103,"column":25}},{"start":{"line":90,"column":24},"end":{"line":103,"column":25}}],"line":90},"2":{"loc":{"start":{"line":90,"column":27},"end":{"line":90,"column":101}},"type":"binary-expr","locations":[{"start":{"line":90,"column":27},"end":{"line":90,"column":61}},{"start":{"line":90,"column":64},"end":{"line":90,"column":101}}],"line":90},"3":{"loc":{"start":{"line":93,"column":29},"end":{"line":103,"column":25}},"type":"if","locations":[{"start":{"line":93,"column":29},"end":{"line":103,"column":25}},{"start":{"line":93,"column":29},"end":{"line":103,"column":25}}],"line":93},"4":{"loc":{"start":{"line":123,"column":24},"end":{"line":129,"column":25}},"type":"if","locations":[{"start":{"line":123,"column":24},"end":{"line":129,"column":25}},{"start":{"line":123,"column":24},"end":{"line":129,"column":25}}],"line":123},"5":{"loc":{"start":{"line":123,"column":27},"end":{"line":123,"column":96}},"type":"binary-expr","locations":[{"start":{"line":123,"column":27},"end":{"line":123,"column":62}},{"start":{"line":123,"column":64},"end":{"line":123,"column":96}}],"line":123},"6":{"loc":{"start":{"line":149,"column":14},"end":{"line":159,"column":15}},"type":"if","locations":[{"start":{"line":149,"column":14},"end":{"line":159,"column":15}},{"start":{"line":149,"column":14},"end":{"line":159,"column":15}}],"line":149},"7":{"loc":{"start":{"line":151,"column":16},"end":{"line":153,"column":17}},"type":"if","locations":[{"start":{"line":151,"column":16},"end":{"line":153,"column":17}},{"start":{"line":151,"column":16},"end":{"line":153,"column":17}}],"line":151},"8":{"loc":{"start":{"line":162,"column":12},"end":{"line":166,"column":13}},"type":"if","locations":[{"start":{"line":162,"column":12},"end":{"line":166,"column":13}},{"start":{"line":162,"column":12},"end":{"line":166,"column":13}}],"line":162},"9":{"loc":{"start":{"line":162,"column":15},"end":{"line":162,"column":109}},"type":"binary-expr","locations":[{"start":{"line":162,"column":15},"end":{"line":162,"column":59}},{"start":{"line":162,"column":63},"end":{"line":162,"column":109}}],"line":162},"10":{"loc":{"start":{"line":203,"column":8},"end":{"line":212,"column":9}},"type":"if","locations":[{"start":{"line":203,"column":8},"end":{"line":212,"column":9}},{"start":{"line":203,"column":8},"end":{"line":212,"column":9}}],"line":203},"11":{"loc":{"start":{"line":233,"column":8},"end":{"line":238,"column":9}},"type":"if","locations":[{"start":{"line":233,"column":8},"end":{"line":238,"column":9}},{"start":{"line":233,"column":8},"end":{"line":238,"column":9}}],"line":233},"12":{"loc":{"start":{"line":236,"column":13},"end":{"line":238,"column":9}},"type":"if","locations":[{"start":{"line":236,"column":13},"end":{"line":238,"column":9}},{"start":{"line":236,"column":13},"end":{"line":238,"column":9}}],"line":236},"13":{"loc":{"start":{"line":283,"column":16},"end":{"line":353,"column":17}},"type":"if","locations":[{"start":{"line":283,"column":16},"end":{"line":353,"column":17}},{"start":{"line":283,"column":16},"end":{"line":353,"column":17}}],"line":283},"14":{"loc":{"start":{"line":283,"column":19},"end":{"line":283,"column":93}},"type":"binary-expr","locations":[{"start":{"line":283,"column":19},"end":{"line":283,"column":48}},{"start":{"line":283,"column":52},"end":{"line":283,"column":93}}],"line":283},"15":{"loc":{"start":{"line":304,"column":20},"end":{"line":317,"column":21}},"type":"if","locations":[{"start":{"line":304,"column":20},"end":{"line":317,"column":21}},{"start":{"line":304,"column":20},"end":{"line":317,"column":21}}],"line":304},"16":{"loc":{"start":{"line":304,"column":23},"end":{"line":304,"column":97}},"type":"binary-expr","locations":[{"start":{"line":304,"column":23},"end":{"line":304,"column":57}},{"start":{"line":304,"column":60},"end":{"line":304,"column":97}}],"line":304},"17":{"loc":{"start":{"line":307,"column":25},"end":{"line":317,"column":21}},"type":"if","locations":[{"start":{"line":307,"column":25},"end":{"line":317,"column":21}},{"start":{"line":307,"column":25},"end":{"line":317,"column":21}}],"line":307},"18":{"loc":{"start":{"line":335,"column":20},"end":{"line":341,"column":21}},"type":"if","locations":[{"start":{"line":335,"column":20},"end":{"line":341,"column":21}},{"start":{"line":335,"column":20},"end":{"line":341,"column":21}}],"line":335},"19":{"loc":{"start":{"line":335,"column":23},"end":{"line":335,"column":92}},"type":"binary-expr","locations":[{"start":{"line":335,"column":23},"end":{"line":335,"column":58}},{"start":{"line":335,"column":60},"end":{"line":335,"column":92}}],"line":335},"20":{"loc":{"start":{"line":360,"column":10},"end":{"line":370,"column":11}},"type":"if","locations":[{"start":{"line":360,"column":10},"end":{"line":370,"column":11}},{"start":{"line":360,"column":10},"end":{"line":370,"column":11}}],"line":360},"21":{"loc":{"start":{"line":362,"column":12},"end":{"line":364,"column":13}},"type":"if","locations":[{"start":{"line":362,"column":12},"end":{"line":364,"column":13}},{"start":{"line":362,"column":12},"end":{"line":364,"column":13}}],"line":362},"22":{"loc":{"start":{"line":373,"column":8},"end":{"line":377,"column":9}},"type":"if","locations":[{"start":{"line":373,"column":8},"end":{"line":377,"column":9}},{"start":{"line":373,"column":8},"end":{"line":377,"column":9}}],"line":373},"23":{"loc":{"start":{"line":373,"column":11},"end":{"line":373,"column":105}},"type":"binary-expr","locations":[{"start":{"line":373,"column":11},"end":{"line":373,"column":55}},{"start":{"line":373,"column":59},"end":{"line":373,"column":105}}],"line":373},"24":{"loc":{"start":{"line":405,"column":8},"end":{"line":414,"column":9}},"type":"if","locations":[{"start":{"line":405,"column":8},"end":{"line":414,"column":9}},{"start":{"line":405,"column":8},"end":{"line":414,"column":9}}],"line":405},"25":{"loc":{"start":{"line":406,"column":12},"end":{"line":408,"column":13}},"type":"if","locations":[{"start":{"line":406,"column":12},"end":{"line":408,"column":13}},{"start":{"line":406,"column":12},"end":{"line":408,"column":13}}],"line":406},"26":{"loc":{"start":{"line":410,"column":13},"end":{"line":414,"column":9}},"type":"if","locations":[{"start":{"line":410,"column":13},"end":{"line":414,"column":9}},{"start":{"line":410,"column":13},"end":{"line":414,"column":9}}],"line":410},"27":{"loc":{"start":{"line":411,"column":12},"end":{"line":413,"column":13}},"type":"if","locations":[{"start":{"line":411,"column":12},"end":{"line":413,"column":13}},{"start":{"line":411,"column":12},"end":{"line":413,"column":13}}],"line":411},"28":{"loc":{"start":{"line":417,"column":8},"end":{"line":437,"column":9}},"type":"if","locations":[{"start":{"line":417,"column":8},"end":{"line":437,"column":9}},{"start":{"line":417,"column":8},"end":{"line":437,"column":9}}],"line":417},"29":{"loc":{"start":{"line":439,"column":8},"end":{"line":452,"column":9}},"type":"if","locations":[{"start":{"line":439,"column":8},"end":{"line":452,"column":9}},{"start":{"line":439,"column":8},"end":{"line":452,"column":9}}],"line":439},"30":{"loc":{"start":{"line":441,"column":16},"end":{"line":450,"column":17}},"type":"if","locations":[{"start":{"line":441,"column":16},"end":{"line":450,"column":17}},{"start":{"line":441,"column":16},"end":{"line":450,"column":17}}],"line":441},"31":{"loc":{"start":{"line":441,"column":19},"end":{"line":448,"column":154}},"type":"binary-expr","locations":[{"start":{"line":441,"column":19},"end":{"line":441,"column":73}},{"start":{"line":442,"column":19},"end":{"line":442,"column":75}},{"start":{"line":443,"column":19},"end":{"line":443,"column":80}},{"start":{"line":444,"column":19},"end":{"line":444,"column":57}},{"start":{"line":445,"column":19},"end":{"line":445,"column":56}},{"start":{"line":446,"column":19},"end":{"line":446,"column":71}},{"start":{"line":447,"column":19},"end":{"line":447,"column":74}},{"start":{"line":448,"column":19},"end":{"line":448,"column":154}}],"line":441},"32":{"loc":{"start":{"line":454,"column":8},"end":{"line":462,"column":9}},"type":"if","locations":[{"start":{"line":454,"column":8},"end":{"line":462,"column":9}},{"start":{"line":454,"column":8},"end":{"line":462,"column":9}}],"line":454},"33":{"loc":{"start":{"line":456,"column":16},"end":{"line":459,"column":17}},"type":"if","locations":[{"start":{"line":456,"column":16},"end":{"line":459,"column":17}},{"start":{"line":456,"column":16},"end":{"line":459,"column":17}}],"line":456},"34":{"loc":{"start":{"line":464,"column":8},"end":{"line":470,"column":9}},"type":"if","locations":[{"start":{"line":464,"column":8},"end":{"line":470,"column":9}},{"start":{"line":464,"column":8},"end":{"line":470,"column":9}}],"line":464},"35":{"loc":{"start":{"line":466,"column":16},"end":{"line":468,"column":17}},"type":"if","locations":[{"start":{"line":466,"column":16},"end":{"line":468,"column":17}},{"start":{"line":466,"column":16},"end":{"line":468,"column":17}}],"line":466},"36":{"loc":{"start":{"line":466,"column":19},"end":{"line":466,"column":76}},"type":"binary-expr","locations":[{"start":{"line":466,"column":19},"end":{"line":466,"column":48}},{"start":{"line":466,"column":50},"end":{"line":466,"column":76}}],"line":466},"37":{"loc":{"start":{"line":472,"column":8},"end":{"line":489,"column":9}},"type":"if","locations":[{"start":{"line":472,"column":8},"end":{"line":489,"column":9}},{"start":{"line":472,"column":8},"end":{"line":489,"column":9}}],"line":472},"38":{"loc":{"start":{"line":473,"column":12},"end":{"line":488,"column":13}},"type":"if","locations":[{"start":{"line":473,"column":12},"end":{"line":488,"column":13}},{"start":{"line":473,"column":12},"end":{"line":488,"column":13}}],"line":473},"39":{"loc":{"start":{"line":476,"column":20},"end":{"line":478,"column":21}},"type":"if","locations":[{"start":{"line":476,"column":20},"end":{"line":478,"column":21}},{"start":{"line":476,"column":20},"end":{"line":478,"column":21}}],"line":476},"40":{"loc":{"start":{"line":481,"column":17},"end":{"line":488,"column":13}},"type":"if","locations":[{"start":{"line":481,"column":17},"end":{"line":488,"column":13}},{"start":{"line":481,"column":17},"end":{"line":488,"column":13}}],"line":481},"41":{"loc":{"start":{"line":484,"column":20},"end":{"line":486,"column":21}},"type":"if","locations":[{"start":{"line":484,"column":20},"end":{"line":486,"column":21}},{"start":{"line":484,"column":20},"end":{"line":486,"column":21}}],"line":484},"42":{"loc":{"start":{"line":492,"column":2},"end":{"line":674,"column":9}},"type":"if","locations":[{"start":{"line":492,"column":2},"end":{"line":674,"column":9}},{"start":{"line":492,"column":2},"end":{"line":674,"column":9}}],"line":492},"43":{"loc":{"start":{"line":562,"column":29},"end":{"line":567,"column":33}},"type":"binary-expr","locations":[{"start":{"line":562,"column":29},"end":{"line":562,"column":33}},{"start":{"line":563,"column":32},"end":{"line":563,"column":34}},{"start":{"line":564,"column":32},"end":{"line":566,"column":41}}],"line":562},"44":{"loc":{"start":{"line":594,"column":30},"end":{"line":594,"column":73}},"type":"cond-expr","locations":[{"start":{"line":594,"column":54},"end":{"line":594,"column":69}},{"start":{"line":594,"column":72},"end":{"line":594,"column":73}}],"line":594}},"s":{"0":0,"1":0,"2":0,"3":0,"4":0,"5":0,"6":0,"7":0,"8":0,"9":0,"10":0,"11":0,"12":0,"13":0,"14":0,"15":0,"16":0,"17":0,"18":0,"19":0,"20":0,"21":0,"22":0,"23":0,"24":0,"25":0,"26":0,"27":0,"28":0,"29":0,"30":0,"31":0,"32":0,"33":0,"34":0,"35":0,"36":0,"37":0,"38":0,"39":0,"40":0,"41":0,"42":0,"43":0,"44":0,"45":0,"46":0,"47":0,"48":0,"49":0,"50":0,"51":0,"52":0,"53":0,"54":0,"55":0,"56":0,"57":0,"58":0,"59":0,"60":0,"61":0,"62":0,"63":0,"64":0,"65":0,"66":0,"67":0,"68":0,"69":0,"70":0,"71":0,"72":0,"73":0,"74":0,"75":0,"76":0,"77":0,"78":0,"79":0,"80":0,"81":0,"82":0,"83":0,"84":0,"85":0,"86":0,"87":0,"88":0,"89":0,"90":0,"91":0,"92":0,"93":0,"94":0,"95":0,"96":0,"97":0,"98":0,"99":0,"100":0,"101":0,"102":0,"103":0,"104":0,"105":0,"106":0,"107":0,"108":0,"109":0,"110":0,"111":0,"112":0,"113":0,"114":0,"115":0,"116":0,"117":0,"118":0,"119":0,"120":0,"121":0,"122":0,"123":0,"124":0,"125":0,"126":0,"127":0,"128":0,"129":0,"130":0,"131":0,"132":0,"133":0,"134":0,"135":0,"136":0,"137":0,"138":0,"139":0,"140":0,"141":0,"142":0,"143":0,"144":0,"145":0,"146":0,"147":0,"148":0,"149":0,"150":0,"151":0,"152":0,"153":0,"154":0,"155":0,"156":0,"157":0,"158":0,"159":0,"160":0,"161":0,"162":0,"163":0,"164":0,"165":0,"166":0,"167":0,"168":0,"169":0,"170":0,"171":0,"172":0,"173":0,"174":0,"175":0,"176":0,"177":0,"178":0,"179":0,"180":0,"181":0,"182":0,"183":0,"184":0,"185":0,"186":0,"187":0,"188":0,"189":0,"190":0,"191":0,"192":0,"193":0,"194":0,"195":0,"196":0,"197":0,"198":0,"199":0,"200":0,"201":0,"202":0,"203":0,"204":0,"205":0,"206":0,"207":0,"208":0,"209":0,"210":0,"211":0,"212":0,"213":0,"214":0,"215":0,"216":0,"217":0,"218":0},"f":{"0":0,"1":0,"2":0,"3":0,"4":0,"5":0,"6":0,"7":0,"8":0,"9":0,"10":0,"11":0,"12":0,"13":0,"14":0,"15":0,"16":0,"17":0,"18":0,"19":0,"20":0,"21":0,"22":0,"23":0,"24":0,"25":0,"26":0,"27":0,"28":0,"29":0,"30":0,"31":0,"32":0,"33":0,"34":0,"35":0,"36":0,"37":0,"38":0,"39":0,"40":0,"41":0,"42":0,"43":0,"44":0,"45":0,"46":0,"47":0,"48":0,"49":0,"50":0,"51":0,"52":0},"b":{"0":[0,0],"1":[0,0],"2":[0,0],"3":[0,0],"4":[0,0],"5":[0,0],"6":[0,0],"7":[0,0],"8":[0,0],"9":[0,0],"10":[0,0],"11":[0,0],"12":[0,0],"13":[0,0],"14":[0,0],"15":[0,0],"16":[0,0],"17":[0,0],"18":[0,0],"19":[0,0],"20":[0,0],"21":[0,0],"22":[0,0],"23":[0,0],"24":[0,0],"25":[0,0],"26":[0,0],"27":[0,0],"28":[0,0],"29":[0,0],"30":[0,0],"31":[0,0,0,0,0,0,0,0],"32":[0,0],"33":[0,0],"34":[0,0],"35":[0,0],"36":[0,0],"37":[0,0],"38":[0,0],"39":[0,0],"40":[0,0],"41":[0,0],"42":[0,0],"43":[0,0,0],"44":[0,0]},"_coverageSchema":"332fd63041d2c1bcb487cc26dd0d5f7d97098a6c","hash":"e2d60164bb1323362cd77a5600f1c2e304e7467a"}
,"C:\\Users\\QAKrisDuff\\Documents\\Github\\Live_BursaryGit\\bursaryproject\\React\\src\\components\\create-trainee.component.js": {"path":"C:\\Users\\QAKrisDuff\\Documents\\Github\\Live_BursaryGit\\bursaryproject\\React\\src\\components\\create-trainee.component.js","statementMap":{"0":{"start":{"line":21,"column":8},"end":{"line":21,"column":21}},"1":{"start":{"line":22,"column":8},"end":{"line":22,"column":73}},"2":{"start":{"line":23,"column":8},"end":{"line":23,"column":73}},"3":{"start":{"line":24,"column":8},"end":{"line":24,"column":73}},"4":{"start":{"line":25,"column":8},"end":{"line":25,"column":79}},"5":{"start":{"line":26,"column":8},"end":{"line":26,"column":49}},"6":{"start":{"line":27,"column":8},"end":{"line":27,"column":67}},"7":{"start":{"line":28,"column":8},"end":{"line":28,"column":63}},"8":{"start":{"line":29,"column":8},"end":{"line":29,"column":77}},"9":{"start":{"line":30,"column":8},"end":{"line":30,"column":73}},"10":{"start":{"line":31,"column":8},"end":{"line":31,"column":61}},"11":{"start":{"line":32,"column":8},"end":{"line":32,"column":75}},"12":{"start":{"line":34,"column":8},"end":{"line":52,"column":9}},"13":{"start":{"line":57,"column":8},"end":{"line":78,"column":15}},"14":{"start":{"line":59,"column":16},"end":{"line":77,"column":17}},"15":{"start":{"line":60,"column":20},"end":{"line":60,"column":41}},"16":{"start":{"line":61,"column":20},"end":{"line":63,"column":21}},"17":{"start":{"line":62,"column":24},"end":{"line":62,"column":102}},"18":{"start":{"line":66,"column":20},"end":{"line":66,"column":47}},"19":{"start":{"line":67,"column":20},"end":{"line":69,"column":22}},"20":{"start":{"line":70,"column":20},"end":{"line":76,"column":22}},"21":{"start":{"line":71,"column":24},"end":{"line":71,"column":51}},"22":{"start":{"line":72,"column":24},"end":{"line":75,"column":27}},"23":{"start":{"line":82,"column":8},"end":{"line":84,"column":11}},"24":{"start":{"line":88,"column":8},"end":{"line":90,"column":11}},"25":{"start":{"line":94,"column":8},"end":{"line":96,"column":11}},"26":{"start":{"line":100,"column":8},"end":{"line":102,"column":11}},"27":{"start":{"line":106,"column":8},"end":{"line":109,"column":10}},"28":{"start":{"line":113,"column":8},"end":{"line":115,"column":10}},"29":{"start":{"line":116,"column":8},"end":{"line":116,"column":45}},"30":{"start":{"line":120,"column":8},"end":{"line":125,"column":10}},"31":{"start":{"line":126,"column":8},"end":{"line":126,"column":31}},"32":{"start":{"line":127,"column":8},"end":{"line":127,"column":51}},"33":{"start":{"line":131,"column":8},"end":{"line":136,"column":10}},"34":{"start":{"line":137,"column":8},"end":{"line":137,"column":40}},"35":{"start":{"line":141,"column":8},"end":{"line":154,"column":9}},"36":{"start":{"line":142,"column":12},"end":{"line":146,"column":15}},"37":{"start":{"line":149,"column":12},"end":{"line":153,"column":15}},"38":{"start":{"line":158,"column":8},"end":{"line":160,"column":10}},"39":{"start":{"line":165,"column":8},"end":{"line":169,"column":23}},"40":{"start":{"line":168,"column":25},"end":{"line":168,"column":69}},"41":{"start":{"line":173,"column":8},"end":{"line":173,"column":27}},"42":{"start":{"line":177,"column":8},"end":{"line":192,"column":9}},"43":{"start":{"line":179,"column":12},"end":{"line":190,"column":13}},"44":{"start":{"line":180,"column":16},"end":{"line":180,"column":47}},"45":{"start":{"line":182,"column":17},"end":{"line":190,"column":13}},"46":{"start":{"line":183,"column":16},"end":{"line":183,"column":52}},"47":{"start":{"line":185,"column":17},"end":{"line":190,"column":13}},"48":{"start":{"line":186,"column":16},"end":{"line":186,"column":49}},"49":{"start":{"line":188,"column":17},"end":{"line":190,"column":13}},"50":{"start":{"line":189,"column":16},"end":{"line":189,"column":50}},"51":{"start":{"line":194,"column":8},"end":{"line":265,"column":9}},"52":{"start":{"line":196,"column":16},"end":{"line":196,"column":67}},"53":{"start":{"line":197,"column":16},"end":{"line":197,"column":22}},"54":{"start":{"line":199,"column":16},"end":{"line":199,"column":112}},"55":{"start":{"line":200,"column":16},"end":{"line":200,"column":22}},"56":{"start":{"line":202,"column":34},"end":{"line":202,"column":139}},"57":{"start":{"line":204,"column":16},"end":{"line":206,"column":17}},"58":{"start":{"line":205,"column":20},"end":{"line":205,"column":26}},"59":{"start":{"line":208,"column":34},"end":{"line":208,"column":129}},"60":{"start":{"line":210,"column":16},"end":{"line":212,"column":17}},"61":{"start":{"line":211,"column":20},"end":{"line":211,"column":26}},"62":{"start":{"line":214,"column":16},"end":{"line":214,"column":47}},"63":{"start":{"line":215,"column":16},"end":{"line":215,"column":74}},"64":{"start":{"line":216,"column":16},"end":{"line":216,"column":74}},"65":{"start":{"line":217,"column":16},"end":{"line":217,"column":74}},"66":{"start":{"line":218,"column":16},"end":{"line":218,"column":48}},"67":{"start":{"line":219,"column":16},"end":{"line":219,"column":98}},"68":{"start":{"line":220,"column":33},"end":{"line":235,"column":17}},"69":{"start":{"line":236,"column":16},"end":{"line":236,"column":105}},"70":{"start":{"line":237,"column":16},"end":{"line":237,"column":54}},"71":{"start":{"line":238,"column":16},"end":{"line":238,"column":40}},"72":{"start":{"line":240,"column":16},"end":{"line":264,"column":22}},"73":{"start":{"line":242,"column":24},"end":{"line":262,"column":25}},"74":{"start":{"line":243,"column":28},"end":{"line":243,"column":61}},"75":{"start":{"line":246,"column":28},"end":{"line":251,"column":35}},"76":{"start":{"line":250,"column":36},"end":{"line":250,"column":62}},"77":{"start":{"line":253,"column":28},"end":{"line":261,"column":35}},"78":{"start":{"line":258,"column":36},"end":{"line":258,"column":63}},"79":{"start":{"line":259,"column":36},"end":{"line":259,"column":65}},"80":{"start":{"line":260,"column":36},"end":{"line":260,"column":61}},"81":{"start":{"line":269,"column":8},"end":{"line":403,"column":9}},"82":{"start":{"line":270,"column":12},"end":{"line":272,"column":14}},"83":{"start":{"line":274,"column":12},"end":{"line":402,"column":13}},"84":{"start":{"line":278,"column":76},"end":{"line":278,"column":106}},"85":{"start":{"line":278,"column":107},"end":{"line":278,"column":136}}},"fnMap":{"0":{"name":"(anonymous_0)","decl":{"start":{"line":20,"column":4},"end":{"line":20,"column":5}},"loc":{"start":{"line":20,"column":23},"end":{"line":53,"column":5}},"line":20},"1":{"name":"(anonymous_1)","decl":{"start":{"line":56,"column":4},"end":{"line":56,"column":5}},"loc":{"start":{"line":56,"column":24},"end":{"line":79,"column":5}},"line":56},"2":{"name":"(anonymous_2)","decl":{"start":{"line":58,"column":18},"end":{"line":58,"column":19}},"loc":{"start":{"line":58,"column":30},"end":{"line":78,"column":13}},"line":58},"3":{"name":"(anonymous_3)","decl":{"start":{"line":70,"column":97},"end":{"line":70,"column":98}},"loc":{"start":{"line":70,"column":109},"end":{"line":76,"column":21}},"line":70},"4":{"name":"(anonymous_4)","decl":{"start":{"line":81,"column":4},"end":{"line":81,"column":5}},"loc":{"start":{"line":81,"column":28},"end":{"line":85,"column":5}},"line":81},"5":{"name":"(anonymous_5)","decl":{"start":{"line":87,"column":4},"end":{"line":87,"column":5}},"loc":{"start":{"line":87,"column":28},"end":{"line":91,"column":5}},"line":87},"6":{"name":"(anonymous_6)","decl":{"start":{"line":93,"column":4},"end":{"line":93,"column":5}},"loc":{"start":{"line":93,"column":28},"end":{"line":97,"column":5}},"line":93},"7":{"name":"(anonymous_7)","decl":{"start":{"line":99,"column":4},"end":{"line":99,"column":5}},"loc":{"start":{"line":99,"column":31},"end":{"line":103,"column":5}},"line":99},"8":{"name":"(anonymous_8)","decl":{"start":{"line":105,"column":4},"end":{"line":105,"column":5}},"loc":{"start":{"line":105,"column":43},"end":{"line":110,"column":5}},"line":105},"9":{"name":"(anonymous_9)","decl":{"start":{"line":112,"column":4},"end":{"line":112,"column":5}},"loc":{"start":{"line":112,"column":39},"end":{"line":117,"column":5}},"line":112},"10":{"name":"(anonymous_10)","decl":{"start":{"line":119,"column":24},"end":{"line":119,"column":25}},"loc":{"start":{"line":119,"column":39},"end":{"line":128,"column":5}},"line":119},"11":{"name":"(anonymous_11)","decl":{"start":{"line":130,"column":22},"end":{"line":130,"column":23}},"loc":{"start":{"line":130,"column":35},"end":{"line":1
[...]
d":{"line":36,"column":3}},"loc":{"start":{"line":36,"column":14},"end":{"line":43,"column":3}},"line":36},"4":{"name":"(anonymous_4)","decl":{"start":{"line":45,"column":2},"end":{"line":45,"column":3}},"loc":{"start":{"line":45,"column":11},"end":{"line":104,"column":1}},"line":45},"5":{"name":"(anonymous_5)","decl":{"start":{"line":53,"column":23},"end":{"line":53,"column":24}},"loc":{"start":{"line":53,"column":29},"end":{"line":53,"column":50}},"line":53},"6":{"name":"(anonymous_6)","decl":{"start":{"line":61,"column":23},"end":{"line":61,"column":24}},"loc":{"start":{"line":61,"column":29},"end":{"line":61,"column":50}},"line":61},"7":{"name":"(anonymous_7)","decl":{"start":{"line":69,"column":23},"end":{"line":69,"column":24}},"loc":{"start":{"line":69,"column":29},"end":{"line":69,"column":50}},"line":69},"8":{"name":"(anonymous_8)","decl":{"start":{"line":77,"column":23},"end":{"line":77,"column":24}},"loc":{"start":{"line":77,"column":29},"end":{"line":77,"column":50}},"line":77}},"branchMap":{"0":{"loc":{"start":{"line":27,"column":4},"end":{"line":32,"column":5}},"type":"if","locations":[{"start":{"line":27,"column":4},"end":{"line":32,"column":5}},{"start":{"line":27,"column":4},"end":{"line":32,"column":5}}],"line":27},"1":{"loc":{"start":{"line":37,"column":4},"end":{"line":42,"column":5}},"type":"if","locations":[{"start":{"line":37,"column":4},"end":{"line":42,"column":5}},{"start":{"line":37,"column":4},"end":{"line":42,"column":5}}],"line":37},"2":{"loc":{"start":{"line":46,"column":2},"end":{"line":103,"column":3}},"type":"if","locations":[{"start":{"line":46,"column":2},"end":{"line":103,"column":3}},{"start":{"line":46,"column":2},"end":{"line":103,"column":3}}],"line":46}},"s":{"0":0,"1":0,"2":0,"3":0,"4":0,"5":0,"6":0,"7":0,"8":0,"9":0,"10":0,"11":0,"12":0,"13":0,"14":0,"15":0,"16":0},"f":{"0":0,"1":0,"2":0,"3":0,"4":0,"5":0,"6":0,"7":0,"8":0},"b":{"0":[0,0],"1":[0,0],"2":[0,0]},"_coverageSchema":"332fd63041d2c1bcb487cc26dd0d5f7d97098a6c","hash":"4b5e6ec88476982016895a1f20d1f880bdc88ca9"}
,"C:\\Users\\QAKrisDuff\\Documents\\Github\\Live_BursaryGit\\bursaryproject\\React\\src\\components\\topNavBar.component.js": {"path":"C:\\Users\\QAKrisDuff\\Documents\\Github\\Live_BursaryGit\\bursaryproject\\React\\src\\components\\topNavBar.component.js","statementMap":{"0":{"start":{"line":9,"column":8},"end":{"line":9,"column":21}},"1":{"start":{"line":10,"column":8},"end":{"line":14,"column":9}},"2":{"start":{"line":17,"column":8},"end":{"line":25,"column":9}},"3":{"start":{"line":18,"column":12},"end":{"line":20,"column":14}},"4":{"start":{"line":22,"column":12},"end":{"line":24,"column":14}},"5":{"start":{"line":27,"column":8},"end":{"line":35,"column":9}},"6":{"start":{"line":28,"column":12},"end":{"line":30,"column":14}},"7":{"start":{"line":32,"column":12},"end":{"line":34,"column":14}},"8":{"start":{"line":40,"column":8},"end":{"line":40,"column":31}},"9":{"start":{"line":45,"column":8},"end":{"line":45,"column":74}},"10":{"start":{"line":49,"column":37},"end":{"line":49,"column":47}},"11":{"start":{"line":50,"column":39},"end":{"line":50,"column":49}},"12":{"start":{"line":52,"column":8},"end":{"line":65,"column":10}},"13":{"start":{"line":56,"column":68},"end":{"line":56,"column":97}}},"fnMap":{"0":{"name":"(anonymous_0)","decl":{"start":{"line":8,"column":4},"end":{"line":8,"column":5}},"loc":{"start":{"line":8,"column":23},"end":{"line":15,"column":5}},"line":8},"1":{"name":"(anonymous_1)","decl":{"start":{"line":16,"column":4},"end":{"line":16,"column":5}},"loc":{"start":{"line":16,"column":24},"end":{"line":38,"column":5}},"line":16},"2":{"name":"(anonymous_2)","decl":{"start":{"line":39,"column":4},"end":{"line":39,"column":5}},"loc":{"start":{"line":39,"column":24},"end":{"line":41,"column":5}},"line":39},"3":{"name":"(anonymous_3)","decl":{"start":{"line":44,"column":4},"end":{"line":44,"column":5}},"loc":{"start":{"line":44,"column":27},"end":{"line":46,"column":5}},"line":44},"4":{"name":"(anonymous_4)","decl":{"start":{"line":48,"column":4},"end":{"line":48,"column":5}},"loc":{"start":{"line":48,"column":13},"end":{"line":66,"column":5}},"line":48},"5":{"name":"(anonymous_5)","decl":{"start":{"line":56,"column":60},"end":{"line":56,"column":61}},"loc":{"start":{"line":56,"column":66},"end":{"line":56,"column":99}},"line":56}},"branchMap":{"0":{"loc":{"start":{"line":17,"column":8},"end":{"line":25,"column":9}},"type":"if","locations":[{"start":{"line":17,"column":8},"end":{"line":25,"column":9}},{"start":{"line":17,"column":8},"end":{"line":25,"column":9}}],"line":17},"1":{"loc":{"start":{"line":27,"column":8},"end":{"line":35,"column":9}},"type":"if","locations":[{"start":{"line":27,"column":8},"end":{"line":35,"column":9}},{"start":{"line":27,"column":8},"end":{"line":35,"column":9}}],"line":27},"2":{"loc":{"start":{"line":59,"column":21},"end":{"line":62,"column":28}},"type":"cond-expr","locations":[{"start":{"line":59,"column":42},"end":{"line":61,"column":25}},{"start":{"line":62,"column":26},"end":{"line":62,"column":28}}],"line":59}},"s":{"0":0,"1":0,"2":0,"3":0,"4":0,"5":0,"6":0,"7":0,"8":0,"9":0,"10":0,"11":0,"12":0,"13":0},"f":{"0":0,"1":0,"2":0,"3":0,"4":0,"5":0},"b":{"0":[0,0],"1":[0,0],"2":[0,0]},"_coverageSchema":"332fd63041d2c1bcb487cc26dd0d5f7d97098a6c","hash":"b76315564723784dede330aa31a1c35c803fc9da"}
,"C:\\Users\\QAKrisDuff\\Documents\\Github\\Live_BursaryGit\\bursaryproject\\React\\src\\components\\trainee-details.component.js": {"path":"C:\\Users\\QAKrisDuff\\Documents\\Github\\Live_BursaryGit\\bursaryproject\\React\\src\\components\\trainee-details.component.js","statementMap":{"0":{"start":{"line":13,"column":8},"end":{"line":13,"column":21}},"1":{"start":{"line":14,"column":8},"end":{"line":27,"column":9}},"2":{"start":{"line":28,"column":8},"end":{"line":28,"column":49}},"3":{"start":{"line":32,"column":8},"end":{"line":53,"column":14}},"4":{"start":{"line":34,"column":16},"end":{"line":34,"column":43}},"5":{"start":{"line":35,"column":16},"end":{"line":46,"column":19}},"6":{"start":{"line":47,"column":16},"end":{"line":47,"column":59}},"7":{"start":{"line":48,"column":16},"end":{"line":48,"column":57}},"8":{"start":{"line":52,"column":16},"end":{"line":52,"column":35}},"9":{"start":{"line":58,"column":8},"end":{"line":58,"column":69}},"10":{"start":{"line":63,"column":1},"end":{"line":143,"column":4}},"11":{"start":{"line":64,"column":8},"end":{"line":88,"column":9}},"12":{"start":{"line":89,"column":8},"end":{"line":143,"column":4}},"13":{"start":{"line":90,"column":2},"end":{"line":118,"column":10}},"14":{"start":{"line":119,"column":10},"end":{"line":143,"column":4}},"15":{"start":{"line":120,"column":8},"end":{"line":139,"column":10}},"16":{"start":{"line":141,"column":1},"end":{"line":143,"column":3}}},"fnMap":{"0":{"name":"(anonymous_0)","decl":{"start":{"line":12,"column":4},"end":{"line":12,"column":5}},"loc":{"start":{"line":12,"column":23},"end":{"line":29,"column":5}},"line":12},"1":{"name":"(anonymous_1)","decl":{"start":{"line":31,"column":4},"end":{"line":31,"column":5}},"loc":{"start":{"line":31,"column":24},"end":{"line":54,"column":5}},"line":31},"2":{"name":"(anonymous_2)","decl":{"start":{"line":33,"column":18},"end":{"line":33,"column":19}},"loc":{"start":{"line":33,"column":30},"end":{"line":50,"column":13}},"line":33},"3":{"name":"(anonymous_3)","decl":{"start":{"line":51,"column":19},"end":{"line":51,"column":20}},"loc":{"start":{"line":51,"column":36},"end":{"line":53,"column":13}},"line":51},"4":{"name":"(anonymous_4)","decl":{"start":{"line":56,"column":4},"end":{"line":56,"column":5}},"loc":{"start":{"line":56,"column":16},"end":{"line":59,"column":5}},"line":56},"5":{"name":"(anonymous_5)","decl":{"start":{"line":61,"column":0},"end":{"line":61,"column":1}},"loc":{"start":{"line":61,"column":9},"end":{"line":144,"column":5}},"line":61}},"branchMap":{"0":{"loc":{"start":{"line":63,"column":1},"end":{"line":143,"column":4}},"type":"if","locations":[{"start":{"line":63,"column":1},"end":{"line":143,"column":4}},{"start":{"line":63,"column":1},"end":{"line":143,"column":4}}],"line":63},"1":{"loc":{"start":{"line":89,"column":8},"end":{"line":143,"column":4}},"type":"if","locations":[{"start":{"line":89,"column":8},"end":{"line":143,"column":4}},{"start":{"line":89,"column":8},"end":{"line":143,"column":4}}],"line":89},"2":{"loc":{"start":{"line":89,"column":11},"end":{"line":89,"column":115}},"type":"binary-expr","locations":[{"start":{"line":89,"column":11},"end":{"line":89,"column":74}},{"start":{"line":89,"column":78},"end":{"line":89,"column":115}}],"line":89},"3":{"loc":{"start":{"line":119,"column":10},"end":{"line":143,"column":4}},"type":"if","locations":[{"start":{"line":119,"column":10},"end":{"line":143,"column":4}},{"start":{"line":119,"column":10},"end":{"line":143,"column":4}}],"line":119}},"s":{"0":0,"1":0,"2":0,"3":0,"4":0,"5":0,"6":0,"7":0,"8":0,"9":0,"10":0,"11":0,"12":0,"13":0,"14":0,"15":0,"16":0},"f":{"0":0,"1":0,"2":0,"3":0,"4":0,"5":0},"b":{"0":[0,0],"1":[0,0],"2":[0,0],"3":[0,0]},"_coverageSchema":"332fd63041d2c1bcb487cc26dd0d5f7d97098a6c","hash":"5de8451440640be42b4d1c97e1966040da61682c"}
,"C:\\Users\\QAKrisDuff\\Documents\\Github\\Live_BursaryGit\\bursaryproject\\React\\src\\components\\user-history.component.js": {"path":"C:\\Users\\QAKrisDuff\\Documents\\Github\\Live_BursaryGit\\bursaryproject\\React\\src\\components\\user-history.component.js","statementMap":{"0":{"start":{"line":11,"column":8},"end":{"line":11,"column":21}},"1":{"start":{"line":13,"column":8},"end":{"line":18,"column":5}},"2":{"start":{"line":23,"column":8},"end":{"line":30,"column":14}},"3":{"start":{"line":25,"column":16},"end":{"line":25,"column":55}},"4":{"start":{"line":26,"column":16},"end":{"line":26,"column":46}},"5":{"start":{"line":29,"column":16},"end":{"line":29,"column":35}},"6":{"start":{"line":31,"column":8},"end":{"line":50,"column":14}},"7":{"start":{"line":33,"column":16},"end":{"line":46,"column":17}},"8":{"start":{"line":34,"column":20},"end":{"line":42,"column":27}},"9":{"start":{"line":36,"column":28},"end":{"line":41,"column":29}},"10":{"start":{"line":37,"column":32},"end":{"line":37,"column":89}},"11":{"start":{"line":40,"column":32},"end":{"line":40,"column":108}},"12":{"start":{"line":45,"column":20},"end":{"line":45,"column":85}},"13":{"start":{"line":49,"column":16},"end":{"line":49,"column":35}},"14":{"start":{"line":55,"column":2},"end":{"line":96,"column":9}},"15":{"start":{"line":56,"column":3},"end":{"line":58,"column":4}},"16":{"start":{"line":61,"column":25},"end":{"line":61,"column":42}},"17":{"start":{"line":62,"column":27},"end":{"line":62,"column":46}},"18":{"start":{"line":63,"column":27},"end":{"line":63,"column":46}},"19":{"start":{"line":64,"column":12},"end":{"line":95,"column":13}},"20":{"start":{"line":69,"column":80},"end":{"line":69,"column":109}},"21":{"start":{"line":83,"column":28},"end":{"line":88,"column":30}}},"fnMap":{"0":{"name":"(anonymous_0)","decl":{"start":{"line":10,"column":4},"end":{"line":10,"column":5}},"loc":{"start":{"line":10,"column":23},"end":{"line":20,"column":5}},"line":10},"1":{"name":"(anonymous_1)","decl":{"start":{"line":22,"column":4},"end":{"line":22,"column":5}},"loc":{"start":{"line":22,"column":24},"end":{"line":51,"column":5}},"line":22},"2":{"name":"(anonymous_2)","decl":{"start":{"line":24,"column":18},"end":{"line":24,"column":19}},"loc":{"start":{"line":24,"column":30},"end":{"line":27,"column":13}},"line":24},"3":{"name":"(anonymous_3)","decl":{"start":{"line":28,"column":19},"end":{"line":28,"column":20}},"loc":{"start":{"line":28,"column":35},"end":{"line":30,"column":13}},"line":28},"4":{"name":"(anonymous_4)","decl":{"start":{"line":32,"column":19},"end":{"line":32,"column":20}},"loc":{"start":{"line":32,"column":31},"end":{"line":47,"column":13}},"line":32},"5":{"name":"(anonymous_5)","decl":{"start":{"line":35,"column":31},"end":{"line":35,"column":32}},"loc":{"start":{"line":35,"column":42},"end":{"line":42,"column":26}},"line":35},"6":{"name":"(anonymous_6)","decl":{"start":{"line":48,"column":19},"end":{"line":48,"column":20}},"loc":{"start":{"line":48,"column":35},"end":{"line":50,"column":13}},"line":48},"7":{"name":"(anonymous_7)","decl":{"start":{"line":53,"column":4},"end":{"line":53,"column":5}},"loc":{"start":{"line":53,"column":12},"end":{"line":97,"column":5}},"line":53},"8":{"name":"(anonymous_8)","decl":{"start":{"line":69,"column":72},"end":{"line":69,"column":73}},"loc":{"start":{"line":69,"column":78},"end":{"line":69,"column":111}},"line":69},"9":{"name":"(anonymous_9)","decl":{"start":{"line":82,"column":36},"end":{"line":82,"column":37}},"loc":{"start":{"line":82,"column":46},"end":{"line":89,"column":25}},"line":82}},"branchMap":{"0":{"loc":{"start":{"line":33,"column":16},"end":{"line":46,"column":17}},"type":"if","locations":[{"start":{"line":33,"column":16},"end":{"line":46,"column":17}},{"start":{"line":33,"column":16},"end":{"line":46,"column":17}}],"line":33},"1":{"loc":{"start":{"line":36,"column":28},"end":{"line":41,"column":29}},"type":"if","locations":[{"start":{"line":36,"column":28},"end":{"line":41,"column":29}},{"start":{"line":36,"column":28},"end":{"line":41,"column":29}}],"line":36},"2":{"loc":{"start":{"line":55,"column":2},"end":{"line":96,"column":9}},"type":"if","locations":[{"start":{"line":55,"column":2},"end":{"line":96,"column":9}},{"start":{"line":55,"column":2},"end":{"line":96,"column":9}}],"line":55}},"s":{"0":0,"1":0,"2":0,"3":0,"4":0,"5":0,"6":0,"7":0,"8":0,"9":0,"10":0,"11":0,"12":0,"13":0,"14":0,"15":0,"16":0,"17":0,"18":0,"19":0,"20":0,"21":0},"f":{"0":0,"1":0,"2":0,"3":0,"4":0,"5":0,"6":0,"7":0,"8":0,"9":0},"b":{"0":[0,0],"1":[0,0],"2":[0,0]},"_coverageSchema":"332fd63041d2c1bcb487cc26dd0d5f7d97098a6c","hash":"f93129724f1385c62a81e665b33e7cca6aa16a11"}
,"C:\\Users\\QAKrisDuff\\Documents\\Github\\Live_BursaryGit\\bursaryproject\\React\\src\\components\\modules\\AccessDenied.js": {"path":"C:\\Users\\QAKrisDuff\\Documents\\Github\\Live_BursaryGit\\bursaryproject\\React\\src\\components\\modules\\AccessDenied.js","statementMap":{"0":{"start":{"line":9,"column":1},"end":{"line":14,"column":2}},"1":{"start":{"line":10,"column":3},"end":{"line":10,"column":87}},"2":{"start":{"line":12,"column":1},"end":{"line":12,"column":24}},"3":{"start":{"line":13,"column":1},"end":{"line":13,"column":70}},"4":{"start":{"line":18,"column":8},"end":{"line":21,"column":4}}},"fnMap":{"0":{"name":"(anonymous_0)","decl":{"start":{"line":8,"column":0},"end":{"line":8,"column":1}},"loc":{"start":{"line":8,"column":19},"end":{"line":15,"column":1}},"line":8},"1":{"name":"(anonymous_1)","decl":{"start":{"line":17,"column":0},"end":{"line":17,"column":1}},"loc":{"start":{"line":17,"column":9},"end":{"line":22,"column":2}},"line":17}},"branchMap":{"0":{"loc":{"start":{"line":9,"column":1},"end":{"line":14,"column":2}},"type":"if","locations":[{"start":{"line":9,"column":1},"end":{"line":14,"column":2}},{"start":{"line":9,"column":1},"end":{"line":14,"column":2}}],"line":9}},"s":{"0":0,"1":0,"2":0,"3":0,"4":0},"f":{"0":0,"1":0},"b":{"0":[0,0]},"_coverageSchema":"332fd63041d2c1bcb487cc26dd0d5f7d97098a6c","hash":"1a467a569942d02d4dd2aee41ce10e458d6b2b0d"}
,"C:\\Users\\QAKrisDuff\\Documents\\Github\\Live_BursaryGit\\bursaryproject\\React\\src\\components\\modules\\authService.js": {"path":"C:\\Users\\QAKrisDuff\\Documents\\Github\\Live_BursaryGit\\bursaryproject\\React\\src\\components\\modules\\authService.js","statementMap":{"0":{"start":{"line":5,"column":14},"end":{"line":5,"column":49}},"1":{"start":{"line":6,"column":27},"end":{"line":6,"column":65}},"2":{"start":{"line":8,"column":27},"end":{"line":13,"column":1}},"3":{"start":{"line":12,"column":30},"end":{"line":12,"column":61}},"4":{"start":{"line":16,"column":27},"end":{"line":20,"column":5}},"5":{"start":{"line":22,"column":4},"end":{"line":30,"column":11}},"6":{"start":{"line":26,"column":12},"end":{"line":26,"column":70}},"7":{"start":{"line":27,"column":12},"end":{"line":27,"column":42}},"8":{"start":{"line":29,"column":12},"end":{"line":29,"column":24}},"9":{"start":{"line":35,"column":4},"end":{"line":35,"column":43}},"10":{"start":{"line":36,"column":4},"end":{"line":36,"column":34}}},"fnMap":{"0":{"name":"login","decl":{"start":{"line":15,"column":9},"end":{"line":15,"column":14}},"loc":{"start":{"line":15,"column":32},"end":{"line":31,"column":1}},"line":15},"1":{"name":"(anonymous_1)","decl":{"start":{"line":24,"column":14},"end":{"line":24,"column":15}},"loc":{"start":{"line":24,"column":22},"end":{"line":30,"column":9}},"line":24},"2":{"name":"logout","decl":{"start":{"line":33,"column":9},"end":{"line":33,"column":15}},"loc":{"start":{"line":33,"column":18},"end":{"line":37,"column":1}},"line":33}},"branchMap":{},"s":{"0":1,"1":1,"2":1,"3":5,"4":0,"5":0,"6":0,"7":0,"8":0,"9":0,"10":0},"f":{"0":0,"1":0,"2":0},"b":{},"_coverageSchema":"332fd63041d2c1bcb487cc26dd0d5f7d97098a6c","hash":"b737cf20d3cb5f973d28210577c80884ff80a146"}
,"C:\\Users\\QAKrisDuff\\Documents\\Github\\Live_BursaryGit\\bursaryproject\\React\\src\\components\\modules\\handle-response.js": {"path":"C:\\Users\\QAKrisDuff\\Documents\\Github\\Live_BursaryGit\\bursaryproject\\React\\src\\components\\modules\\handle-response.js","statementMap":{"0":{"start":{"line":4,"column":1},"end":{"line":16,"column":4}},"1":{"start":{"line":5,"column":14},"end":{"line":5,"column":38}},"2":{"start":{"line":6,"column":1},"end":{"line":14,"column":3}},"3":{"start":{"line":7,"column":2},"end":{"line":10,"column":3}},"4":{"start":{"line":8,"column":2},"end":{"line":8,"column":23}},"5":{"start":{"line":9,"column":2},"end":{"line":9,"column":40}},"6":{"start":{"line":12,"column":16},"end":{"line":12,"column":61}},"7":{"start":{"line":13,"column":2},"end":{"line":13,"column":31}},"8":{"start":{"line":15,"column":2},"end":{"line":15,"column":14}}},"fnMap":{"0":{"name":"handleResponse","decl":{"start":{"line":3,"column":16},"end":{"line":3,"column":30}},"loc":{"start":{"line":3,"column":42},"end":{"line":17,"column":1}},"line":3},"1":{"name":"(anonymous_1)","decl":{"start":{"line":4,"column":30},"end":{"line":4,"column":31}},"loc":{"start":{"line":4,"column":38},"end":{"line":16,"column":2}},"line":4}},"branchMap":{"0":{"loc":{"start":{"line":5,"column":14},"end":{"line":5,"column":38}},"type":"binary-expr","locations":[{"start":{"line":5,"column":14},"end":{"line":5,"column":18}},{"start":{"line":5,"column":22},"end":{"line":5,"column":38}}],"line":5},"1":{"loc":{"start":{"line":6,"column":1},"end":{"line":14,"column":3}},"type":"if","locations":[{"start":{"line":6,"column":1},"end":{"line":14,"column":3}},{"start":{"line":6,"column":1},"end":{"line":14,"column":3}}],"line":6},"2":{"loc":{"start":{"line":7,"column":2},"end":{"line":10,"column":3}},"type":"if","locations":[{"start":{"line":7,"column":2},"end":{"line":10,"column":3}},{"start":{"line":7,"column":2},"end":{"line":10,"column":3}}],"line":7},"3":{"loc":{"start":{"line":12,"column":16},"end":{"line":12,"column":61}},"type":"binary-expr","locations":[{"start":{"line":12,"column":17},"end":{"line":12,"column":21}},{"start":{"line":12,"column":25},"end":{"line":12,"column":37}},{"start":{"line":12,"column":42},"end":{"line":12,"column":61}}],"line":12}},"s":{"0":0,"1":0,"2":0,"3":0,"4":0,"5":0,"6":0,"7":0,"8":0},"f":{"0":0,"1":0},"b":{"0":[0,0],"1":[0,0],"2":[0,0],"3":[0,0,0]},"_coverageSchema":"332fd63041d2c1bcb487cc26dd0d5f7d97098a6c","hash":"b99175af1174b1a6aaa13ea2c782df6ad307b637"}
,"C:\\Users\\QAKrisDuff\\Documents\\Github\\Live_BursaryGit\\bursaryproject\\React\\src\\secrets\\secrets.js": {"path":"C:\\Users\\QAKrisDuff\\Documents\\Github\\Live_BursaryGit\\bursaryproject\\React\\src\\secrets\\secrets.js","statementMap":{"0":{"start":{"line":3,"column":14},"end":{"line":5,"column":3}}},"fnMap":{},"branchMap":{},"s":{"0":1},"f":{},"b":{},"_coverageSchema":"332fd63041d2c1bcb487cc26dd0d5f7d97098a6c","hash":"66a7ecff13a4c2be971839466b56de94f2bb9cad"}
}
