TN:
SF:C:\Users\QAKrisDuff\Documents\Github\bursaryproject\React\src\App.js
FN:15,(anonymous_0)
FNF:1
FNH:1
FNDA:2,(anonymous_0)
DA:16,2
LF:1
LH:1
BRF:0
BRH:0
end_of_record
TN:
SF:C:\Users\QAKrisDuff\Documents\Github\bursaryproject\React\src\Nav.js
FN:14,(anonymous_0)
FN:22,(anonymous_1)
FN:27,(anonymous_2)
FNF:3
FNH:2
FNDA:3,(anonymous_0)
FNDA:0,(anonymous_1)
FNDA:3,(anonymous_2)
DA:15,3
DA:17,3
DA:18,3
DA:23,0
DA:28,3
LF:5
LH:4
BRF:0
BRH:0
end_of_record
TN:
SF:C:\Users\QAKrisDuff\Documents\Github\bursaryproject\React\src\components\change-password-trainee.component.js
FN:8,(anonymous_0)
FN:21,(anonymous_1)
FN:23,(anonymous_2)
FN:31,(anonymous_3)
FN:36,(anonymous_4)
FN:42,(anonymous_5)
FN:48,(anonymous_6)
FN:60,(anonymous_7)
FN:65,(anonymous_8)
FNF:9
FNH:3
FNDA:1,(anonymous_0)
FNDA:1,(anonymous_1)
FNDA:0,(anonymous_2)
FNDA:0,(anonymous_3)
FNDA:0,(anonymous_4)
FNDA:0,(anonymous_5)
FNDA:0,(anonymous_6)
FNDA:0,(anonymous_7)
FNDA:1,(anonymous_8)
DA:9,1
DA:11,1
DA:12,1
DA:13,1
DA:15,1
DA:22,1
DA:24,0
DA:25,0
DA:26,0
DA:32,0
DA:37,0
DA:43,0
DA:49,0
DA:50,0
DA:51,0
DA:52,0
DA:54,0
DA:55,0
DA:58,0
DA:59,0
DA:60,0
DA:62,0
DA:66,1
LF:23
LH:7
BRDA:51,0,0,0
BRDA:51,0,1,0
BRF:2
BRH:0
end_of_record
TN:
SF:C:\Users\QAKrisDuff\Documents\Github\bursaryproject\React\src\components\create-trainee.component.js
FN:8,(anonymous_0)
FN:25,(anonymous_1)
FN:31,(anonymous_2)
FN:38,(anonymous_3)
FN:44,(anonymous_4)
FN:50,(anonymous_5)
FN:73,(anonymous_6)
FN:88,(anonymous_7)
FNF:8
FNH:2
FNDA:1,(anonymous_0)
FNDA:0,(anonymous_1)
FNDA:0,(anonymous_2)
FNDA:0,(anonymous_3)
FNDA:0,(anonymous_4)
FNDA:0,(anonymous_5)
FNDA:0,(anonymous_6)
FNDA:1,(anonymous_7)
DA:9,1
DA:11,1
DA:12,1
DA:13,1
DA:14,1
DA:15,1
DA:17,1
DA:26,0
DA:32,0
DA:39,0
DA:45,0
DA:51,0
DA:53,0
DA:54,0
DA:55,0
DA:56,0
DA:58,0
DA:59,0
DA:60,0
DA:61,0
DA:63,0
DA:70,0
DA:72,0
DA:73,0
DA:78,0
DA:85,0
DA:89,1
LF:27
LH:8
BRF:0
BRH:0
end_of_record
TN:
SF:C:\Users\QAKrisDuff\Documents\Github\bursaryproject\React\src\components\edit-trainee.component.js
FN:8,(anonymous_0)
FN:27,(anonymous_1)
FN:29,(anonymous_2)
FN:49,(anonymous_3)
FN:54,(anonymous_4)
FN:60,(anonymous_5)
FN:66,(anonymous_6)
FN:72,(anonymous_7)
FN:78,(anonymous_8)
FN:84,(anonymous_9)
FN:100,(anonymous_10)
FN:105,(anonymous_11)
FNF:12
FNH:3
FNDA:1,(anonymous_0)
FNDA:1,(anonymous_1)
FNDA:0,(anonymous_2)
FNDA:0,(anonymous_3)
FNDA:0,(anonymous_4)
FNDA:0,(anonymous_5)
FNDA:0,(anonymous_6)
FNDA:0,(anonymous_7)
FNDA:0,(anonymous_8)
FNDA:0,(anonymous_9)
FNDA:0,(anonymous_10)
FNDA:1,(anonymous_11)
DA:9,1
DA:11,1
DA:12,1
DA:13,1
DA:14,1
DA:15,1
DA:16,1
DA:18,1
DA:28,1
DA:30,0
DA:31,0
DA:32,0
DA:34,0
DA:35,0
DA:36,0
DA:37,0
DA:43,0
DA:50,0
DA:55,0
DA:61,0
DA:67,0
DA:73,0
DA:79,0
DA:85,0
DA:86,0
DA:87,0
DA:88,0
DA:89,0
DA:90,0
DA:91,0
DA:98,0
DA:99,0
DA:100,0
DA:102,0
DA:106,1
LF:35
LH:10
BRDA:34,0,0,0
BRDA:34,0,1,0
BRDA:34,1,0,0
BRDA:34,1,1,0
BRF:4
BRH:0
end_of_record
TN:
SF:C:\Users\QAKrisDuff\Documents\Github\bursaryproject\React\src\components\list-trainee.component.js
FN:7,(anonymous_0)
FN:17,(anonymous_1)
FN:23,(anonymous_2)
FN:25,(anonymous_3)
FN:28,(anonymous_4)
FN:33,(anonymous_5)
FN:34,(anonymous_6)
FN:47,(anonymous_7)
FNF:8
FNH:4
FNDA:0,(anonymous_0)
FNDA:2,(anonymous_1)
FNDA:2,(anonymous_2)
FNDA:0,(anonymous_3)
FNDA:0,(anonymous_4)
FNDA:2,(anonymous_5)
FNDA:0,(anonymous_6)
FNDA:2,(anonymous_7)
DA:7,3
DA:8,0
DA:18,2
DA:20,2
DA:24,2
DA:26,0
DA:29,0
DA:34,2
DA:35,0
DA:36,0
DA:37,0
DA:38,0
DA:39,0
DA:40,0
DA:41,0
DA:42,0
DA:48,2
LF:17
LH:6
BRF:0
BRH:0
end_of_record
TN:
SF:C:\Users\QAKrisDuff\Documents\Github\bursaryproject\React\src\components\login.component.js
FN:10,(anonymous_0)
FN:18,(anonymous_1)
FN:24,(anonymous_2)
FN:30,(anonymous_3)
FN:32,(anonymous_4)
FN:32,(anonymous_5)
FN:43,(anonymous_6)
FN:54,(anonymous_7)
FN:61,(anonymous_8)
FNF:9
FNH:4
FNDA:3,(anonymous_0)
FNDA:0,(anonymous_1)
FNDA:0,(anonymous_2)
FNDA:1,(anonymous_3)
FNDA:1,(anonymous_4)
FNDA:0,(anonymous_5)
FNDA:0,(anonymous_6)
FNDA:0,(anonymous_7)
FNDA:3,(anonymous_8)
DA:11,3
DA:12,3
DA:19,0
DA:25,0
DA:31,1
DA:32,1
DA:34,1
DA:35,1
DA:36,1
DA:37,1
DA:38,1
DA:42,1
DA:44,0
DA:45,0
DA:46,0
DA:47,0
DA:48,0
DA:51,0
DA:55,0
DA:56,0
DA:62,3
LF:21
LH:11
BRDA:46,0,0,0
BRDA:46,0,1,0
BRF:2
BRH:0
end_of_record
TN:
SF:C:\Users\QAKrisDuff\Documents\Github\bursaryproject\React\src\components\trainee-details.component.js
FN:8,(anonymous_0)
FN:23,(anonymous_1)
FN:25,(anonymous_2)
FN:46,(anonymous_3)
FN:51,(anonymous_4)
FN:66,(anonymous_5)
FNF:6
FNH:3
FNDA:1,(anonymous_0)
FNDA:1,(anonymous_1)
FNDA:0,(anonymous_2)
FNDA:0,(anonymous_3)
FNDA:0,(anonymous_4)
FNDA:1,(anonymous_5)
DA:9,1
DA:11,1
DA:20,1
DA:24,1
DA:26,0
DA:27,0
DA:28,0
DA:29,0
DA:30,0
DA:31,0
DA:36,0
DA:37,0
DA:38,0
DA:39,0
DA:47,0
DA:53,0
DA:62,0
DA:63,0
DA:67,1
LF:19
LH:5
BRDA:28,0,0,0
BRDA:28,0,1,0
BRDA:28,1,0,0
BRDA:28,1,1,0
BRF:4
BRH:0
end_of_record
TN:
SF:C:\Users\QAKrisDuff\Documents\Github\bursaryproject\React\src\secrets\secrets.js
FNF:0
FNH:0
DA:3,8
LF:1
LH:1
BRF:0
BRH:0
end_of_record
